<?xml version="1.0" encoding="UTF-8"?>
<testsuite xmlns:xsi="http://www.w3.org/2001/XMLSchema-instance" xsi:noNamespaceSchemaLocation="https://maven.apache.org/surefire/maven-failsafe-plugin/xsd/failsafe-test-report-3.0.xsd" version="3.0" name="runner.Runner" time="115.626" tests="2" errors="1" skipped="0" failures="1">
  <properties>
[...]
</properties>
  <testcase name="Change language from English to French" classname="Language change in SMT application" time="12.024"/>
  <testcase name="Change language from French to French" classname="Language change in SMT application" time="10.204"/>
  <testcase name="Change language from French to English" classname="Language change in SMT application" time="7.346"/>
  <testcase name="Change language from English to French and verify sign in Page in french" classname="Language change in SMT application" time="9.284"/>
  <testcase name="Login to the application with valid credentials" classname="Login to SMT application" time="18.134"/>
  <testcase name="Login to the application with invalid credentials" classname="Login to SMT application" time="20.204"/>
  <testcase name="Verify user is able to create new SD Admin role user" classname="Creation of user in SMT application" time="38.623"/>
  <testcase name="Verify user is able to add arrival line and arrival receipt type data and finalize it" classname="Arrivals tab in SMT application for Store Operator user" time="49.718"/>
  <testcase name="Verify user is able to update arrival line and arrival receipt type data before finalizing" classname="Arrivals tab in SMT application for Store Operator user" time="73.061">
    <flakyError type="org.openqa.selenium.ElementClickInterceptedException">
      <stackTrace><![CDATA[org.openqa.selenium.ElementClickInterceptedException: 
element click intercepted: Element <input aria-invalid="false" name="totalCost" type="text" maxlength="8" class="MuiInputBase-input MuiInput-input" value=""> is not clickable at point (1136, 473). Other element would receive the click: <div aria-hidden="true" style="z-index: -1; position: fixed; inset: 0px; background-color: transparent; -webkit-tap-highlight-color: transparent;"></div>
  (Session info: chrome=109.0.5414.75)
Build info: version: '4.6.0', revision: '79f1c02ae20'
System info: os.name: 'Windows 11', os.arch: 'amd64', os.version: '10.0', java.version: '1.8.0_341'
Driver info: org.openqa.selenium.chrome.ChromeDriver
Command: [4a3589023108c60aa4d8e1549b91ed21, clickElement {id=97b3983b-4a05-48b0-823f-c59bb325ffed}]
Capabilities {acceptInsecureCerts: false, browserName: chrome, browserVersion: 109.0.5414.75, chrome: {chromedriverVersion: 109.0.5414.74 (e7c5703604da..., userDataDir: C:\Users\SANDEE~1.PHA\AppDa...}, goog:chromeOptions: {debuggerAddress: localhost:53969}, networkConnectionEnabled: false, pageLoadStrategy: normal, platformName: WINDOWS, proxy: Proxy(), se:cdp: ws://localhost:53969/devtoo..., se:cdpVersion: 109.0.5414.75, setWindowRect: true, strictFileInteractability: false, timeouts: {implicit: 0, pageLoad: 300000, script: 30000}, unhandledPromptBehavior: dismiss and notify, webauthn:extension:credBlob: true, webauthn:extension:largeBlob: true, webauthn:virtualAuthenticators: true}
Element: [[ChromeDriver: chrome on WINDOWS (4a3589023108c60aa4d8e1549b91ed21)] -> xpath: //input[@name='totalCost']]
Session ID: 4a3589023108c60aa4d8e1549b91ed21
]]></stackTrace>
      <system-out><![CDATA[
Scenario Outline: Verify user is able to update arrival line and arrival receipt type data before finalizing &amp#27;[90m# src/test/resources/features/StoreOperator/Arrivals.feature:128&amp#27;[0m
10:26:34.312 [main] INFO  i.c.core.plugin.SerenityReporter - Running feature from file:///C:/Users/Sandeepkumar.Phalke/eclipse-workspace/UNICEF_SerenityBDD_Automation_Framework/src/test/resources/features/StoreOperator/Arrivals.feature
10:26:34.321 [main] INFO   - 
  _____   ___   ___   _____     ___   _____     _     ___   _____   ___   ___  
 |_   _| | __| / __| |_   _|   / __| |_   _|   /_\   | _ \ |_   _| | __| |   \ 
   | |   | _|  \__ \   | |     \__ \   | |    / _ \  |   /   | |   | _|  | |) |
   |_|   |___| |___/   |_|     |___/   |_|   /_/ \_\ |_|_\   |_|   |___| |___/ 

Verify user is able to update arrival line and arrival receipt type data before finalizing(arrivals-tab-in-smt-application-for-store-operator-user;verify-user-is-able-to-update-arrival-line-and-arrival-receipt-type-data-before-finalizing)
--------------------------------------------------------------------------------
10:26:34.586 [main] INFO  n.s.c.w.d.ChromeDriverProvider - Starting Chrome driver instance with capabilities:
10:26:34.587 [main] INFO  n.s.c.w.d.ChromeDriverProvider - Capabilities {acceptInsecureCerts: false, browserName: chrome, goog:chromeOptions: {args: [test-type, no-sandbox, ignore-certificate-errors, --window-size=1000,800, incognito, disable-infobars, disable-gpu, disable-default-apps, disable-popup-blocking], extensions: []}}
  &amp#27;[32mGiven &amp#27;[0m&amp#27;[32mUser is on home page of SMT application&amp#27;[0m                                                              &amp#27;[90m# stepdefinitions.CommonDefinitions.user_is_on_home_page_of_smt_application()&amp#27;[0m
  &amp#27;[32mAnd &amp#27;[0m&amp#27;[32mUser is able to see login button on home page&amp#27;[0m                                                          &amp#27;[90m# stepdefinitions.HomeDefinitions.user_is_able_to_see_login_button_on_home_page()&amp#27;[0m
  &amp#27;[32mWhen &amp#27;[0m&amp#27;[32mUser click on login button&amp#27;[0m                                                                            &amp#27;[90m# stepdefinitions.HomeDefinitions.user_click_on_login_button()&amp#27;[0m
  &amp#27;[32mAnd &amp#27;[0m&amp#27;[32mUser click on Proceed To Login button in &amp#27;[0m&amp#27;[32m&amp#27;[1m"English"&amp#27;[0m                                                     &amp#27;[90m# stepdefinitions.HomeDefinitions.user_click_on_proceed_to_login_button_in(java.lang.String)&amp#27;[0m
  &amp#27;[32mThen &amp#27;[0m&amp#27;[32mUser login as &amp#27;[0m&amp#27;[32m&amp#27;[1m"Store Operator"&amp#27;[0m                                                                        &amp#27;[90m# stepdefinitions.CommonDefinitions.user_login_as(java.lang.String)&amp#27;[0m
  &amp#27;[32mAnd &amp#27;[0m&amp#27;[32mUser click on &amp#27;[0m&amp#27;[32m&amp#27;[1m"Apply"&amp#27;[0m&amp#27;[32m button&amp#27;[0m                                                                           &amp#27;[90m# stepdefinitions.CommonDefinitions.user_click_on_button(java.lang.String)&amp#27;[0m
  &amp#27;[32mAnd &amp#27;[0m&amp#27;[32mUser click on &amp#27;[0m&amp#27;[32m&amp#27;[1m"Arrivals"&amp#27;[0m&amp#27;[32m tab&amp#27;[0m                                                                           &amp#27;[90m# stepdefinitions.CommonDefinitions.user_click_on_tab(java.lang.String)&amp#27;[0m
  &amp#27;[32mAnd &amp#27;[0m&amp#27;[32mUser wait for &amp#27;[0m&amp#27;[32m&amp#27;[1m"2"&amp#27;[0m&amp#27;[32m seconds&amp#27;[0m                                                                              &amp#27;[90m# stepdefinitions.CommonDefinitions.user_wait_for_seconds(java.lang.String)&amp#27;[0m
  &amp#27;[32mGiven &amp#27;[0m&amp#27;[32mUser click on &amp#27;[0m&amp#27;[32m&amp#27;[1m"Log New Arrival"&amp#27;[0m&amp#27;[32m button&amp#27;[0m                                                               &amp#27;[90m# stepdefinitions.CommonDefinitions.user_click_on_button(java.lang.String)&amp#27;[0m
  &amp#27;[32mThen &amp#27;[0m&amp#27;[32m&amp#27;[0m&amp#27;[32m&amp#27;[1m"Stock Arrival"&amp#27;[0m&amp#27;[32m text is visible&amp#27;[0m                                                                       &amp#27;[90m# stepdefinitions.CommonDefinitions.text_is_visible(java.lang.String)&amp#27;[0m
  &amp#27;[32mAnd &amp#27;[0m&amp#27;[32mUser select &amp#27;[0m&amp#27;[32m&amp#27;[1m"Arrival"&amp#27;[0m&amp#27;[32m from &amp#27;[0m&amp#27;[32m&amp#27;[1m"Receipt Type"&amp#27;[0m&amp#27;[32m in &amp#27;[0m&amp#27;[32m&amp#27;[1m"Arrivals"&amp#27;[0m&amp#27;[32m tab&amp#27;[0m                                            &amp#27;[90m# stepdefinitions.CommonDefinitions.user_select_from_in_tab(java.lang.String,java.lang.String,java.lang.String)&amp#27;[0m
  &amp#27;[32mAnd &amp#27;[0m&amp#27;[32mUser enter random text in &amp#27;[0m&amp#27;[32m&amp#27;[1m"smtNumber"&amp#27;[0m                                                                  &amp#27;[90m# stepdefinitions.CommonDefinitions.user_enter_random_text_in(java.lang.String)&amp#27;[0m
  &amp#27;[32mAnd &amp#27;[0m&amp#27;[32mUser enter random number in &amp#27;[0m&amp#27;[32m&amp#27;[1m"shippingReferance"&amp#27;[0m                                                        &amp#27;[90m# stepdefinitions.CommonDefinitions.user_enter_random_number_in(java.lang.String)&amp#27;[0m
  &amp#27;[32mAnd &amp#27;[0m&amp#27;[32mUser enter random text in &amp#27;[0m&amp#27;[32m&amp#27;[1m"fundingSource"&amp#27;[0m                                                              &amp#27;[90m# stepdefinitions.CommonDefinitions.user_enter_random_text_in(java.lang.String)&amp#27;[0m
  &amp#27;[32mAnd &amp#27;[0m&amp#27;[32mUser select &amp#27;[0m&amp#27;[32m&amp#27;[1m"AUD"&amp#27;[0m&amp#27;[32m from &amp#27;[0m&amp#27;[32m&amp#27;[1m"Currency"&amp#27;[0m&amp#27;[32m in &amp#27;[0m&amp#27;[32m&amp#27;[1m"Arrivals"&amp#27;[0m&amp#27;[32m tab&amp#27;[0m                                                    &amp#27;[90m# stepdefinitions.CommonDefinitions.user_select_from_in_tab(java.lang.String,java.lang.String,java.lang.String)&amp#27;[0m
  &amp#27;[32mAnd &amp#27;[0m&amp#27;[32mUser enter random number in &amp#27;[0m&amp#27;[32m&amp#27;[1m"freightCost"&amp#27;[0m                                                              &amp#27;[90m# stepdefinitions.CommonDefinitions.user_enter_random_number_in(java.lang.String)&amp#27;[0m
  &amp#27;[32mWhen &amp#27;[0m&amp#27;[32mUser click on &amp#27;[0m&amp#27;[32m&amp#27;[1m"Add Line to Arrival"&amp#27;[0m&amp#27;[32m button&amp#27;[0m                                                            &amp#27;[90m# stepdefinitions.CommonDefinitions.user_click_on_button(java.lang.String)&amp#27;[0m
  &amp#27;[32mThen &amp#27;[0m&amp#27;[32m&amp#27;[0m&amp#27;[32m&amp#27;[1m"Add Product to Arrival"&amp#27;[0m&amp#27;[32m heading is visible&amp#27;[0m                                                           &amp#27;[90m# stepdefinitions.CommonDefinitions.heading_is_visible(java.lang.String)&amp#27;[0m
  &amp#27;[32mAnd &amp#27;[0m&amp#27;[32mUser select &amp#27;[0m&amp#27;[32m&amp#27;[1m"Vaccine"&amp#27;[0m&amp#27;[32m from &amp#27;[0m&amp#27;[32m&amp#27;[1m"Product Type"&amp#27;[0m&amp#27;[32m in &amp#27;[0m&amp#27;[32m&amp#27;[1m"Arrivals"&amp#27;[0m&amp#27;[32m tab&amp#27;[0m                                            &amp#27;[90m# stepdefinitions.CommonDefinitions.user_select_from_in_tab(java.lang.String,java.lang.String,java.lang.String)&amp#27;[0m
  &amp#27;[32mAnd &amp#27;[0m&amp#27;[32mUser select &amp#27;[0m&amp#27;[32m&amp#27;[1m"bOPV"&amp#27;[0m&amp#27;[32m from &amp#27;[0m&amp#27;[32m&amp#27;[1m"Product"&amp#27;[0m&amp#27;[32m in &amp#27;[0m&amp#27;[32m&amp#27;[1m"Arrivals"&amp#27;[0m&amp#27;[32m tab&amp#27;[0m                                                    &amp#27;[90m# stepdefinitions.CommonDefinitions.user_select_from_in_tab(java.lang.String,java.lang.String,java.lang.String)&amp#27;[0m
  &amp#27;[32mAnd &amp#27;[0m&amp#27;[32mUser enter random text in &amp#27;[0m&amp#27;[32m&amp#27;[1m"batchNo"&amp#27;[0m                                                                    &amp#27;[90m# stepdefinitions.CommonDefinitions.user_enter_random_text_in(java.lang.String)&amp#27;[0m
  &amp#27;[32mAnd &amp#27;[0m&amp#27;[32mUser select &amp#27;[0m&amp#27;[32m&amp#27;[1m"PT ONEJECT INDONESIA"&amp#27;[0m&amp#27;[32m from &amp#27;[0m&amp#27;[32m&amp#27;[1m"Producer"&amp#27;[0m&amp#27;[32m in &amp#27;[0m&amp#27;[32m&amp#27;[1m"Arrivals"&amp#27;[0m&amp#27;[32m tab&amp#27;[0m                                   &amp#27;[90m# stepdefinitions.CommonDefinitions.user_select_from_in_tab(java.lang.String,java.lang.String,java.lang.String)&amp#27;[0m
  &amp#27;[32mAnd &amp#27;[0m&amp#27;[32mUser select &amp#27;[0m&amp#27;[32m&amp#27;[1m"BIOPOLIO B1/3"&amp#27;[0m&amp#27;[32m from &amp#27;[0m&amp#27;[32m&amp#27;[1m"Commercial Name"&amp#27;[0m&amp#27;[32m in &amp#27;[0m&amp#27;[32m&amp#27;[1m"Arrivals"&amp#27;[0m&amp#27;[32m tab&amp#27;[0m                                   &amp#27;[90m# stepdefinitions.CommonDefinitions.user_select_from_in_tab(java.lang.String,java.lang.String,java.lang.String)&amp#27;[0m
  &amp#27;[32mAnd &amp#27;[0m&amp#27;[32mUser select &amp#27;[0m&amp#27;[32m&amp#27;[1m"Liquid: ready to use"&amp#27;[0m&amp#27;[32m from &amp#27;[0m&amp#27;[32m&amp#27;[1m"Formulation"&amp#27;[0m&amp#27;[32m in &amp#27;[0m&amp#27;[32m&amp#27;[1m"Arrivals"&amp#27;[0m&amp#27;[32m tab&amp#27;[0m                                &amp#27;[90m# stepdefinitions.CommonDefinitions.user_select_from_in_tab(java.lang.String,java.lang.String,java.lang.String)&amp#27;[0m
  &amp#27;[32mAnd &amp#27;[0m&amp#27;[32mUser select &amp#27;[0m&amp#27;[32m&amp#27;[1m"10"&amp#27;[0m&amp#27;[32m from &amp#27;[0m&amp#27;[32m&amp#27;[1m"Presentation"&amp#27;[0m&amp#27;[32m in &amp#27;[0m&amp#27;[32m&amp#27;[1m"Arrivals"&amp#27;[0m&amp#27;[32m tab&amp#27;[0m                                                 &amp#27;[90m# stepdefinitions.CommonDefinitions.user_select_from_in_tab(java.lang.String,java.lang.String,java.lang.String)&amp#27;[0m
  &amp#27;[32mAnd &amp#27;[0m&amp#27;[32mUser select &amp#27;[0m&amp#27;[32m&amp#27;[1m"1.Initial stage"&amp#27;[0m&amp#27;[32m from &amp#27;[0m&amp#27;[32m&amp#27;[1m"VVM Stage"&amp#27;[0m&amp#27;[32m in &amp#27;[0m&amp#27;[32m&amp#27;[1m"Arrivals"&amp#27;[0m&amp#27;[32m tab&amp#27;[0m                                       &amp#27;[90m# stepdefinitions.CommonDefinitions.user_select_from_in_tab(java.lang.String,java.lang.String,java.lang.String)&amp#27;[0m
  &amp#27;[32mAnd &amp#27;[0m&amp#27;[32mUser enter &amp#27;[0m&amp#27;[32m&amp#27;[1m"20"&amp#27;[0m&amp#27;[32m in &amp#27;[0m&amp#27;[32m&amp#27;[1m"units"&amp#27;[0m                                                                             &amp#27;[90m# stepdefinitions.CommonDefinitions.user_enter_in(java.lang.String,java.lang.String)&amp#27;[0m
  &amp#27;[32mAnd &amp#27;[0m&amp#27;[32mUser select &amp#27;[0m&amp#27;[32m&amp#27;[1m"Routine"&amp#27;[0m&amp#27;[32m from &amp#27;[0m&amp#27;[32m&amp#27;[1m"Routine or SIA"&amp#27;[0m&amp#27;[32m in &amp#27;[0m&amp#27;[32m&amp#27;[1m"Arrivals"&amp#27;[0m&amp#27;[32m tab&amp#27;[0m                                          &amp#27;[90m# stepdefinitions.CommonDefinitions.user_select_from_in_tab(java.lang.String,java.lang.String,java.lang.String)&amp#27;[0m
  &amp#27;[32mAnd &amp#27;[0m&amp#27;[32mUser select &amp#27;[0m&amp#27;[32m&amp#27;[1m"Indonesia"&amp#27;[0m&amp#27;[32m from &amp#27;[0m&amp#27;[32m&amp#27;[1m"Origin"&amp#27;[0m&amp#27;[32m in &amp#27;[0m&amp#27;[32m&amp#27;[1m"Arrivals"&amp#27;[0m&amp#27;[32m tab&amp#27;[0m                                                &amp#27;[90m# stepdefinitions.CommonDefinitions.user_select_from_in_tab(java.lang.String,java.lang.String,java.lang.String)&amp#27;[0m
  &amp#27;[32mAnd &amp#27;[0m&amp#27;[32mUser select &amp#27;[0m&amp#27;[32m&amp#27;[1m"Alarm"&amp#27;[0m&amp#27;[32m from &amp#27;[0m&amp#27;[32m&amp#27;[1m"Shipping/Freeze Indicator"&amp#27;[0m&amp#27;[32m in &amp#27;[0m&amp#27;[32m&amp#27;[1m"Arrivals"&amp#27;[0m&amp#27;[32m tab&amp#27;[0m                                 &amp#27;[90m# stepdefinitions.CommonDefinitions.user_select_from_in_tab(java.lang.String,java.lang.String,java.lang.String)&amp#27;[0m
  &amp#27;[32mAnd &amp#27;[0m&amp#27;[32mUser enter &amp#27;[0m&amp#27;[32m&amp#27;[1m"20"&amp#27;[0m&amp#27;[32m in &amp#27;[0m&amp#27;[32m&amp#27;[1m"noOfVials"&amp#27;[0m                                                                         &amp#27;[90m# stepdefinitions.CommonDefinitions.user_enter_in(java.lang.String,java.lang.String)&amp#27;[0m
  &amp#27;[32mAnd &amp#27;[0m&amp#27;[32mUser enter &amp#27;[0m&amp#27;[32m&amp#27;[1m"20"&amp#27;[0m&amp#27;[32m in &amp#27;[0m&amp#27;[32m&amp#27;[1m"totalVolume"&amp#27;[0m                                                                       &amp#27;[90m# stepdefinitions.CommonDefinitions.user_enter_in(java.lang.String,java.lang.String)&amp#27;[0m
  &amp#27;[32mAnd &amp#27;[0m&amp#27;[32mUser select &amp#27;[0m&amp#27;[32m&amp#27;[1m"Ambient_2022"&amp#27;[0m&amp#27;[32m from &amp#27;[0m&amp#27;[32m&amp#27;[1m"Storage Location"&amp#27;[0m&amp#27;[32m in &amp#27;[0m&amp#27;[32m&amp#27;[1m"Arrivals"&amp#27;[0m&amp#27;[32m tab&amp#27;[0m                                   &amp#27;[90m# stepdefinitions.CommonDefinitions.user_select_from_in_tab(java.lang.String,java.lang.String,java.lang.String)&amp#27;[0m
  &amp#27;[31mAnd &amp#27;[0m&amp#27;[31mUser enter &amp#27;[0m&amp#27;[31m&amp#27;[1m"1000"&amp#27;[0m&amp#27;[31m in &amp#27;[0m&amp#27;[31m&amp#27;[1m"totalCost"&amp#27;[0m                                                                       &amp#27;[90m# stepdefinitions.CommonDefinitions.user_enter_in(java.lang.String,java.lang.String)&amp#27;[0m
      &amp#27;[31morg.openqa.selenium.ElementClickInterceptedException: element click intercepted: Element <input aria-invalid="false" name="totalCost" type="text" maxlength="8" class="MuiInputBase-input MuiInput-input" value=""> is not clickable at point (1136, 473). Other element would receive the click: <div aria-hidden="true" style="z-index: -1; position: fixed; inset: 0px; background-color: transparent; -webkit-tap-highlight-color: transparent;"></div>
  (Session info: chrome=109.0.5414.75)
Build info: version: '4.6.0', revision: '79f1c02ae20'
System info: os.name: 'Windows 11', os.arch: 'amd64', os.version: '10.0', java.version: '1.8.0_341'
Driver info: org.openqa.selenium.chrome.ChromeDriver
Command: [4a3589023108c60aa4d8e1549b91ed21, clickElement {id=97b3983b-4a05-48b0-823f-c59bb325ffed}]
Capabilities {acceptInsecureCerts: false, browserName: chrome, browserVersion: 109.0.5414.75, chrome: {chromedriverVersion: 109.0.5414.74 (e7c5703604da..., userDataDir: C:\Users\SANDEE~1.PHA\AppDa...}, goog:chromeOptions: {debuggerAddress: localhost:53969}, networkConnectionEnabled: false, pageLoadStrategy: normal, platformName: WINDOWS, proxy: Proxy(), se:cdp: ws://localhost:53969/devtoo..., se:cdpVersion: 109.0.5414.75, setWindowRect: true, strictFileInteractability: false, timeouts: {implicit: 0, pageLoad: 300000, script: 30000}, unhandledPromptBehavior: dismiss and notify, webauthn:extension:credBlob: true, webauthn:extension:largeBlob: true, webauthn:virtualAuthenticators: true}
Element: [[ChromeDriver: chrome on WINDOWS (4a3589023108c60aa4d8e1549b91ed21)] -> xpath: //input[@name='totalCost']]
Session ID: 4a3589023108c60aa4d8e1549b91ed21
	at sun.reflect.GeneratedConstructorAccessor28.newInstance(Unknown Source)
	at sun.reflect.DelegatingConstructorAccessorImpl.newInstance(DelegatingConstructorAccessorImpl.java:45)
	at java.lang.reflect.Constructor.newInstance(Constructor.java:423)
	at org.openqa.selenium.remote.codec.w3c.W3CHttpResponseCodec.createException(W3CHttpResponseCodec.java:200)
	at org.openqa.selenium.remote.codec.w3c.W3CHttpResponseCodec.decode(W3CHttpResponseCodec.java:133)
	at org.openqa.selenium.remote.codec.w3c.W3CHttpResponseCodec.decode(W3CHttpResponseCodec.java:53)
	at org.openqa.selenium.remote.HttpCommandExecutor.execute(HttpCommandExecutor.java:184)
	at org.openqa.selenium.remote.service.DriverCommandExecutor.invokeExecute(DriverCommandExecutor.java:167)
	at org.openqa.selenium.remote.service.DriverCommandExecutor.execute(DriverCommandExecutor.java:142)
	at org.openqa.selenium.remote.RemoteWebDriver.execute(RemoteWebDriver.java:541)
	at org.openqa.selenium.remote.RemoteWebElement.execute(RemoteWebElement.java:257)
	at org.openqa.selenium.remote.RemoteWebElement.click(RemoteWebElement.java:78)
	at net.serenitybdd.core.pages.WebElementFacadeImpl.lambda$click$6(WebElementFacadeImpl.java:1213)
	at net.serenitybdd.core.pages.WithRetries.perform(WithRetries.java:22)
	at net.serenitybdd.core.pages.WithRetries.perform(WithRetries.java:27)
	at net.serenitybdd.core.pages.WithRetries.perform(WithRetries.java:27)
	at net.serenitybdd.core.pages.WithRetries.perform(WithRetries.java:27)
	at net.serenitybdd.core.pages.WithRetries.perform(WithRetries.java:27)
	at net.serenitybdd.core.pages.WithRetries.perform(WithRetries.java:27)
	at net.serenitybdd.core.pages.WithRetries.perform(WithRetries.java:27)
	at net.serenitybdd.core.pages.WithRetries.perform(WithRetries.java:27)
	at net.serenitybdd.core.pages.WithRetries.perform(WithRetries.java:27)
	at net.serenitybdd.core.pages.WithRetries.perform(WithRetries.java:27)
	at net.serenitybdd.core.pages.WithRetries.perform(WithRetries.java:27)
	at net.serenitybdd.core.pages.WithRetries.perform(WithRetries.java:27)
	at net.serenitybdd.core.pages.WebElementFacadeImpl.click(WebElementFacadeImpl.java:1213)
	at net.serenitybdd.core.pages.WebElementFacadeImpl.click(WebElementFacadeImpl.java:1224)
	at pages.CommonPage.enterTextInTextbox(CommonPage.java:192)
	at pages.CommonPage$ByteBuddy$rPYsx20O.enterTextInTextbox$accessor$wulDi93G(Unknown Source)
	at sun.reflect.NativeMethodAccessorImpl.invoke0(Native Method)
	at sun.reflect.NativeMethodAccessorImpl.invoke(NativeMethodAccessorImpl.java:62)
	at sun.reflect.DelegatingMethodAccessorImpl.invoke(DelegatingMethodAccessorImpl.java:43)
	at java.lang.reflect.Method.invoke(Method.java:498)
	at net.thucydides.core.steps.StepInterceptor.invokeMethod(StepInterceptor.java:503)
	at net.thucydides.core.steps.StepInterceptor.executeTestStepMethod(StepInterceptor.java:483)
	at net.thucydides.core.steps.StepInterceptor.runTestStep(StepInterceptor.java:457)
	at net.thucydides.core.steps.StepInterceptor.runOrSkipMethod(StepInterceptor.java:209)
	at net.thucydides.core.steps.StepInterceptor.testStepResult(StepInterceptor.java:196)
	at net.thucydides.core.steps.StepInterceptor.intercept(StepInterceptor.java:84)
	at net.thucydides.core.steps.ProxyConfiguration$InterceptorDispatcher.intercept(ProxyConfiguration.java:51)
	at pages.CommonPage$ByteBuddy$rPYsx20O.enterTextInTextbox(Unknown Source)
	at stepdefinitions.CommonDefinitions.user_enter_in(CommonDefinitions.java:113)
	at ✽.User enter "1000" in "totalCost"(file:///C:/Users/Sandeepkumar.Phalke/eclipse-workspace/UNICEF_SerenityBDD_Automation_Framework/src/test/resources/features/StoreOperator/Arrivals.feature:81)
&amp#27;[0m
  &amp#27;[36mAnd &amp#27;[0m&amp#27;[36mUser enter random text in &amp#27;[0m&amp#27;[36m&amp#27;[1m"comments"&amp#27;[0m                                                                   &amp#27;[90m# stepdefinitions.CommonDefinitions.user_enter_random_text_in(java.lang.String)&amp#27;[0m
  &amp#27;[36mAnd &amp#27;[0m&amp#27;[36mUser click on &amp#27;[0m&amp#27;[36m&amp#27;[1m"Create"&amp#27;[0m&amp#27;[36m button&amp#27;[0m                                                                          &amp#27;[90m# stepdefinitions.CommonDefinitions.user_click_on_button(java.lang.String)&amp#27;[0m
  &amp#27;[36mWhen &amp#27;[0m&amp#27;[36mUser click on &amp#27;[0m&amp#27;[36m&amp#27;[1m"Continue"&amp#27;[0m&amp#27;[36m button&amp#27;[0m                                                                       &amp#27;[90m# stepdefinitions.CommonDefinitions.user_click_on_button(java.lang.String)&amp#27;[0m
  &amp#27;[36mThen &amp#27;[0m&amp#27;[36mArrivals line is created successfully&amp#27;[0m                                                                 &amp#27;[90m# stepdefinitions.StoreOperator.ArrivalsDefinition.arrivals_line_is_created_sucessfully()&amp#27;[0m
  &amp#27;[36mAnd &amp#27;[0m&amp#27;[36mArrivals line Data is visible in arrival line table to user&amp#27;[0m                                            &amp#27;[90m# stepdefinitions.StoreOperator.ArrivalsDefinition.arrivals_line_data_is_visible_in_arrival_table_to_user()&amp#27;[0m
  &amp#27;[36mWhen &amp#27;[0m&amp#27;[36mUser click on &amp#27;[0m&amp#27;[36m&amp#27;[1m"Save as draft and go back"&amp#27;[0m&amp#27;[36m button&amp#27;[0m                                                      &amp#27;[90m# stepdefinitions.CommonDefinitions.user_click_on_button(java.lang.String)&amp#27;[0m
  &amp#27;[36mAnd &amp#27;[0m&amp#27;[36mUser click on &amp#27;[0m&amp#27;[36m&amp#27;[1m"Yes"&amp#27;[0m&amp#27;[36m button&amp#27;[0m                                                                             &amp#27;[90m# stepdefinitions.CommonDefinitions.user_click_on_button(java.lang.String)&amp#27;[0m
  &amp#27;[36mAnd &amp#27;[0m&amp#27;[36mValidate arrival state is &amp#27;[0m&amp#27;[36m&amp#27;[1m"Draft"&amp#27;[0m                                                                      &amp#27;[90m# stepdefinitions.StoreOperator.ArrivalsDefinition.validate_arrival_state_is(java.lang.String)&amp#27;[0m
  &amp#27;[36mThen &amp#27;[0m&amp#27;[36mArrivals Data is visible in arrivals table to user&amp#27;[0m                                                    &amp#27;[90m# stepdefinitions.StoreOperator.ArrivalsDefinition.arrivals_data_is_visible_in_stock_arrival_table_to_user()&amp#27;[0m
  &amp#27;[36mWhen &amp#27;[0m&amp#27;[36mUser edit the Arrivals data&amp#27;[0m                                                                           &amp#27;[90m# stepdefinitions.StoreOperator.ArrivalsDefinition.user_edit_the_arrivals_data()&amp#27;[0m
  &amp#27;[36mThen &amp#27;[0m&amp#27;[36m&amp#27;[0m&amp#27;[36m&amp#27;[1m"Stock Arrival"&amp#27;[0m&amp#27;[36m text is visible&amp#27;[0m                                                                       &amp#27;[90m# stepdefinitions.CommonDefinitions.text_is_visible(java.lang.String)&amp#27;[0m
  &amp#27;[36mAnd &amp#27;[0m&amp#27;[36mUser select &amp#27;[0m&amp#27;[36m&amp#27;[1m"Arrival"&amp#27;[0m&amp#27;[36m from &amp#27;[0m&amp#27;[36m&amp#27;[1m"Receipt Type"&amp#27;[0m&amp#27;[36m in &amp#27;[0m&amp#27;[36m&amp#27;[1m"Arrivals"&amp#27;[0m&amp#27;[36m tab&amp#27;[0m                                            &amp#27;[90m# stepdefinitions.CommonDefinitions.user_select_from_in_tab(java.lang.String,java.lang.String,java.lang.String)&amp#27;[0m
  &amp#27;[36mAnd &amp#27;[0m&amp#27;[36mUser enter random text in &amp#27;[0m&amp#27;[36m&amp#27;[1m"smtNumber"&amp#27;[0m                                                                  &amp#27;[90m# stepdefinitions.CommonDefinitions.user_enter_random_text_in(java.lang.String)&amp#27;[0m
  &amp#27;[36mAnd &amp#27;[0m&amp#27;[36mUser enter random number in &amp#27;[0m&amp#27;[36m&amp#27;[1m"shippingReferance"&amp#27;[0m                                                        &amp#27;[90m# stepdefinitions.CommonDefinitions.user_enter_random_number_in(java.lang.String)&amp#27;[0m
  &amp#27;[36mAnd &amp#27;[0m&amp#27;[36mUser enter random text in &amp#27;[0m&amp#27;[36m&amp#27;[1m"fundingSource"&amp#27;[0m                                                              &amp#27;[90m# stepdefinitions.CommonDefinitions.user_enter_random_text_in(java.lang.String)&amp#27;[0m
  &amp#27;[36mAnd &amp#27;[0m&amp#27;[36mUser select &amp#27;[0m&amp#27;[36m&amp#27;[1m"AUD"&amp#27;[0m&amp#27;[36m from &amp#27;[0m&amp#27;[36m&amp#27;[1m"Currency"&amp#27;[0m&amp#27;[36m in &amp#27;[0m&amp#27;[36m&amp#27;[1m"Arrivals"&amp#27;[0m&amp#27;[36m tab&amp#27;[0m                                                    &amp#27;[90m# stepdefinitions.CommonDefinitions.user_select_from_in_tab(java.lang.String,java.lang.String,java.lang.String)&amp#27;[0m
  &amp#27;[36mAnd &amp#27;[0m&amp#27;[36mUser enter random number in &amp#27;[0m&amp#27;[36m&amp#27;[1m"freightCost"&amp#27;[0m                                                              &amp#27;[90m# stepdefinitions.CommonDefinitions.user_enter_random_number_in(java.lang.String)&amp#27;[0m
  &amp#27;[36mWhen &amp#27;[0m&amp#27;[36mUser edit the line in arrival&amp#27;[0m                                                                         &amp#27;[90m# stepdefinitions.StoreOperator.ArrivalsDefinition.user_edit_the_line_in_arrival()&amp#27;[0m
  &amp#27;[36mAnd &amp#27;[0m&amp#27;[36mUser select &amp#27;[0m&amp#27;[36m&amp#27;[1m"Vaccine"&amp#27;[0m&amp#27;[36m from &amp#27;[0m&amp#27;[36m&amp#27;[1m"Product Type"&amp#27;[0m&amp#27;[36m in &amp#27;[0m&amp#27;[36m&amp#27;[1m"Arrivals"&amp#27;[0m&amp#27;[36m tab&amp#27;[0m                                            &amp#27;[90m# stepdefinitions.CommonDefinitions.user_select_from_in_tab(java.lang.String,java.lang.String,java.lang.String)&amp#27;[0m
  &amp#27;[36mAnd &amp#27;[0m&amp#27;[36mUser select &amp#27;[0m&amp#27;[36m&amp#27;[1m"bOPV"&amp#27;[0m&amp#27;[36m from &amp#27;[0m&amp#27;[36m&amp#27;[1m"Product"&amp#27;[0m&amp#27;[36m in &amp#27;[0m&amp#27;[36m&amp#27;[1m"Arrivals"&amp#27;[0m&amp#27;[36m tab&amp#27;[0m                                                    &amp#27;[90m# stepdefinitions.CommonDefinitions.user_select_from_in_tab(java.lang.String,java.lang.String,java.lang.String)&amp#27;[0m
  &amp#27;[36mAnd &amp#27;[0m&amp#27;[36mUser enter random text in &amp#27;[0m&amp#27;[36m&amp#27;[1m"batchNo"&amp#27;[0m                                                                    &amp#27;[90m# stepdefinitions.CommonDefinitions.user_enter_random_text_in(java.lang.String)&amp#27;[0m
  &amp#27;[36mAnd &amp#27;[0m&amp#27;[36mUser select &amp#27;[0m&amp#27;[36m&amp#27;[1m"PT ONEJECT INDONESIA"&amp#27;[0m&amp#27;[36m from &amp#27;[0m&amp#27;[36m&amp#27;[1m"Producer"&amp#27;[0m&amp#27;[36m in &amp#27;[0m&amp#27;[36m&amp#27;[1m"Arrivals"&amp#27;[0m&amp#27;[36m tab&amp#27;[0m                                   &amp#27;[90m# stepdefinitions.CommonDefinitions.user_select_from_in_tab(java.lang.String,java.lang.String,java.lang.String)&amp#27;[0m
  &amp#27;[36mAnd &amp#27;[0m&amp#27;[36mUser select &amp#27;[0m&amp#27;[36m&amp#27;[1m"BIOPOLIO B1/3"&amp#27;[0m&amp#27;[36m from &amp#27;[0m&amp#27;[36m&amp#27;[1m"Commercial Name"&amp#27;[0m&amp#27;[36m in &amp#27;[0m&amp#27;[36m&amp#27;[1m"Arrivals"&amp#27;[0m&amp#27;[36m tab&amp#27;[0m                                   &amp#27;[90m# stepdefinitions.CommonDefinitions.user_select_from_in_tab(java.lang.String,java.lang.String,java.lang.String)&amp#27;[0m
  &amp#27;[36mAnd &amp#27;[0m&amp#27;[36mUser select &amp#27;[0m&amp#27;[36m&amp#27;[1m"Liquid: ready to use"&amp#27;[0m&amp#27;[36m from &amp#27;[0m&amp#27;[36m&amp#27;[1m"Formulation"&amp#27;[0m&amp#27;[36m in &amp#27;[0m&amp#27;[36m&amp#27;[1m"Arrivals"&amp#27;[0m&amp#27;[36m tab&amp#27;[0m                                &amp#27;[90m# stepdefinitions.CommonDefinitions.user_select_from_in_tab(java.lang.String,java.lang.String,java.lang.String)&amp#27;[0m
  &amp#27;[36mAnd &amp#27;[0m&amp#27;[36mUser select &amp#27;[0m&amp#27;[36m&amp#27;[1m"10"&amp#27;[0m&amp#27;[36m from &amp#27;[0m&amp#27;[36m&amp#27;[1m"Presentation"&amp#27;[0m&amp#27;[36m in &amp#27;[0m&amp#27;[36m&amp#27;[1m"Arrivals"&amp#27;[0m&amp#27;[36m tab&amp#27;[0m                                                 &amp#27;[90m# stepdefinitions.CommonDefinitions.user_select_from_in_tab(java.lang.String,java.lang.String,java.lang.String)&amp#27;[0m
  &amp#27;[36mAnd &amp#27;[0m&amp#27;[36mUser select &amp#27;[0m&amp#27;[36m&amp#27;[1m"1.Initial stage"&amp#27;[0m&amp#27;[36m from &amp#27;[0m&amp#27;[36m&amp#27;[1m"VVM Stage"&amp#27;[0m&amp#27;[36m in &amp#27;[0m&amp#27;[36m&amp#27;[1m"Arrivals"&amp#27;[0m&amp#27;[36m tab&amp#27;[0m                                       &amp#27;[90m# stepdefinitions.CommonDefinitions.user_select_from_in_tab(java.lang.String,java.lang.String,java.lang.String)&amp#27;[0m
  &amp#27;[36mAnd &amp#27;[0m&amp#27;[36mUser enter &amp#27;[0m&amp#27;[36m&amp#27;[1m"20"&amp#27;[0m&amp#27;[36m in &amp#27;[0m&amp#27;[36m&amp#27;[1m"units"&amp#27;[0m                                                                             &amp#27;[90m# stepdefinitions.CommonDefinitions.user_enter_in(java.lang.String,java.lang.String)&amp#27;[0m
  &amp#27;[36mAnd &amp#27;[0m&amp#27;[36mUser select &amp#27;[0m&amp#27;[36m&amp#27;[1m"Routine"&amp#27;[0m&amp#27;[36m from &amp#27;[0m&amp#27;[36m&amp#27;[1m"Routine or SIA"&amp#27;[0m&amp#27;[36m in &amp#27;[0m&amp#27;[36m&amp#27;[1m"Arrivals"&amp#27;[0m&amp#27;[36m tab&amp#27;[0m                                          &amp#27;[90m# stepdefinitions.CommonDefinitions.user_select_from_in_tab(java.lang.String,java.lang.String,java.lang.String)&amp#27;[0m
  &amp#27;[36mAnd &amp#27;[0m&amp#27;[36mUser select &amp#27;[0m&amp#27;[36m&amp#27;[1m"Indonesia"&amp#27;[0m&amp#27;[36m from &amp#27;[0m&amp#27;[36m&amp#27;[1m"Origin"&amp#27;[0m&amp#27;[36m in &amp#27;[0m&amp#27;[36m&amp#27;[1m"Arrivals"&amp#27;[0m&amp#27;[36m tab&amp#27;[0m                                                &amp#27;[90m# stepdefinitions.CommonDefinitions.user_select_from_in_tab(java.lang.String,java.lang.String,java.lang.String)&amp#27;[0m
  &amp#27;[36mAnd &amp#27;[0m&amp#27;[36mUser select &amp#27;[0m&amp#27;[36m&amp#27;[1m"Alarm"&amp#27;[0m&amp#27;[36m from &amp#27;[0m&amp#27;[36m&amp#27;[1m"Shipping/Freeze Indicator"&amp#27;[0m&amp#27;[36m in &amp#27;[0m&amp#27;[36m&amp#27;[1m"Arrivals"&amp#27;[0m&amp#27;[36m tab&amp#27;[0m                                 &amp#27;[90m# stepdefinitions.CommonDefinitions.user_select_from_in_tab(java.lang.String,java.lang.String,java.lang.String)&amp#27;[0m
  &amp#27;[36mAnd &amp#27;[0m&amp#27;[36mUser enter &amp#27;[0m&amp#27;[36m&amp#27;[1m"20"&amp#27;[0m&amp#27;[36m in &amp#27;[0m&amp#27;[36m&amp#27;[1m"noOfVials"&amp#27;[0m                                                                         &amp#27;[90m# stepdefinitions.CommonDefinitions.user_enter_in(java.lang.String,java.lang.String)&amp#27;[0m
  &amp#27;[36mAnd &amp#27;[0m&amp#27;[36mUser enter &amp#27;[0m&amp#27;[36m&amp#27;[1m"20"&amp#27;[0m&amp#27;[36m in &amp#27;[0m&amp#27;[36m&amp#27;[1m"totalVolume"&amp#27;[0m                                                                       &amp#27;[90m# stepdefinitions.CommonDefinitions.user_enter_in(java.lang.String,java.lang.String)&amp#27;[0m
  &amp#27;[36mAnd &amp#27;[0m&amp#27;[36mUser select &amp#27;[0m&amp#27;[36m&amp#27;[1m"Ambient_2022"&amp#27;[0m&amp#27;[36m from &amp#27;[0m&amp#27;[36m&amp#27;[1m"Storage Location"&amp#27;[0m&amp#27;[36m in &amp#27;[0m&amp#27;[36m&amp#27;[1m"Arrivals"&amp#27;[0m&amp#27;[36m tab&amp#27;[0m                                   &amp#27;[90m# stepdefinitions.CommonDefinitions.user_select_from_in_tab(java.lang.String,java.lang.String,java.lang.String)&amp#27;[0m
  &amp#27;[36mAnd &amp#27;[0m&amp#27;[36mUser enter &amp#27;[0m&amp#27;[36m&amp#27;[1m"1000"&amp#27;[0m&amp#27;[36m in &amp#27;[0m&amp#27;[36m&amp#27;[1m"totalCost"&amp#27;[0m                                                                       &amp#27;[90m# stepdefinitions.CommonDefinitions.user_enter_in(java.lang.String,java.lang.String)&amp#27;[0m
  &amp#27;[36mAnd &amp#27;[0m&amp#27;[36mUser enter random text in &amp#27;[0m&amp#27;[36m&amp#27;[1m"comments"&amp#27;[0m                                                                   &amp#27;[90m# stepdefinitions.CommonDefinitions.user_enter_random_text_in(java.lang.String)&amp#27;[0m
  &amp#27;[36mAnd &amp#27;[0m&amp#27;[36mUser click on &amp#27;[0m&amp#27;[36m&amp#27;[1m"Update"&amp#27;[0m&amp#27;[36m button&amp#27;[0m                                                                          &amp#27;[90m# stepdefinitions.CommonDefinitions.user_click_on_button(java.lang.String)&amp#27;[0m
  &amp#27;[36mAnd &amp#27;[0m&amp#27;[36mUser click on &amp#27;[0m&amp#27;[36m&amp#27;[1m"Continue"&amp#27;[0m&amp#27;[36m button&amp#27;[0m                                                                        &amp#27;[90m# stepdefinitions.CommonDefinitions.user_click_on_button(java.lang.String)&amp#27;[0m
  &amp#27;[36mThen &amp#27;[0m&amp#27;[36mArrivals line is updated successfully&amp#27;[0m                                                                 &amp#27;[90m# stepdefinitions.StoreOperator.ArrivalsDefinition.arrival_line_is_updated_sucessfully()&amp#27;[0m
  &amp#27;[36mAnd &amp#27;[0m&amp#27;[36mArrivals line Data is visible in arrival line table to user&amp#27;[0m                                            &amp#27;[90m# stepdefinitions.StoreOperator.ArrivalsDefinition.arrivals_line_data_is_visible_in_arrival_table_to_user()&amp#27;[0m
  &amp#27;[36mWhen &amp#27;[0m&amp#27;[36mUser click on &amp#27;[0m&amp#27;[36m&amp#27;[1m"Finalize"&amp#27;[0m&amp#27;[36m button&amp#27;[0m                                                                       &amp#27;[90m# stepdefinitions.CommonDefinitions.user_click_on_button(java.lang.String)&amp#27;[0m
  &amp#27;[36mAnd &amp#27;[0m&amp#27;[36mUser click on &amp#27;[0m&amp#27;[36m&amp#27;[1m"Continue"&amp#27;[0m&amp#27;[36m button&amp#27;[0m                                                                        &amp#27;[90m# stepdefinitions.CommonDefinitions.user_click_on_button(java.lang.String)&amp#27;[0m
  &amp#27;[36mThen &amp#27;[0m&amp#27;[36mArrivals data is update successfully&amp#27;[0m                                                                  &amp#27;[90m# stepdefinitions.StoreOperator.ArrivalsDefinition.arrival_is_updated_sucessfully()&amp#27;[0m
  &amp#27;[36mAnd &amp#27;[0m&amp#27;[36mArrivals Data is visible in arrivals table to user&amp#27;[0m                                                     &amp#27;[90m# stepdefinitions.StoreOperator.ArrivalsDefinition.arrivals_data_is_visible_in_stock_arrival_table_to_user()&amp#27;[0m
  &amp#27;[36mAnd &amp#27;[0m&amp#27;[36mValidate arrival state is &amp#27;[0m&amp#27;[36m&amp#27;[1m"Complete"&amp#27;[0m                                                                   &amp#27;[90m# stepdefinitions.StoreOperator.ArrivalsDefinition.validate_arrival_state_is(java.lang.String)&amp#27;[0m
10:27:25.248 [main] ERROR  - 
  _____   ___   ___   _____     ___   ___   ___    ___    ___ 
 |_   _| | __| / __| |_   _|   | __| | _ \ | _ \  / _ \  | _ \
   | |   | _|  \__ \   | |     | _|  |   / |   / | (_) | |   /
   |_|   |___| |___/   |_|     |___| |_|_\ |_|_\  \___/  |_|_\

Verify user is able to update arrival line and arrival receipt type data before finalizing
---------------------------------------------------------------
10:27:25.248 [main] ERROR  -     Test failed at step: Enter text in textbox: 1000, totalCost
10:27:25.248 [main] ERROR  -     element click intercepted: Element <input aria-invalid="false" name="totalCost" type="text" maxlength="8" class="MuiInputBase-input MuiInput-input" value=""> is not clickable at point (1136, 473). Other element would receive the click: <div aria-hidden="true" style="z-index: -1; position: fixed; inset: 0px; background-color: transparent; -webkit-tap-highlight-color: transparent;"></div>
]]></system-out>
      <system-err><![CDATA[Starting ChromeDriver 109.0.5414.74 (e7c5703604daa9cc128ccf5a5d3e993513758913-refs/branch-heads/5414@{#1172}) on port 32900
Only local connections are allowed.
Please see https://chromedriver.chromium.org/security-considerations for suggestions on keeping ChromeDriver safe.
ChromeDriver was started successfully.
Jan 31, 2023 10:26:35 AM org.openqa.selenium.devtools.CdpVersionFinder findNearestMatch
WARNING: Unable to find an exact match for CDP version 109, so returning the closest version found: 107
]]></system-err>
    </flakyError>
  </testcase>
  <testcase name="Verify user is able to delete arrival line  And arrival receipt type data before finalizing" classname="Arrivals tab in SMT application for Store Operator user" time="115.865"/>
  <testcase name="Verify user is able to add issuing line and issuing requisition type data and finalize" classname="Issuing tab in SMT application for Store Operator user" time="121.195"/>
  <testcase name="Verify user is able to edit issuing line and issuing requisition type data before finalizing" classname="Issuing tab in SMT application for Store Operator user" time="151.627"/>
  <testcase name="Verify user is able to delete issuing line and delete issuing requisition type data before finalizing" classname="Issuing tab in SMT application for Store Operator user" time="57.905">
    <failure type="org.junit.ComparisonFailure"><![CDATA[org.junit.ComparisonFailure: expected:<[Draft]> but was:<[Complete]>
]]></failure>
    <system-out><![CDATA[
Scenario Outline: Verify user is able to delete issuing line and delete issuing requisition type data before finalizing &amp#27;[90m# src/test/resources/features/StoreOperator/Issuing.feature:132&amp#27;[0m
10:33:54.036 [main] INFO  i.c.core.plugin.SerenityReporter - Running feature from file:///C:/Users/Sandeepkumar.Phalke/eclipse-workspace/UNICEF_SerenityBDD_Automation_Framework/src/test/resources/features/StoreOperator/Issuing.feature
10:33:54.037 [main] INFO   - 
  _____   ___   ___   _____     ___   _____     _     ___   _____   ___   ___  
 |_   _| | __| / __| |_   _|   / __| |_   _|   /_\   | _ \ |_   _| | __| |   \ 
   | |   | _|  \__ \   | |     \__ \   | |    / _ \  |   /   | |   | _|  | |) |
   |_|   |___| |___/   |_|     |___/   |_|   /_/ \_\ |_|_\   |_|   |___| |___/ 

Verify user is able to delete issuing line and delete issuing requisition type data before finalizing(issuing-tab-in-smt-application-for-store-operator-user;verify-user-is-able-to-delete-issuing-line-and-delete-issuing-requisition-type-data-before-finalizing)
--------------------------------------------------------------------------------
10:33:54.321 [main] INFO  n.s.c.w.d.ChromeDriverProvider - Starting Chrome driver instance with capabilities:
10:33:54.321 [main] INFO  n.s.c.w.d.ChromeDriverProvider - Capabilities {acceptInsecureCerts: false, browserName: chrome, goog:chromeOptions: {args: [test-type, no-sandbox, ignore-certificate-errors, --window-size=1000,800, incognito, disable-infobars, disable-gpu, disable-default-apps, disable-popup-blocking], extensions: []}}
  &amp#27;[32mGiven &amp#27;[0m&amp#27;[32mUser is on home page of SMT application&amp#27;[0m                                                                         &amp#27;[90m# stepdefinitions.CommonDefinitions.user_is_on_home_page_of_smt_application()&amp#27;[0m
  &amp#27;[32mAnd &amp#27;[0m&amp#27;[32mUser is able to see login button on home page&amp#27;[0m                                                                     &amp#27;[90m# stepdefinitions.HomeDefinitions.user_is_able_to_see_login_button_on_home_page()&amp#27;[0m
  &amp#27;[32mWhen &amp#27;[0m&amp#27;[32mUser click on login button&amp#27;[0m                                                                                       &amp#27;[90m# stepdefinitions.HomeDefinitions.user_click_on_login_button()&amp#27;[0m
  &amp#27;[32mAnd &amp#27;[0m&amp#27;[32mUser click on Proceed To Login button in &amp#27;[0m&amp#27;[32m&amp#27;[1m"English"&amp#27;[0m                                                                &amp#27;[90m# stepdefinitions.HomeDefinitions.user_click_on_proceed_to_login_button_in(java.lang.String)&amp#27;[0m
  &amp#27;[32mThen &amp#27;[0m&amp#27;[32mUser login as &amp#27;[0m&amp#27;[32m&amp#27;[1m"Store Operator"&amp#27;[0m                                                                                   &amp#27;[90m# stepdefinitions.CommonDefinitions.user_login_as(java.lang.String)&amp#27;[0m
  &amp#27;[32mAnd &amp#27;[0m&amp#27;[32mUser click on &amp#27;[0m&amp#27;[32m&amp#27;[1m"Apply"&amp#27;[0m&amp#27;[32m button&amp#27;[0m                                                                                      &amp#27;[90m# stepdefinitions.CommonDefinitions.user_click_on_button(java.lang.String)&amp#27;[0m
  &amp#27;[32mAnd &amp#27;[0m&amp#27;[32mUser click on &amp#27;[0m&amp#27;[32m&amp#27;[1m"Issuing"&amp#27;[0m&amp#27;[32m tab&amp#27;[0m                                                                                       &amp#27;[90m# stepdefinitions.CommonDefinitions.user_click_on_tab(java.lang.String)&amp#27;[0m
  &amp#27;[32mAnd &amp#27;[0m&amp#27;[32mUser wait for &amp#27;[0m&amp#27;[32m&amp#27;[1m"5"&amp#27;[0m&amp#27;[32m seconds&amp#27;[0m                                                                                         &amp#27;[90m# stepdefinitions.CommonDefinitions.user_wait_for_seconds(java.lang.String)&amp#27;[0m
  &amp#27;[32mGiven &amp#27;[0m&amp#27;[32mUser click on &amp#27;[0m&amp#27;[32m&amp#27;[1m"Issue New Stock"&amp#27;[0m&amp#27;[32m button&amp#27;[0m                                                                          &amp#27;[90m# stepdefinitions.CommonDefinitions.user_click_on_button(java.lang.String)&amp#27;[0m
  &amp#27;[32mAnd &amp#27;[0m&amp#27;[32m&amp#27;[0m&amp#27;[32m&amp#27;[1m"Issue New Stock"&amp#27;[0m&amp#27;[32m text is visible&amp#27;[0m                                                                                 &amp#27;[90m# stepdefinitions.CommonDefinitions.text_is_visible(java.lang.String)&amp#27;[0m
  &amp#27;[32mAnd &amp#27;[0m&amp#27;[32mUser select &amp#27;[0m&amp#27;[32m&amp#27;[1m"Requisition"&amp#27;[0m&amp#27;[32m from &amp#27;[0m&amp#27;[32m&amp#27;[1m"Issue Type"&amp#27;[0m&amp#27;[32m in &amp#27;[0m&amp#27;[32m&amp#27;[1m"Issuing"&amp#27;[0m&amp#27;[32m tab&amp#27;[0m                                                      &amp#27;[90m# stepdefinitions.CommonDefinitions.user_select_from_in_tab(java.lang.String,java.lang.String,java.lang.String)&amp#27;[0m
  &amp#27;[32mAnd &amp#27;[0m&amp#27;[32mUser type and select &amp#27;[0m&amp#27;[32m&amp#27;[1m"Dubai 2"&amp#27;[0m&amp#27;[32m from &amp#27;[0m&amp#27;[32m&amp#27;[1m"Recipient Store / Reason"&amp#27;[0m&amp#27;[32m in &amp#27;[0m&amp#27;[32m&amp#27;[1m"Issuing"&amp#27;[0m&amp#27;[32m tab&amp#27;[0m                                   &amp#27;[90m# stepdefinitions.CommonDefinitions.user_type_and_select_from(java.lang.String,java.lang.String,java.lang.String)&amp#27;[0m
  &amp#27;[32mAnd &amp#27;[0m&amp#27;[32mUser select &amp#27;[0m&amp#27;[32m&amp#27;[1m"No"&amp#27;[0m&amp#27;[32m from &amp#27;[0m&amp#27;[32m&amp#27;[1m"Distributed Late"&amp#27;[0m&amp#27;[32m in &amp#27;[0m&amp#27;[32m&amp#27;[1m"Issuing"&amp#27;[0m&amp#27;[32m tab&amp#27;[0m                                                         &amp#27;[90m# stepdefinitions.CommonDefinitions.user_select_from_in_tab(java.lang.String,java.lang.String,java.lang.String)&amp#27;[0m
  &amp#27;[32mAnd &amp#27;[0m&amp#27;[32mUser enter random text in &amp#27;[0m&amp#27;[32m&amp#27;[1m"internationaRef"&amp#27;[0m                                                                       &amp#27;[90m# stepdefinitions.CommonDefinitions.user_enter_random_text_in(java.lang.String)&amp#27;[0m
  &amp#27;[32mWhen &amp#27;[0m&amp#27;[32mUser click on &amp#27;[0m&amp#27;[32m&amp#27;[1m"Add Line to Issue"&amp#27;[0m&amp#27;[32m button&amp#27;[0m                                                                         &amp#27;[90m# stepdefinitions.CommonDefinitions.user_click_on_button(java.lang.String)&amp#27;[0m
  &amp#27;[32mThen &amp#27;[0m&amp#27;[32m&amp#27;[0m&amp#27;[32m&amp#27;[1m"Add Product to Issue"&amp#27;[0m&amp#27;[32m heading is visible&amp#27;[0m                                                                        &amp#27;[90m# stepdefinitions.CommonDefinitions.heading_is_visible(java.lang.String)&amp#27;[0m
  &amp#27;[32mAnd &amp#27;[0m&amp#27;[32mUser select &amp#27;[0m&amp#27;[32m&amp#27;[1m"Vaccine"&amp#27;[0m&amp#27;[32m from &amp#27;[0m&amp#27;[32m&amp#27;[1m"Product Type"&amp#27;[0m&amp#27;[32m in &amp#27;[0m&amp#27;[32m&amp#27;[1m"Issuing"&amp#27;[0m&amp#27;[32m tab&amp#27;[0m                                                        &amp#27;[90m# stepdefinitions.CommonDefinitions.user_select_from_in_tab(java.lang.String,java.lang.String,java.lang.String)&amp#27;[0m
  &amp#27;[32mAnd &amp#27;[0m&amp#27;[32mUser select &amp#27;[0m&amp#27;[32m&amp#27;[1m"YF"&amp#27;[0m&amp#27;[32m from &amp#27;[0m&amp#27;[32m&amp#27;[1m"Product"&amp#27;[0m&amp#27;[32m in &amp#27;[0m&amp#27;[32m&amp#27;[1m"Issuing"&amp#27;[0m&amp#27;[32m tab&amp#27;[0m                                                                  &amp#27;[90m# stepdefinitions.CommonDefinitions.user_select_from_in_tab(java.lang.String,java.lang.String,java.lang.String)&amp#27;[0m
  &amp#27;[32mAnd &amp#27;[0m&amp#27;[32mUser select &amp#27;[0m&amp#27;[32m&amp#27;[1m"200A"&amp#27;[0m&amp#27;[32m from &amp#27;[0m&amp#27;[32m&amp#27;[1m"Batch Number"&amp#27;[0m&amp#27;[32m in &amp#27;[0m&amp#27;[32m&amp#27;[1m"Issuing"&amp#27;[0m&amp#27;[32m tab&amp#27;[0m                                                           &amp#27;[90m# stepdefinitions.CommonDefinitions.user_select_from_in_tab(java.lang.String,java.lang.String,java.lang.String)&amp#27;[0m
  &amp#27;[32mAnd &amp#27;[0m&amp#27;[32mUser wait for &amp#27;[0m&amp#27;[32m&amp#27;[1m"3"&amp#27;[0m&amp#27;[32m seconds&amp#27;[0m                                                                                         &amp#27;[90m# stepdefinitions.CommonDefinitions.user_wait_for_seconds(java.lang.String)&amp#27;[0m
  &amp#27;[32mAnd &amp#27;[0m&amp#27;[32mUser enter &amp#27;[0m&amp#27;[32m&amp#27;[1m"1"&amp#27;[0m&amp#27;[32m in &amp#27;[0m&amp#27;[32m&amp#27;[1m"dosesOrUnit"&amp#27;[0m                                                                                   &amp#27;[90m# stepdefinitions.CommonDefinitions.user_enter_in(java.lang.String,java.lang.String)&amp#27;[0m
  &amp#27;[32mAnd &amp#27;[0m&amp#27;[32mUser enter random text in &amp#27;[0m&amp#27;[32m&amp#27;[1m"comment"&amp#27;[0m                                                                               &amp#27;[90m# stepdefinitions.CommonDefinitions.user_enter_random_text_in(java.lang.String)&amp#27;[0m
  &amp#27;[32mWhen &amp#27;[0m&amp#27;[32mUser click on &amp#27;[0m&amp#27;[32m&amp#27;[1m"Save"&amp#27;[0m&amp#27;[32m button&amp#27;[0m                                                                                      &amp#27;[90m# stepdefinitions.CommonDefinitions.user_click_on_button(java.lang.String)&amp#27;[0m
  &amp#27;[32mAnd &amp#27;[0m&amp#27;[32mUser wait for &amp#27;[0m&amp#27;[32m&amp#27;[1m"3"&amp#27;[0m&amp#27;[32m seconds&amp#27;[0m                                                                                         &amp#27;[90m# stepdefinitions.CommonDefinitions.user_wait_for_seconds(java.lang.String)&amp#27;[0m
  &amp#27;[32mThen &amp#27;[0m&amp#27;[32mIssuing line is created successfully&amp#27;[0m                                                                             &amp#27;[90m# stepdefinitions.StoreOperator.IssuingDefinition.issuing_line_is_created_sucessfully()&amp#27;[0m
  &amp#27;[32mAnd &amp#27;[0m&amp#27;[32mIssuing line Data is visible in issuing line table to user&amp#27;[0m                                                        &amp#27;[90m# stepdefinitions.StoreOperator.IssuingDefinition.issuing_line_data_is_visible_in_issuing_line_table_to_user()&amp#27;[0m
  &amp#27;[32mAnd &amp#27;[0m&amp#27;[32mUser click on &amp#27;[0m&amp#27;[32m&amp#27;[1m"Save as draft and go back"&amp#27;[0m&amp#27;[32m button&amp#27;[0m                                                                  &amp#27;[90m# stepdefinitions.CommonDefinitions.user_click_on_button(java.lang.String)&amp#27;[0m
  &amp#27;[32mAnd &amp#27;[0m&amp#27;[32mUser wait for &amp#27;[0m&amp#27;[32m&amp#27;[1m"10"&amp#27;[0m&amp#27;[32m seconds&amp#27;[0m                                                                                        &amp#27;[90m# stepdefinitions.CommonDefinitions.user_wait_for_seconds(java.lang.String)&amp#27;[0m
  &amp#27;[31mAnd &amp#27;[0m&amp#27;[31mValidate issuing state is &amp#27;[0m&amp#27;[31m&amp#27;[1m"Draft"&amp#27;[0m                                                                                 &amp#27;[90m# stepdefinitions.StoreOperator.IssuingDefinition.validate_issuing_state_is(java.lang.String)&amp#27;[0m
      &amp#27;[31morg.junit.ComparisonFailure: expected:<[Draft]> but was:<[Complete]>
	at org.junit.Assert.assertEquals(Assert.java:117)
	at org.junit.Assert.assertEquals(Assert.java:146)
	at pages.StoreOperator.IssuingPage.validateStateOfIssuingEntry(IssuingPage.java:73)
	at pages.StoreOperator.IssuingPage$ByteBuddy$a4PlfOPg.validateStateOfIssuingEntry$accessor$l54xKcOE(Unknown Source)
	at sun.reflect.NativeMethodAccessorImpl.invoke0(Native Method)
	at sun.reflect.NativeMethodAccessorImpl.invoke(NativeMethodAccessorImpl.java:62)
	at sun.reflect.DelegatingMethodAccessorImpl.invoke(DelegatingMethodAccessorImpl.java:43)
	at java.lang.reflect.Method.invoke(Method.java:498)
	at net.thucydides.core.steps.BaseMethodRunner.invokeMethod(BaseMethodRunner.java:18)
	at net.thucydides.core.steps.NormalMethodRunner.invokeMethodAndNotifyFailures(NormalMethodRunner.java:18)
	at net.thucydides.core.steps.StepInterceptor.runNormalMethod(StepInterceptor.java:406)
	at net.thucydides.core.steps.StepInterceptor.testStepResult(StepInterceptor.java:191)
	at net.thucydides.core.steps.StepInterceptor.intercept(StepInterceptor.java:84)
	at net.thucydides.core.steps.ProxyConfiguration$InterceptorDispatcher.intercept(ProxyConfiguration.java:51)
	at pages.StoreOperator.IssuingPage$ByteBuddy$a4PlfOPg.validateStateOfIssuingEntry(Unknown Source)
	at stepdefinitions.StoreOperator.IssuingDefinition.validate_issuing_state_is(IssuingDefinition.java:80)
	at ✽.Validate issuing state is "Draft"(file:///C:/Users/Sandeepkumar.Phalke/eclipse-workspace/UNICEF_SerenityBDD_Automation_Framework/src/test/resources/features/StoreOperator/Issuing.feature:116)
&amp#27;[0m
  &amp#27;[36mAnd &amp#27;[0m&amp#27;[36mUser edit the Issuing data&amp#27;[0m                                                                                        &amp#27;[90m# stepdefinitions.StoreOperator.IssuingDefinition.user_edit_the_issuing_data()&amp#27;[0m
  &amp#27;[36mWhen &amp#27;[0m&amp#27;[36mUser delete the line in issuing&amp#27;[0m                                                                                  &amp#27;[90m# stepdefinitions.StoreOperator.IssuingDefinition.user_delete_the_line_in_issuing()&amp#27;[0m
  &amp#27;[36mAnd &amp#27;[0m&amp#27;[36mUser click on &amp#27;[0m&amp#27;[36m&amp#27;[1m"Yes"&amp#27;[0m&amp#27;[36m button&amp#27;[0m                                                                                        &amp#27;[90m# stepdefinitions.CommonDefinitions.user_click_on_button(java.lang.String)&amp#27;[0m
  &amp#27;[36mThen &amp#27;[0m&amp#27;[36mIssuing line is deleted successfully&amp#27;[0m                                                                             &amp#27;[90m# stepdefinitions.StoreOperator.IssuingDefinition.issuing_line_is_deleted_sucessfully()&amp#27;[0m
  &amp#27;[36mAnd &amp#27;[0m&amp#27;[36mIssuing line Data is not visible in issuing line table to user&amp#27;[0m                                                    &amp#27;[90m# stepdefinitions.StoreOperator.IssuingDefinition.issuing_line_data_is_not_visible_in_storage_data_table_to_user()&amp#27;[0m
  &amp#27;[36mWhen &amp#27;[0m&amp#27;[36mUser click on &amp#27;[0m&amp#27;[36m&amp#27;[1m"Save as draft and go back"&amp#27;[0m&amp#27;[36m button&amp#27;[0m                                                                 &amp#27;[90m# stepdefinitions.CommonDefinitions.user_click_on_button(java.lang.String)&amp#27;[0m
  &amp#27;[36mAnd &amp#27;[0m&amp#27;[36mUser wait for &amp#27;[0m&amp#27;[36m&amp#27;[1m"7"&amp#27;[0m&amp#27;[36m seconds&amp#27;[0m                                                                                         &amp#27;[90m# stepdefinitions.CommonDefinitions.user_wait_for_seconds(java.lang.String)&amp#27;[0m
  &amp#27;[36mAnd &amp#27;[0m&amp#27;[36mUser delete the Issuing data&amp#27;[0m                                                                                      &amp#27;[90m# stepdefinitions.StoreOperator.IssuingDefinition.user_delete_the_issuing_data()&amp#27;[0m
  &amp#27;[36mAnd &amp#27;[0m&amp#27;[36mUser click on &amp#27;[0m&amp#27;[36m&amp#27;[1m"Yes"&amp#27;[0m&amp#27;[36m button&amp#27;[0m                                                                                        &amp#27;[90m# stepdefinitions.CommonDefinitions.user_click_on_button(java.lang.String)&amp#27;[0m
  &amp#27;[36mAnd &amp#27;[0m&amp#27;[36mUser wait for &amp#27;[0m&amp#27;[36m&amp#27;[1m"3"&amp#27;[0m&amp#27;[36m seconds&amp#27;[0m                                                                                         &amp#27;[90m# stepdefinitions.CommonDefinitions.user_wait_for_seconds(java.lang.String)&amp#27;[0m
  &amp#27;[36mThen &amp#27;[0m&amp#27;[36mIssuing data is deleted successfully&amp#27;[0m                                                                             &amp#27;[90m# stepdefinitions.StoreOperator.IssuingDefinition.issuing_is_deleted_sucessfully()&amp#27;[0m
  &amp#27;[36mAnd &amp#27;[0m&amp#27;[36mIssuing Data is not visible in issuing table to user&amp#27;[0m                                                              &amp#27;[90m# stepdefinitions.StoreOperator.IssuingDefinition.issuing_data_is_not_visible_in_issuing_table_to_user()&amp#27;[0m
  &amp#27;[36mAnd &amp#27;[0m&amp#27;[36mUser wait for &amp#27;[0m&amp#27;[36m&amp#27;[1m"60"&amp#27;[0m&amp#27;[36m seconds&amp#27;[0m                                                                                        &amp#27;[90m# stepdefinitions.CommonDefinitions.user_wait_for_seconds(java.lang.String)&amp#27;[0m
10:34:51.906 [main] ERROR  - 
  _____   ___   ___   _____     ___     _     ___   _      ___   ___  
 |_   _| | __| / __| |_   _|   | __|   /_\   |_ _| | |    | __| |   \ 
   | |   | _|  \__ \   | |     | _|   / _ \   | |  | |__  | _|  | |) |
   |_|   |___| |___/   |_|     |_|   /_/ \_\ |___| |____| |___| |___/ 

Verify user is able to delete issuing line and delete issuing requisition type data before finalizing
-----------------------------------------------------------------------
10:34:51.906 [main] ERROR  -     Test failed at step: Validate state of issuing entry: Draft
10:34:51.906 [main] ERROR  -     expected:<[Draft]> but was:<[Complete]>
]]></system-out>
    <system-err><![CDATA[Starting ChromeDriver 109.0.5414.74 (e7c5703604daa9cc128ccf5a5d3e993513758913-refs/branch-heads/5414@{#1172}) on port 5282
Only local connections are allowed.
Please see https://chromedriver.chromium.org/security-considerations for suggestions on keeping ChromeDriver safe.
ChromeDriver was started successfully.
Jan 31, 2023 10:33:55 AM org.openqa.selenium.devtools.CdpVersionFinder findNearestMatch
WARNING: Unable to find an exact match for CDP version 109, so returning the closest version found: 107
]]></system-err>
    <rerunFailure type="org.junit.ComparisonFailure">
      <stackTrace><![CDATA[org.junit.ComparisonFailure: expected:<[Draft]> but was:<[Complete]>
]]></stackTrace>
      <system-out><![CDATA[10:58:55.692 [main] INFO  i.c.core.plugin.SerenityReporter - Running feature from file:///C:/Users/Sandeepkumar.Phalke/eclipse-workspace/UNICEF_SerenityBDD_Automation_Framework/src/test/resources/features/StoreOperator/Issuing.feature
10:58:55.705 [main] INFO   - Test Suite Started: Issuing tab in SMT application for Store Operator user

Scenario Outline: Verify user is able to delete issuing line and delete issuing requisition type data before finalizing &amp#27;[90m# src/test/resources/features/StoreOperator/Issuing.feature:132&amp#27;[0m
10:58:55.739 [main] INFO  i.c.core.plugin.SerenityReporter - Running feature from file:///C:/Users/Sandeepkumar.Phalke/eclipse-workspace/UNICEF_SerenityBDD_Automation_Framework/src/test/resources/features/StoreOperator/Issuing.feature
10:58:55.743 [main] INFO   - 
  _____   ___   ___   _____     ___   _____     _     ___   _____   ___   ___  
 |_   _| | __| / __| |_   _|   / __| |_   _|   /_\   | _ \ |_   _| | __| |   \ 
   | |   | _|  \__ \   | |     \__ \   | |    / _ \  |   /   | |   | _|  | |) |
   |_|   |___| |___/   |_|     |___/   |_|   /_/ \_\ |_|_\   |_|   |___| |___/ 

Verify user is able to delete issuing line and delete issuing requisition type data before finalizing(issuing-tab-in-smt-application-for-store-operator-user;verify-user-is-able-to-delete-issuing-line-and-delete-issuing-requisition-type-data-before-finalizing)
--------------------------------------------------------------------------------
10:58:55.984 [main] INFO  n.s.c.w.d.ChromeDriverProvider - Starting Chrome driver instance with capabilities:
10:58:55.985 [main] INFO  n.s.c.w.d.ChromeDriverProvider - Capabilities {acceptInsecureCerts: false, browserName: chrome, goog:chromeOptions: {args: [test-type, no-sandbox, ignore-certificate-errors, --window-size=1000,800, incognito, disable-infobars, disable-gpu, disable-default-apps, disable-popup-blocking], extensions: []}}
  &amp#27;[32mGiven &amp#27;[0m&amp#27;[32mUser is on home page of SMT application&amp#27;[0m                                                                         &amp#27;[90m# stepdefinitions.CommonDefinitions.user_is_on_home_page_of_smt_application()&amp#27;[0m
  &amp#27;[32mAnd &amp#27;[0m&amp#27;[32mUser is able to see login button on home page&amp#27;[0m                                                                     &amp#27;[90m# stepdefinitions.HomeDefinitions.user_is_able_to_see_login_button_on_home_page()&amp#27;[0m
  &amp#27;[32mWhen &amp#27;[0m&amp#27;[32mUser click on login button&amp#27;[0m                                                                                       &amp#27;[90m# stepdefinitions.HomeDefinitions.user_click_on_login_button()&amp#27;[0m
  &amp#27;[32mAnd &amp#27;[0m&amp#27;[32mUser click on Proceed To Login button in &amp#27;[0m&amp#27;[32m&amp#27;[1m"English"&amp#27;[0m                                                                &amp#27;[90m# stepdefinitions.HomeDefinitions.user_click_on_proceed_to_login_button_in(java.lang.String)&amp#27;[0m
  &amp#27;[32mThen &amp#27;[0m&amp#27;[32mUser login as &amp#27;[0m&amp#27;[32m&amp#27;[1m"Store Operator"&amp#27;[0m                                                                                   &amp#27;[90m# stepdefinitions.CommonDefinitions.user_login_as(java.lang.String)&amp#27;[0m
  &amp#27;[32mAnd &amp#27;[0m&amp#27;[32mUser click on &amp#27;[0m&amp#27;[32m&amp#27;[1m"Apply"&amp#27;[0m&amp#27;[32m button&amp#27;[0m                                                                                      &amp#27;[90m# stepdefinitions.CommonDefinitions.user_click_on_button(java.lang.String)&amp#27;[0m
  &amp#27;[32mAnd &amp#27;[0m&amp#27;[32mUser click on &amp#27;[0m&amp#27;[32m&amp#27;[1m"Issuing"&amp#27;[0m&amp#27;[32m tab&amp#27;[0m                                                                                       &amp#27;[90m# stepdefinitions.CommonDefinitions.user_click_on_tab(java.lang.String)&amp#27;[0m
  &amp#27;[32mAnd &amp#27;[0m&amp#27;[32mUser wait for &amp#27;[0m&amp#27;[32m&amp#27;[1m"5"&amp#27;[0m&amp#27;[32m seconds&amp#27;[0m                                                                                         &amp#27;[90m# stepdefinitions.CommonDefinitions.user_wait_for_seconds(java.lang.String)&amp#27;[0m
  &amp#27;[32mGiven &amp#27;[0m&amp#27;[32mUser click on &amp#27;[0m&amp#27;[32m&amp#27;[1m"Issue New Stock"&amp#27;[0m&amp#27;[32m button&amp#27;[0m                                                                          &amp#27;[90m# stepdefinitions.CommonDefinitions.user_click_on_button(java.lang.String)&amp#27;[0m
  &amp#27;[32mAnd &amp#27;[0m&amp#27;[32m&amp#27;[0m&amp#27;[32m&amp#27;[1m"Issue New Stock"&amp#27;[0m&amp#27;[32m text is visible&amp#27;[0m                                                                                 &amp#27;[90m# stepdefinitions.CommonDefinitions.text_is_visible(java.lang.String)&amp#27;[0m
  &amp#27;[32mAnd &amp#27;[0m&amp#27;[32mUser select &amp#27;[0m&amp#27;[32m&amp#27;[1m"Requisition"&amp#27;[0m&amp#27;[32m from &amp#27;[0m&amp#27;[32m&amp#27;[1m"Issue Type"&amp#27;[0m&amp#27;[32m in &amp#27;[0m&amp#27;[32m&amp#27;[1m"Issuing"&amp#27;[0m&amp#27;[32m tab&amp#27;[0m                                                      &amp#27;[90m# stepdefinitions.CommonDefinitions.user_select_from_in_tab(java.lang.String,java.lang.String,java.lang.String)&amp#27;[0m
  &amp#27;[32mAnd &amp#27;[0m&amp#27;[32mUser type and select &amp#27;[0m&amp#27;[32m&amp#27;[1m"Dubai 2"&amp#27;[0m&amp#27;[32m from &amp#27;[0m&amp#27;[32m&amp#27;[1m"Recipient Store / Reason"&amp#27;[0m&amp#27;[32m in &amp#27;[0m&amp#27;[32m&amp#27;[1m"Issuing"&amp#27;[0m&amp#27;[32m tab&amp#27;[0m                                   &amp#27;[90m# stepdefinitions.CommonDefinitions.user_type_and_select_from(java.lang.String,java.lang.String,java.lang.String)&amp#27;[0m
  &amp#27;[32mAnd &amp#27;[0m&amp#27;[32mUser select &amp#27;[0m&amp#27;[32m&amp#27;[1m"No"&amp#27;[0m&amp#27;[32m from &amp#27;[0m&amp#27;[32m&amp#27;[1m"Distributed Late"&amp#27;[0m&amp#27;[32m in &amp#27;[0m&amp#27;[32m&amp#27;[1m"Issuing"&amp#27;[0m&amp#27;[32m tab&amp#27;[0m                                                         &amp#27;[90m# stepdefinitions.CommonDefinitions.user_select_from_in_tab(java.lang.String,java.lang.String,java.lang.String)&amp#27;[0m
  &amp#27;[32mAnd &amp#27;[0m&amp#27;[32mUser enter random text in &amp#27;[0m&amp#27;[32m&amp#27;[1m"internationaRef"&amp#27;[0m                                                                       &amp#27;[90m# stepdefinitions.CommonDefinitions.user_enter_random_text_in(java.lang.String)&amp#27;[0m
  &amp#27;[32mWhen &amp#27;[0m&amp#27;[32mUser click on &amp#27;[0m&amp#27;[32m&amp#27;[1m"Add Line to Issue"&amp#27;[0m&amp#27;[32m button&amp#27;[0m                                                                         &amp#27;[90m# stepdefinitions.CommonDefinitions.user_click_on_button(java.lang.String)&amp#27;[0m
  &amp#27;[32mThen &amp#27;[0m&amp#27;[32m&amp#27;[0m&amp#27;[32m&amp#27;[1m"Add Product to Issue"&amp#27;[0m&amp#27;[32m heading is visible&amp#27;[0m                                                                        &amp#27;[90m# stepdefinitions.CommonDefinitions.heading_is_visible(java.lang.String)&amp#27;[0m
  &amp#27;[32mAnd &amp#27;[0m&amp#27;[32mUser select &amp#27;[0m&amp#27;[32m&amp#27;[1m"Vaccine"&amp#27;[0m&amp#27;[32m from &amp#27;[0m&amp#27;[32m&amp#27;[1m"Product Type"&amp#27;[0m&amp#27;[32m in &amp#27;[0m&amp#27;[32m&amp#27;[1m"Issuing"&amp#27;[0m&amp#27;[32m tab&amp#27;[0m                                                        &amp#27;[90m# stepdefinitions.CommonDefinitions.user_select_from_in_tab(java.lang.String,java.lang.String,java.lang.String)&amp#27;[0m
  &amp#27;[32mAnd &amp#27;[0m&amp#27;[32mUser select &amp#27;[0m&amp#27;[32m&amp#27;[1m"YF"&amp#27;[0m&amp#27;[32m from &amp#27;[0m&amp#27;[32m&amp#27;[1m"Product"&amp#27;[0m&amp#27;[32m in &amp#27;[0m&amp#27;[32m&amp#27;[1m"Issuing"&amp#27;[0m&amp#27;[32m tab&amp#27;[0m                                                                  &amp#27;[90m# stepdefinitions.CommonDefinitions.user_select_from_in_tab(java.lang.String,java.lang.String,java.lang.String)&amp#27;[0m
  &amp#27;[32mAnd &amp#27;[0m&amp#27;[32mUser select &amp#27;[0m&amp#27;[32m&amp#27;[1m"200A"&amp#27;[0m&amp#27;[32m from &amp#27;[0m&amp#27;[32m&amp#27;[1m"Batch Number"&amp#27;[0m&amp#27;[32m in &amp#27;[0m&amp#27;[32m&amp#27;[1m"Issuing"&amp#27;[0m&amp#27;[32m tab&amp#27;[0m                                                           &amp#27;[90m# stepdefinitions.CommonDefinitions.user_select_from_in_tab(java.lang.String,java.lang.String,java.lang.String)&amp#27;[0m
  &amp#27;[32mAnd &amp#27;[0m&amp#27;[32mUser wait for &amp#27;[0m&amp#27;[32m&amp#27;[1m"3"&amp#27;[0m&amp#27;[32m seconds&amp#27;[0m                                                                                         &amp#27;[90m# stepdefinitions.CommonDefinitions.user_wait_for_seconds(java.lang.String)&amp#27;[0m
  &amp#27;[32mAnd &amp#27;[0m&amp#27;[32mUser enter &amp#27;[0m&amp#27;[32m&amp#27;[1m"1"&amp#27;[0m&amp#27;[32m in &amp#27;[0m&amp#27;[32m&amp#27;[1m"dosesOrUnit"&amp#27;[0m                                                                                   &amp#27;[90m# stepdefinitions.CommonDefinitions.user_enter_in(java.lang.String,java.lang.String)&amp#27;[0m
  &amp#27;[32mAnd &amp#27;[0m&amp#27;[32mUser enter random text in &amp#27;[0m&amp#27;[32m&amp#27;[1m"comment"&amp#27;[0m                                                                               &amp#27;[90m# stepdefinitions.CommonDefinitions.user_enter_random_text_in(java.lang.String)&amp#27;[0m
  &amp#27;[32mWhen &amp#27;[0m&amp#27;[32mUser click on &amp#27;[0m&amp#27;[32m&amp#27;[1m"Save"&amp#27;[0m&amp#27;[32m button&amp#27;[0m                                                                                      &amp#27;[90m# stepdefinitions.CommonDefinitions.user_click_on_button(java.lang.String)&amp#27;[0m
  &amp#27;[32mAnd &amp#27;[0m&amp#27;[32mUser wait for &amp#27;[0m&amp#27;[32m&amp#27;[1m"3"&amp#27;[0m&amp#27;[32m seconds&amp#27;[0m                                                                                         &amp#27;[90m# stepdefinitions.CommonDefinitions.user_wait_for_seconds(java.lang.String)&amp#27;[0m
  &amp#27;[32mThen &amp#27;[0m&amp#27;[32mIssuing line is created successfully&amp#27;[0m                                                                             &amp#27;[90m# stepdefinitions.StoreOperator.IssuingDefinition.issuing_line_is_created_sucessfully()&amp#27;[0m
  &amp#27;[32mAnd &amp#27;[0m&amp#27;[32mIssuing line Data is visible in issuing line table to user&amp#27;[0m                                                        &amp#27;[90m# stepdefinitions.StoreOperator.IssuingDefinition.issuing_line_data_is_visible_in_issuing_line_table_to_user()&amp#27;[0m
  &amp#27;[32mAnd &amp#27;[0m&amp#27;[32mUser click on &amp#27;[0m&amp#27;[32m&amp#27;[1m"Save as draft and go back"&amp#27;[0m&amp#27;[32m button&amp#27;[0m                                                                  &amp#27;[90m# stepdefinitions.CommonDefinitions.user_click_on_button(java.lang.String)&amp#27;[0m
  &amp#27;[32mAnd &amp#27;[0m&amp#27;[32mUser wait for &amp#27;[0m&amp#27;[32m&amp#27;[1m"10"&amp#27;[0m&amp#27;[32m seconds&amp#27;[0m                                                                                        &amp#27;[90m# stepdefinitions.CommonDefinitions.user_wait_for_seconds(java.lang.String)&amp#27;[0m
  &amp#27;[31mAnd &amp#27;[0m&amp#27;[31mValidate issuing state is &amp#27;[0m&amp#27;[31m&amp#27;[1m"Draft"&amp#27;[0m                                                                                 &amp#27;[90m# stepdefinitions.StoreOperator.IssuingDefinition.validate_issuing_state_is(java.lang.String)&amp#27;[0m
      &amp#27;[31morg.junit.ComparisonFailure: expected:<[Draft]> but was:<[Complete]>
	at org.junit.Assert.assertEquals(Assert.java:117)
	at org.junit.Assert.assertEquals(Assert.java:146)
	at pages.StoreOperator.IssuingPage.validateStateOfIssuingEntry(IssuingPage.java:73)
	at pages.StoreOperator.IssuingPage$ByteBuddy$a4PlfOPg.validateStateOfIssuingEntry$accessor$l54xKcOE(Unknown Source)
	at sun.reflect.NativeMethodAccessorImpl.invoke0(Native Method)
	at sun.reflect.NativeMethodAccessorImpl.invoke(NativeMethodAccessorImpl.java:62)
	at sun.reflect.DelegatingMethodAccessorImpl.invoke(DelegatingMethodAccessorImpl.java:43)
	at java.lang.reflect.Method.invoke(Method.java:498)
	at net.thucydides.core.steps.BaseMethodRunner.invokeMethod(BaseMethodRunner.java:18)
	at net.thucydides.core.steps.NormalMethodRunner.invokeMethodAndNotifyFailures(NormalMethodRunner.java:18)
	at net.thucydides.core.steps.StepInterceptor.runNormalMethod(StepInterceptor.java:406)
	at net.thucydides.core.steps.StepInterceptor.testStepResult(StepInterceptor.java:191)
	at net.thucydides.core.steps.StepInterceptor.intercept(StepInterceptor.java:84)
	at net.thucydides.core.steps.ProxyConfiguration$InterceptorDispatcher.intercept(ProxyConfiguration.java:51)
	at pages.StoreOperator.IssuingPage$ByteBuddy$a4PlfOPg.validateStateOfIssuingEntry(Unknown Source)
	at stepdefinitions.StoreOperator.IssuingDefinition.validate_issuing_state_is(IssuingDefinition.java:80)
	at ✽.Validate issuing state is "Draft"(file:///C:/Users/Sandeepkumar.Phalke/eclipse-workspace/UNICEF_SerenityBDD_Automation_Framework/src/test/resources/features/StoreOperator/Issuing.feature:116)
&amp#27;[0m
  &amp#27;[36mAnd &amp#27;[0m&amp#27;[36mUser edit the Issuing data&amp#27;[0m                                                                                        &amp#27;[90m# stepdefinitions.StoreOperator.IssuingDefinition.user_edit_the_issuing_data()&amp#27;[0m
  &amp#27;[36mWhen &amp#27;[0m&amp#27;[36mUser delete the line in issuing&amp#27;[0m                                                                                  &amp#27;[90m# stepdefinitions.StoreOperator.IssuingDefinition.user_delete_the_line_in_issuing()&amp#27;[0m
  &amp#27;[36mAnd &amp#27;[0m&amp#27;[36mUser click on &amp#27;[0m&amp#27;[36m&amp#27;[1m"Yes"&amp#27;[0m&amp#27;[36m button&amp#27;[0m                                                                                        &amp#27;[90m# stepdefinitions.CommonDefinitions.user_click_on_button(java.lang.String)&amp#27;[0m
  &amp#27;[36mThen &amp#27;[0m&amp#27;[36mIssuing line is deleted successfully&amp#27;[0m                                                                             &amp#27;[90m# stepdefinitions.StoreOperator.IssuingDefinition.issuing_line_is_deleted_sucessfully()&amp#27;[0m
  &amp#27;[36mAnd &amp#27;[0m&amp#27;[36mIssuing line Data is not visible in issuing line table to user&amp#27;[0m                                                    &amp#27;[90m# stepdefinitions.StoreOperator.IssuingDefinition.issuing_line_data_is_not_visible_in_storage_data_table_to_user()&amp#27;[0m
  &amp#27;[36mWhen &amp#27;[0m&amp#27;[36mUser click on &amp#27;[0m&amp#27;[36m&amp#27;[1m"Save as draft and go back"&amp#27;[0m&amp#27;[36m button&amp#27;[0m                                                                 &amp#27;[90m# stepdefinitions.CommonDefinitions.user_click_on_button(java.lang.String)&amp#27;[0m
  &amp#27;[36mAnd &amp#27;[0m&amp#27;[36mUser wait for &amp#27;[0m&amp#27;[36m&amp#27;[1m"7"&amp#27;[0m&amp#27;[36m seconds&amp#27;[0m                                                                                         &amp#27;[90m# stepdefinitions.CommonDefinitions.user_wait_for_seconds(java.lang.String)&amp#27;[0m
  &amp#27;[36mAnd &amp#27;[0m&amp#27;[36mUser delete the Issuing data&amp#27;[0m                                                                                      &amp#27;[90m# stepdefinitions.StoreOperator.IssuingDefinition.user_delete_the_issuing_data()&amp#27;[0m
  &amp#27;[36mAnd &amp#27;[0m&amp#27;[36mUser click on &amp#27;[0m&amp#27;[36m&amp#27;[1m"Yes"&amp#27;[0m&amp#27;[36m button&amp#27;[0m                                                                                        &amp#27;[90m# stepdefinitions.CommonDefinitions.user_click_on_button(java.lang.String)&amp#27;[0m
  &amp#27;[36mAnd &amp#27;[0m&amp#27;[36mUser wait for &amp#27;[0m&amp#27;[36m&amp#27;[1m"3"&amp#27;[0m&amp#27;[36m seconds&amp#27;[0m                                                                                         &amp#27;[90m# stepdefinitions.CommonDefinitions.user_wait_for_seconds(java.lang.String)&amp#27;[0m
  &amp#27;[36mThen &amp#27;[0m&amp#27;[36mIssuing data is deleted successfully&amp#27;[0m                                                                             &amp#27;[90m# stepdefinitions.StoreOperator.IssuingDefinition.issuing_is_deleted_sucessfully()&amp#27;[0m
  &amp#27;[36mAnd &amp#27;[0m&amp#27;[36mIssuing Data is not visible in issuing table to user&amp#27;[0m                                                              &amp#27;[90m# stepdefinitions.StoreOperator.IssuingDefinition.issuing_data_is_not_visible_in_issuing_table_to_user()&amp#27;[0m
  &amp#27;[36mAnd &amp#27;[0m&amp#27;[36mUser wait for &amp#27;[0m&amp#27;[36m&amp#27;[1m"60"&amp#27;[0m&amp#27;[36m seconds&amp#27;[0m                                                                                        &amp#27;[90m# stepdefinitions.CommonDefinitions.user_wait_for_seconds(java.lang.String)&amp#27;[0m
10:59:51.374 [main] ERROR  - 
  _____   ___   ___   _____     ___     _     ___   _      ___   ___  
 |_   _| | __| / __| |_   _|   | __|   /_\   |_ _| | |    | __| |   \ 
   | |   | _|  \__ \   | |     | _|   / _ \   | |  | |__  | _|  | |) |
   |_|   |___| |___/   |_|     |_|   /_/ \_\ |___| |____| |___| |___/ 

Verify user is able to delete issuing line and delete issuing requisition type data before finalizing
-----------------------------------------------------------------------
10:59:51.374 [main] ERROR  -     Test failed at step: Validate state of issuing entry: Draft
10:59:51.374 [main] ERROR  -     expected:<[Draft]> but was:<[Complete]>
]]></system-out>
      <system-err><![CDATA[Starting ChromeDriver 109.0.5414.74 (e7c5703604daa9cc128ccf5a5d3e993513758913-refs/branch-heads/5414@{#1172}) on port 21076
Only local connections are allowed.
Please see https://chromedriver.chromium.org/security-considerations for suggestions on keeping ChromeDriver safe.
ChromeDriver was started successfully.
Jan 31, 2023 10:58:57 AM org.openqa.selenium.devtools.CdpVersionFinder findNearestMatch
WARNING: Unable to find an exact match for CDP version 109, so returning the closest version found: 107
]]></system-err>
    </rerunFailure>
    <rerunFailure type="org.junit.ComparisonFailure">
      <stackTrace><![CDATA[org.junit.ComparisonFailure: expected:<[Draft]> but was:<[Complete]>
]]></stackTrace>
      <system-out><![CDATA[11:06:02.482 [main] INFO  i.c.core.plugin.SerenityReporter - Running feature from file:///C:/Users/Sandeepkumar.Phalke/eclipse-workspace/UNICEF_SerenityBDD_Automation_Framework/src/test/resources/features/Generic/LanguageChange.feature
11:06:02.482 [main] INFO   - Test Suite Started: Language change in SMT application
11:06:02.482 [main] INFO  i.c.core.plugin.SerenityReporter - Running feature from file:///C:/Users/Sandeepkumar.Phalke/eclipse-workspace/UNICEF_SerenityBDD_Automation_Framework/src/test/resources/features/Generic/SignIn.feature
11:06:02.482 [main] INFO   - Test Suite Started: Login to SMT application
11:06:02.482 [main] INFO  i.c.core.plugin.SerenityReporter - Running feature from file:///C:/Users/Sandeepkumar.Phalke/eclipse-workspace/UNICEF_SerenityBDD_Automation_Framework/src/test/resources/features/SDAdmin/CreateUser.feature
11:06:02.482 [main] INFO   - Test Suite Started: Creation of user in SMT application
11:06:02.482 [main] INFO  i.c.core.plugin.SerenityReporter - Running feature from file:///C:/Users/Sandeepkumar.Phalke/eclipse-workspace/UNICEF_SerenityBDD_Automation_Framework/src/test/resources/features/StoreOperator/Arrivals.feature
11:06:02.505 [main] INFO   - Test Suite Started: Arrivals tab in SMT application for Store Operator user
11:06:02.505 [main] INFO  i.c.core.plugin.SerenityReporter - Running feature from file:///C:/Users/Sandeepkumar.Phalke/eclipse-workspace/UNICEF_SerenityBDD_Automation_Framework/src/test/resources/features/StoreOperator/Issuing.feature
11:06:02.508 [main] INFO   - Test Suite Started: Issuing tab in SMT application for Store Operator user
11:06:02.509 [main] INFO  i.c.core.plugin.SerenityReporter - Running feature from file:///C:/Users/Sandeepkumar.Phalke/eclipse-workspace/UNICEF_SerenityBDD_Automation_Framework/src/test/resources/features/StoreOperator/PhysicalCountAndAdjustments.feature
11:06:02.511 [main] INFO   - Test Suite Started: Physical Count & Adjustments tab in SMT application for Store Operator user
[...]
Driver info: org.openqa.selenium.chrome.ChromeDriver
Command: [224c8927c6de36050ff479aaf9f7cfa3, findElement {using=xpath, value=//table[@aria-label='caption table']//tbody//tr//td[text()='AutoTest310123110638']//following::td[14]//button[@title='Edit']}]
Capabilities {acceptInsecureCerts: false, browserName: chrome, browserVersion: 109.0.5414.75, chrome: {chromedriverVersion: 109.0.5414.74 (e7c5703604da..., userDataDir: C:\Users\SANDEE~1.PHA\AppDa...}, goog:chromeOptions: {debuggerAddress: localhost:55136}, networkConnectionEnabled: false, pageLoadStrategy: normal, platformName: WINDOWS, proxy: Proxy(), se:cdp: ws://localhost:55136/devtoo..., se:cdpVersion: 109.0.5414.75, setWindowRect: true, strictFileInteractability: false, timeouts: {implicit: 0, pageLoad: 300000, script: 30000}, unhandledPromptBehavior: dismiss and notify, webauthn:extension:credBlob: true, webauthn:extension:largeBlob: true, webauthn:virtualAuthenticators: true}
Session ID: 224c8927c6de36050ff479aaf9f7cfa3
]]></stackTrace>
      <system-out><![CDATA[11:07:00.094 [main] INFO  i.c.core.plugin.SerenityReporter - Running feature from file:///C:/Users/Sandeepkumar.Phalke/eclipse-workspace/UNICEF_SerenityBDD_Automation_Framework/src/test/resources/features/StoreOperator/TempLogging.feature
11:07:00.104 [main] INFO   - Test Suite Started: Temperature Logging tab in SMT application for Store Operator user

Scenario: Verify user is able to cancel details of temperature, alarms &amp#27;[90m# src/test/resources/features/StoreOperator/TempLogging.feature:49&amp#27;[0m
11:07:00.120 [main] INFO  i.c.core.plugin.SerenityReporter - Running feature from file:///C:/Users/Sandeepkumar.Phalke/eclipse-workspace/UNICEF_SerenityBDD_Automation_Framework/src/test/resources/features/StoreOperator/TempLogging.feature
11:07:00.122 [main] INFO   - 
  _____   ___   ___   _____     ___   _____     _     ___   _____   ___   ___  
 |_   _| | __| / __| |_   _|   / __| |_   _|   /_\   | _ \ |_   _| | __| |   \ 
   | |   | _|  \__ \   | |     \__ \   | |    / _ \  |   /   | |   | _|  | |) |
   |_|   |___| |___/   |_|     |___/   |_|   /_/ \_\ |_|_\   |_|   |___| |___/ 

Verify user is able to cancel details of temperature, alarms(temperature-logging-tab-in-smt-application-for-store-operator-user;verify-user-is-able-to-cancel-details-of-temperature--alarms)
--------------------------------------------------------------------------------
11:07:00.320 [main] INFO  n.s.c.w.d.ChromeDriverProvider - Starting Chrome driver instance with capabilities:
11:07:00.321 [main] INFO  n.s.c.w.d.ChromeDriverProvider - Capabilities {acceptInsecureCerts: false, browserName: chrome, goog:chromeOptions: {args: [test-type, no-sandbox, ignore-certificate-errors, --window-size=1000,800, incognito, disable-infobars, disable-gpu, disable-default-apps, disable-popup-blocking], extensions: []}}
  &amp#27;[32mGiven &amp#27;[0m&amp#27;[32mUser is on home page of SMT application&amp#27;[0m                        &amp#27;[90m# stepdefinitions.CommonDefinitions.user_is_on_home_page_of_smt_application()&amp#27;[0m
  &amp#27;[32mAnd &amp#27;[0m&amp#27;[32mUser is able to see login button on home page&amp#27;[0m                    &amp#27;[90m# stepdefinitions.HomeDefinitions.user_is_able_to_see_login_button_on_home_page()&amp#27;[0m
  &amp#27;[32mWhen &amp#27;[0m&amp#27;[32mUser click on login button&amp#27;[0m                                      &amp#27;[90m# stepdefinitions.HomeDefinitions.user_click_on_login_button()&amp#27;[0m
  &amp#27;[32mAnd &amp#27;[0m&amp#27;[32mUser click on Proceed To Login button in &amp#27;[0m&amp#27;[32m&amp#27;[1m"English"&amp#27;[0m               &amp#27;[90m# stepdefinitions.HomeDefinitions.user_click_on_proceed_to_login_button_in(java.lang.String)&amp#27;[0m
  &amp#27;[32mThen &amp#27;[0m&amp#27;[32mUser login as &amp#27;[0m&amp#27;[32m&amp#27;[1m"Store Operator"&amp#27;[0m                                  &amp#27;[90m# stepdefinitions.CommonDefinitions.user_login_as(java.lang.String)&amp#27;[0m
  &amp#27;[32mAnd &amp#27;[0m&amp#27;[32mUser click on &amp#27;[0m&amp#27;[32m&amp#27;[1m"Apply"&amp#27;[0m&amp#27;[32m button&amp#27;[0m                                     &amp#27;[90m# stepdefinitions.CommonDefinitions.user_click_on_button(java.lang.String)&amp#27;[0m
  &amp#27;[32mAnd &amp#27;[0m&amp#27;[32mUser wait for &amp#27;[0m&amp#27;[32m&amp#27;[1m"5"&amp#27;[0m&amp#27;[32m seconds&amp#27;[0m                                        &amp#27;[90m# stepdefinitions.CommonDefinitions.user_wait_for_seconds(java.lang.String)&amp#27;[0m
  &amp#27;[32mGiven &amp#27;[0m&amp#27;[32mUser click on &amp#27;[0m&amp#27;[32m&amp#27;[1m"Temp Logging"&amp#27;[0m&amp#27;[32m tab&amp#27;[0m                               &amp#27;[90m# stepdefinitions.CommonDefinitions.user_click_on_tab(java.lang.String)&amp#27;[0m
  &amp#27;[32mAnd &amp#27;[0m&amp#27;[32mUser wait for &amp#27;[0m&amp#27;[32m&amp#27;[1m"3"&amp#27;[0m&amp#27;[32m seconds&amp#27;[0m                                        &amp#27;[90m# stepdefinitions.CommonDefinitions.user_wait_for_seconds(java.lang.String)&amp#27;[0m
  &amp#27;[31mAnd &amp#27;[0m&amp#27;[31mUser click on &amp#27;[0m&amp#27;[31m&amp#27;[1m"Edit"&amp#27;[0m&amp#27;[31m button in templogging tab&amp#27;[0m                   &amp#27;[90m# stepdefinitions.StoreOperator.TempLoggingDefinition.user_click_on_button_in_templogging_tab(java.lang.String)&amp#27;[0m
      &amp#27;[31mnet.thucydides.core.webdriver.exceptions.ElementShouldBeEnabledException: Expected enabled element was not enabled
	at net.serenitybdd.core.pages.WebElementFacadeImpl.waitUntilClickable(WebElementFacadeImpl.java:1134)
	at pages.StoreOperator.TempLoggingPage.clickOnEditTemperatureButton(TempLoggingPage.java:18)
	at pages.StoreOperator.TempLoggingPage$ByteBuddy$IbiWJdeL.clickOnEditTemperatureButton$accessor$vmvSb0j8(Unknown Source)
	at sun.reflect.NativeMethodAccessorImpl.invoke0(Native Method)
	at sun.reflect.NativeMethodAccessorImpl.invoke(NativeMethodAccessorImpl.java:62)
	at sun.reflect.DelegatingMethodAccessorImpl.invoke(DelegatingMethodAccessorImpl.java:43)
	at java.lang.reflect.Method.invoke(Method.java:498)
	at net.thucydides.core.steps.StepInterceptor.invokeMethod(StepInterceptor.java:503)
	at net.thucydides.core.steps.StepInterceptor.executeTestStepMethod(StepInterceptor.java:483)
	at net.thucydides.core.steps.StepInterceptor.runTestStep(StepInterceptor.java:457)
	at net.thucydides.core.steps.StepInterceptor.runOrSkipMethod(StepInterceptor.java:209)
	at net.thucydides.core.steps.StepInterceptor.testStepResult(StepInterceptor.java:196)
	at net.thucydides.core.steps.StepInterceptor.intercept(StepInterceptor.java:84)
	at net.thucydides.core.steps.ProxyConfiguration$InterceptorDispatcher.intercept(ProxyConfiguration.java:51)
	at pages.StoreOperator.TempLoggingPage$ByteBuddy$IbiWJdeL.clickOnEditTemperatureButton(Unknown Source)
	at stepdefinitions.StoreOperator.TempLoggingDefinition.user_click_on_button_in_templogging_tab(TempLoggingDefinition.java:23)
	at ✽.User click on "Edit" button in templogging tab(file:///C:/Users/Sandeepkumar.Phalke/eclipse-workspace/UNICEF_SerenityBDD_Automation_Framework/src/test/resources/features/StoreOperator/TempLogging.feature:52)
Caused by: org.openqa.selenium.TimeoutException: Expected condition failed: waiting for By.xpath: //table[@aria-label='caption table']//tbody//tr//td[text()='AutoTest310123110638']//following::td[14]//button[@title='Edit'] to be clickable (tried for 5 second(s) with 100 milliseconds interval)
	at org.openqa.selenium.support.ui.FluentWait.timeoutException(FluentWait.java:263)
	at org.openqa.selenium.support.ui.FluentWait.until(FluentWait.java:231)
	at net.serenitybdd.core.pages.WebElementFacadeImpl.waitUntilClickable(WebElementFacadeImpl.java:1131)
	at pages.StoreOperator.TempLoggingPage.clickOnEditTemperatureButton(TempLoggingPage.java:18)
	at pages.StoreOperator.TempLoggingPage$ByteBuddy$IbiWJdeL.clickOnEditTemperatureButton$accessor$vmvSb0j8(Unknown Source)
	at sun.reflect.NativeMethodAccessorImpl.invoke0(Native Method)
	at sun.reflect.NativeMethodAccessorImpl.invoke(NativeMethodAccessorImpl.java:62)
	at sun.reflect.DelegatingMethodAccessorImpl.invoke(DelegatingMethodAccessorImpl.java:43)
	at java.lang.reflect.Method.invoke(Method.java:498)
	at net.thucydides.core.steps.StepInterceptor.invokeMethod(StepInterceptor.java:503)
	at net.thucydides.core.steps.StepInterceptor.executeTestStepMethod(StepInterceptor.java:483)
	at net.thucydides.core.steps.StepInterceptor.runTestStep(StepInterceptor.java:457)
	at net.thucydides.core.steps.StepInterceptor.runOrSkipMethod(StepInterceptor.java:209)
	at net.thucydides.core.steps.StepInterceptor.testStepResult(StepInterceptor.java:196)
	at net.thucydides.core.steps.StepInterceptor.intercept(StepInterceptor.java:84)
	at net.thucydides.core.steps.ProxyConfiguration$InterceptorDispatcher.intercept(ProxyConfiguration.java:51)
	at pages.StoreOperator.TempLoggingPage$ByteBuddy$IbiWJdeL.clickOnEditTemperatureButton(Unknown Source)
	at stepdefinitions.StoreOperator.TempLoggingDefinition.user_click_on_button_in_templogging_tab(TempLoggingDefinition.java:23)
	at sun.reflect.NativeMethodAccessorImpl.invoke0(Native Method)
	at sun.reflect.NativeMethodAccessorImpl.invoke(NativeMethodAccessorImpl.java:62)
	at sun.reflect.DelegatingMethodAccessorImpl.invoke(DelegatingMethodAccessorImpl.java:43)
	at java.lang.reflect.Method.invoke(Method.java:498)
	at io.cucumber.java.Invoker.doInvoke(Invoker.java:66)
	at io.cucumber.java.Invoker.invoke(Invoker.java:24)
	at io.cucumber.java.AbstractGlueDefinition.invokeMethod(AbstractGlueDefinition.java:47)
	at io.cucumber.java.JavaStepDefinition.execute(JavaStepDefinition.java:29)
	at io.cucumber.core.runner.CoreStepDefinition.execute(CoreStepDefinition.java:66)
	at io.cucumber.core.runner.PickleStepDefinitionMatch.runStep(PickleStepDefinitionMatch.java:63)
	at io.cucumber.core.runner.ExecutionMode$1.execute(ExecutionMode.java:10)
	at io.cucumber.core.runner.TestStep.executeStep(TestStep.java:85)
	at io.cucumber.core.runner.TestStep.run(TestStep.java:57)
	at io.cucumber.core.runner.PickleStepTestStep.run(PickleStepTestStep.java:51)
	at io.cucumber.core.runner.TestCase.run(TestCase.java:84)
	at io.cucumber.core.runner.Runner.runPickle(Runner.java:75)
	at io.cucumber.junit.PickleRunners$NoStepDescriptions.lambda$run$0(PickleRunners.java:151)
	at io.cucumber.core.runtime.CucumberExecutionContext.lambda$runTestCase$5(CucumberExecutionContext.java:129)
	at io.cucumber.core.runtime.RethrowingThrowableCollector.executeAndThrow(RethrowingThrowableCollector.java:23)
	at io.cucumber.core.runtime.CucumberExecutionContext.runTestCase(CucumberExecutionContext.java:129)
	at io.cucumber.junit.PickleRunners$NoStepDescriptions.run(PickleRunners.java:148)
	at io.cucumber.junit.FeatureRunner.runChild(FeatureRunner.java:144)
	at io.cucumber.junit.FeatureRunner.runChild(FeatureRunner.java:28)
	at org.junit.runners.ParentRunner$4.run(ParentRunner.java:331)
	at org.junit.runners.ParentRunner$1.schedule(ParentRunner.java:79)
	at org.junit.runners.ParentRunner.runChildren(ParentRunner.java:329)
	at org.junit.runners.ParentRunner.access$100(ParentRunner.java:66)
	at org.junit.runners.ParentRunner$2.evaluate(ParentRunner.java:293)
	at org.junit.runners.ParentRunner$3.evaluate(ParentRunner.java:306)
	at org.junit.runners.ParentRunner.run(ParentRunner.java:413)
	at io.cucumber.junit.FeatureRunner.run(FeatureRunner.java:137)
	at io.cucumber.junit.CucumberSerenityRunner.runChild(CucumberSerenityRunner.java:259)
	at io.cucumber.junit.CucumberSerenityRunner.runChild(CucumberSerenityRunner.java:59)
	at org.junit.runners.ParentRunner$4.run(ParentRunner.java:331)
	at org.junit.runners.ParentRunner$1.schedule(ParentRunner.java:79)
	at org.junit.runners.ParentRunner.runChildren(ParentRunner.java:329)
	at org.junit.runners.ParentRunner.access$100(ParentRunner.java:66)
	at org.junit.runners.ParentRunner$2.evaluate(ParentRunner.java:293)
	at io.cucumber.junit.CucumberSerenityRunner$RunCucumber.evaluate(CucumberSerenityRunner.java:288)
	at org.junit.runners.ParentRunner$3.evaluate(ParentRunner.java:306)
	at org.junit.runners.ParentRunner.run(ParentRunner.java:413)
	at org.junit.runner.JUnitCore.run(JUnitCore.java:137)
	at org.junit.runner.JUnitCore.run(JUnitCore.java:115)
	at org.junit.vintage.engine.execution.RunnerExecutor.execute(RunnerExecutor.java:42)
	at org.junit.vintage.engine.VintageTestEngine.executeAllChildren(VintageTestEngine.java:80)
	at org.junit.vintage.engine.VintageTestEngine.execute(VintageTestEngine.java:72)
	at org.junit.platform.launcher.core.EngineExecutionOrchestrator.execute(EngineExecutionOrchestrator.java:107)
	at org.junit.platform.launcher.core.EngineExecutionOrchestrator.execute(EngineExecutionOrchestrator.java:88)
	at org.junit.platform.launcher.core.EngineExecutionOrchestrator.lambda$execute$0(EngineExecutionOrchestrator.java:54)
	at org.junit.platform.launcher.core.EngineExecutionOrchestrator.withInterceptedStreams(EngineExecutionOrchestrator.java:67)
	at org.junit.platform.launcher.core.EngineExecutionOrchestrator.execute(EngineExecutionOrchestrator.java:52)
	at org.junit.platform.launcher.core.DefaultLauncher.execute(DefaultLauncher.java:114)
	at org.junit.platform.launcher.core.DefaultLauncher.execute(DefaultLauncher.java:86)
	at org.junit.platform.launcher.core.DefaultLauncherSession$DelegatingLauncher.execute(DefaultLauncherSession.java:86)
	at org.junit.platform.launcher.core.SessionPerRequestLauncher.execute(SessionPerRequestLauncher.java:53)
	at org.apache.maven.surefire.junitplatform.JUnitPlatformProvider.invokeAllTests(JUnitPlatformProvider.java:165)
	at org.apache.maven.surefire.junitplatform.JUnitPlatformProvider.invoke(JUnitPlatformProvider.java:128)
	at org.apache.maven.surefire.booter.ForkedBooter.runSuitesInProcess(ForkedBooter.java:428)
	at org.apache.maven.surefire.booter.ForkedBooter.execute(ForkedBooter.java:162)
	at org.apache.maven.surefire.booter.ForkedBooter.run(ForkedBooter.java:562)
	at org.apache.maven.surefire.booter.ForkedBooter.main(ForkedBooter.java:548)
Caused by: org.openqa.selenium.NoSuchElementException: no such element: Unable to locate element: {"method":"xpath","selector":"//table[@aria-label='caption table']//tbody//tr//td[text()='AutoTest310123110638']//following::td[14]//button[@title='Edit']"}
  (Session info: chrome=109.0.5414.75)
For documentation on this error, please visit: https://selenium.dev/exceptions/#no_such_element
Build info: version: '4.6.0', revision: '79f1c02ae20'
System info: os.name: 'Windows 11', os.arch: 'amd64', os.version: '10.0', java.version: '1.8.0_341'
Driver info: org.openqa.selenium.chrome.ChromeDriver
Command: [224c8927c6de36050ff479aaf9f7cfa3, findElement {using=xpath, value=//table[@aria-label='caption table']//tbody//tr//td[text()='AutoTest310123110638']//following::td[14]//button[@title='Edit']}]
Capabilities {acceptInsecureCerts: false, browserName: chrome, browserVersion: 109.0.5414.75, chrome: {chromedriverVersion: 109.0.5414.74 (e7c5703604da..., userDataDir: C:\Users\SANDEE~1.PHA\AppDa...}, goog:chromeOptions: {debuggerAddress: localhost:55136}, networkConnectionEnabled: false, pageLoadStrategy: normal, platformName: WINDOWS, proxy: Proxy(), se:cdp: ws://localhost:55136/devtoo..., se:cdpVersion: 109.0.5414.75, setWindowRect: true, strictFileInteractability: false, timeouts: {implicit: 0, pageLoad: 300000, script: 30000}, unhandledPromptBehavior: dismiss and notify, webauthn:extension:credBlob: true, webauthn:extension:largeBlob: true, webauthn:virtualAuthenticators: true}
Session ID: 224c8927c6de36050ff479aaf9f7cfa3
	at sun.reflect.GeneratedConstructorAccessor29.newInstance(Unknown Source)
	at sun.reflect.DelegatingConstructorAccessorImpl.newInstance(DelegatingConstructorAccessorImpl.java:45)
	at java.lang.reflect.Constructor.newInstance(Constructor.java:423)
	at org.openqa.selenium.remote.codec.w3c.W3CHttpResponseCodec.createException(W3CHttpResponseCodec.java:200)
	at org.openqa.selenium.remote.codec.w3c.W3CHttpResponseCodec.decode(W3CHttpResponseCodec.java:133)
	at org.openqa.selenium.remote.codec.w3c.W3CHttpResponseCodec.decode(W3CHttpResponseCodec.java:53)
	at org.openqa.selenium.remote.HttpCommandExecutor.execute(HttpCommandExecutor.java:184)
	at org.openqa.selenium.remote.service.DriverCommandExecutor.invokeExecute(DriverCommandExecutor.java:167)
	at org.openqa.selenium.remote.service.DriverCommandExecutor.execute(DriverCommandExecutor.java:142)
	at org.openqa.selenium.remote.RemoteWebDriver.execute(RemoteWebDriver.java:541)
	at org.openqa.selenium.remote.ElementLocation$ElementFinder$2.findElement(ElementLocation.java:162)
	at org.openqa.selenium.remote.ElementLocation.findElement(ElementLocation.java:60)
	at org.openqa.selenium.remote.RemoteWebDriver.findElement(RemoteWebDriver.java:365)
	at org.openqa.selenium.remote.RemoteWebDriver.findElement(RemoteWebDriver.java:357)
	at net.thucydides.core.webdriver.WebDriverFacade.findElement(WebDriverFacade.java:246)
	at net.serenitybdd.core.pages.WebElementResolverByLocator.resolveForDriver(WebElementResolverByLocator.java:25)
	at net.serenitybdd.core.pages.WebElementFacadeImpl.getResolvedElement(WebElementFacadeImpl.java:189)
	at net.serenitybdd.core.pages.WebElementFacadeImpl.getElement(WebElementFacadeImpl.java:184)
	at net.serenitybdd.core.pages.WebElementExpectations$5.apply(WebElementExpectations.java:106)
	at net.serenitybdd.core.pages.WebElementExpectations$5.apply(WebElementExpectations.java:98)
	at org.openqa.selenium.support.ui.FluentWait.until(FluentWait.java:208)
	... 77 more
&amp#27;[0m
  &amp#27;[36mAnd &amp#27;[0m&amp#27;[36mUser enter &amp#27;[0m&amp#27;[36m&amp#27;[1m"valid"&amp#27;[0m&amp#27;[36m temperature details in table&amp#27;[0m                  &amp#27;[90m# stepdefinitions.StoreOperator.TempLoggingDefinition.user_enter_temperature_details_in_table(java.lang.String)&amp#27;[0m
  &amp#27;[36mWhen &amp#27;[0m&amp#27;[36mUser click on &amp#27;[0m&amp#27;[36m&amp#27;[1m"Cancel"&amp#27;[0m&amp#27;[36m button in templogging tab&amp#27;[0m                &amp#27;[90m# stepdefinitions.StoreOperator.TempLoggingDefinition.user_click_on_button_in_templogging_tab(java.lang.String)&amp#27;[0m
  &amp#27;[36mAnd &amp#27;[0m&amp#27;[36mUser click on &amp#27;[0m&amp#27;[36m&amp#27;[1m"Yes"&amp#27;[0m&amp#27;[36m button&amp#27;[0m                                       &amp#27;[90m# stepdefinitions.CommonDefinitions.user_click_on_button(java.lang.String)&amp#27;[0m
  &amp#27;[36mThen &amp#27;[0m&amp#27;[36mTemperature and alarm data is visible in table&amp#27;[0m                  &amp#27;[90m# stepdefinitions.StoreOperator.TempLoggingDefinition.temperature_and_alarm_data_is_visible_in_table()&amp#27;[0m
11:07:57.235 [main] ERROR  - 
  _____   ___   ___   _____     ___     _     ___   _      ___   ___  
 |_   _| | __| / __| |_   _|   | __|   /_\   |_ _| | |    | __| |   \ 
   | |   | _|  \__ \   | |     | _|   / _ \   | |  | |__  | _|  | |) |
   |_|   |___| |___/   |_|     |_|   /_/ \_\ |___| |____| |___| |___/ 

Verify user is able to cancel details of temperature, alarms
-----------------------------------------------------------------------
11:07:57.235 [main] ERROR  -     Test failed at step: Click on edit temperature button: Edit
11:07:57.235 [main] ERROR  -     Expected enabled element was not enabled
]]></system-out>
      <system-err><![CDATA[Starting ChromeDriver 109.0.5414.74 (e7c5703604daa9cc128ccf5a5d3e993513758913-refs/branch-heads/5414@{#1172}) on port 8643
Only local connections are allowed.
Please see https://chromedriver.chromium.org/security-considerations for suggestions on keeping ChromeDriver safe.
ChromeDriver was started successfully.
Jan 31, 2023 11:07:01 AM org.openqa.selenium.devtools.CdpVersionFinder findNearestMatch
WARNING: Unable to find an exact match for CDP version 109, so returning the closest version found: 107
]]></system-err>
    </rerunError>
  </testcase>
</testsuite>