<?xml version="1.0" encoding="UTF-8"?>
<testsuite xmlns:xsi="http://www.w3.org/2001/XMLSchema-instance" xsi:noNamespaceSchemaLocation="https://maven.apache.org/surefire/maven-failsafe-plugin/xsd/failsafe-test-report-3.0.xsd" version="3.0" name="runner.Runner" time="3.902" tests="21" errors="21" skipped="0" failures="0">
  <properties>
[...]
</properties>
  <testcase name="Change language from English to French" classname="Language change in SMT application" time="0.422">
    <error type="io.cucumber.junit.UndefinedStepException"><![CDATA[io.cucumber.junit.UndefinedStepException: 
The step 'User is on home page of SMT application' and 3 other step(s) are undefined.
You can implement these steps using the snippet(s) below:

@Given("User is on home page of SMT application")
public void user_is_on_home_page_of_smt_application() {
    // Write code here that turns the phrase above into concrete actions
    throw new io.cucumber.java.PendingException();
}
@Given("User is able to see login button on home page")
public void user_is_able_to_see_login_button_on_home_page() {
    // Write code here that turns the phrase above into concrete actions
    throw new io.cucumber.java.PendingException();
}
@When("User select {string} from language dropdown")
public void user_select_from_language_dropdown(String string) {
    // Write code here that turns the phrase above into concrete actions
    throw new io.cucumber.java.PendingException();
}
@Then("{string} is displayed on the home page")
public void is_displayed_on_the_home_page(String string) {
    // Write code here that turns the phrase above into concrete actions
    throw new io.cucumber.java.PendingException();
}

]]></error>
    <system-out><![CDATA[13:58:23.811 [main] INFO  i.c.core.plugin.SerenityReporter - Running feature from file:///C:/Users/Sandeepkumar.Phalke/eclipse-workspace/UNICEF_SerenityBDD_Automation_Framework/src/test/resources/features/Generic/LanguageChange.feature
13:58:23.972 [main] INFO   - 

-------------------------------------------------------------------------------------
     _______. _______ .______       _______ .__   __.  __  .___________.____    ____ 
    /       ||   ____||   _  \     |   ____||  \ |  | |  | |           |\   \  /   / 
   |   (----`|  |__   |  |_)  |    |  |__   |   \|  | |  | `---|  |----` \   \/   /  
    \   \    |   __|  |      /     |   __|  |  . `  | |  |     |  |       \_    _/   
.----)   |   |  |____ |  |\  \----.|  |____ |  |\   | |  |     |  |         |  |     
|_______/    |_______|| _| `._____||_______||__| \__| |__|     |__|         |__|    
                                                                                     
 News and tutorials at http://www.serenity-bdd.info                                  
 Documentation at https://wakaleo.gitbooks.io/the-serenity-book/content/             
 Join the Serenity Community on Gitter: https://gitter.im/serenity-bdd/serenity-core 
 Serenity BDD Support and Training at http://serenity-bdd.info/#/trainingandsupport  
-------------------------------------------------------------------------------------

13:58:23.976 [main] INFO   - Test Suite Started: Language change in SMT application
13:58:23.976 [main] INFO  i.c.core.plugin.SerenityReporter - Running feature from file:///C:/Users/Sandeepkumar.Phalke/eclipse-workspace/UNICEF_SerenityBDD_Automation_Framework/src/test/resources/features/Generic/SignIn.feature
13:58:23.992 [main] INFO   - Test Suite Started: Login to SMT application
13:58:23.993 [main] INFO  i.c.core.plugin.SerenityReporter - Running feature from file:///C:/Users/Sandeepkumar.Phalke/eclipse-workspace/UNICEF_SerenityBDD_Automation_Framework/src/test/resources/features/SDAdmin/CreateUser.feature
13:58:23.996 [main] INFO   - Test Suite Started: Creation of user in SMT application
13:58:23.996 [main] INFO  i.c.core.plugin.SerenityReporter - Running feature from file:///C:/Users/Sandeepkumar.Phalke/eclipse-workspace/UNICEF_SerenityBDD_Automation_Framework/src/test/resources/features/StoreOperator/Arrivals.feature
13:58:24.000 [main] INFO   - Test Suite Started: Arrivals tab in SMT application for Store Operator user
13:58:24.000 [main] INFO  i.c.core.plugin.SerenityReporter - Running feature from file:///C:/Users/Sandeepkumar.Phalke/eclipse-workspace/UNICEF_SerenityBDD_Automation_Framework/src/test/resources/features/StoreOperator/Issuing.feature
13:58:24.017 [main] INFO   - Test Suite Started: Issuing tab in SMT application for Store Operator user
13:58:24.017 [main] INFO  i.c.core.plugin.SerenityReporter - Running feature from file:///C:/Users/Sandeepkumar.Phalke/eclipse-workspace/UNICEF_SerenityBDD_Automation_Framework/src/test/resources/features/StoreOperator/PhysicalCountAndAdjustments.feature
13:58:24.028 [main] INFO   - Test Suite Started: Physical Count & Adjustments tab in SMT application for Store Operator user
13:58:24.030 [main] INFO  i.c.core.plugin.SerenityReporter - Running feature from file:///C:/Users/Sandeepkumar.Phalke/eclipse-workspace/UNICEF_SerenityBDD_Automation_Framework/src/test/resources/features/StoreOperator/StoreData.feature
13:58:24.033 [main] INFO   - Test Suite Started: Store Data tab in SMT application for Store Operator user
13:58:24.033 [main] INFO  i.c.core.plugin.SerenityReporter - Running feature from file:///C:/Users/Sandeepkumar.Phalke/eclipse-workspace/UNICEF_SerenityBDD_Automation_Framework/src/test/resources/features/StoreOperator/TempLogging.feature
13:58:24.038 [main] INFO   - Test Suite Started: Temperature Logging tab in SMT application for Store Operator user
13:58:24.039 [main] INFO  i.c.core.plugin.SerenityReporter - Running feature from file:///C:/Users/Sandeepkumar.Phalke/eclipse-workspace/UNICEF_SerenityBDD_Automation_Framework/src/test/resources/features/Generic/LanguageChange.feature
13:58:24.041 [main] INFO   - Test Suite Started: Language change in SMT application

Scenario: Change language from English to French    &amp#27;[90m# src/test/resources/features/Generic/LanguageChange.feature:8&amp#27;[0m
13:58:24.134 [main] INFO  i.c.core.plugin.SerenityReporter - Running feature from file:///C:/Users/Sandeepkumar.Phalke/eclipse-workspace/UNICEF_SerenityBDD_Automation_Framework/src/test/resources/features/Generic/LanguageChange.feature
13:58:24.243 [main] INFO   - 
  _____   ___   ___   _____     ___   _____     _     ___   _____   ___   ___  
 |_   _| | __| / __| |_   _|   / __| |_   _|   /_\   | _ \ |_   _| | __| |   \ 
   | |   | _|  \__ \   | |     \__ \   | |    / _ \  |   /   | |   | _|  | |) |
   |_|   |___| |___/   |_|     |___/   |_|   /_/ \_\ |_|_\   |_|   |___| |___/ 

Change language from English to French(language-change-in-smt-application;change-language-from-english-to-french)
--------------------------------------------------------------------------------
  &amp#27;[33mGiven &amp#27;[0m&amp#27;[33mUser is on home page of SMT application&amp#27;[0m
  &amp#27;[36mAnd &amp#27;[0m&amp#27;[36mUser is able to see login button on home page&amp#27;[0m
  &amp#27;[36mWhen &amp#27;[0m&amp#27;[36mUser select "French" from language dropdown&amp#27;[0m
  &amp#27;[36mThen &amp#27;[0m&amp#27;[36m"Accueilly" is displayed on the home page&amp#27;[0m
13:58:24.459 [main] INFO   - 
  _____   ___   ___   _____     ___   ___   _  _   ___    ___   _  _    ___ 
 |_   _| | __| / __| |_   _|   | _ \ | __| | \| | |   \  |_ _| | \| |  / __|
   | |   | _|  \__ \   | |     |  _/ | _|  | .` | | |) |  | |  | .` | | (_ |
   |_|   |___| |___/   |_|     |_|   |___| |_|\_| |___/  |___| |_|\_|  \___|

Change language from English to French
-----------------------------------------------------------------------------
]]></system-out>
  </testcase>
  <testcase name="Change language from French to French" classname="Language change in SMT application" time="0.036">
    <error type="io.cucumber.junit.UndefinedStepException"><![CDATA[io.cucumber.junit.UndefinedStepException: 
The step 'User is on home page of SMT application' and 5 other step(s) are undefined.
You can implement these steps using the snippet(s) below:

@Given("User is on home page of SMT application")
public void user_is_on_home_page_of_smt_application() {
    // Write code here that turns the phrase above into concrete actions
    throw new io.cucumber.java.PendingException();
}
@Given("User is able to see login button on home page")
public void user_is_able_to_see_login_button_on_home_page() {
    // Write code here that turns the phrase above into concrete actions
    throw new io.cucumber.java.PendingException();
}
@When("User select {string} from language dropdown")
public void user_select_from_language_dropdown(String string) {
    // Write code here that turns the phrase above into concrete actions
    throw new io.cucumber.java.PendingException();
}
@Then("{string} is displayed on the home page")
public void is_displayed_on_the_home_page(String string) {
    // Write code here that turns the phrase above into concrete actions
    throw new io.cucumber.java.PendingException();
}

]]></error>
    <system-out><![CDATA[
Scenario: Change language from French to French     &amp#27;[90m# src/test/resources/features/Generic/LanguageChange.feature:12&amp#27;[0m
13:58:24.482 [main] INFO  i.c.core.plugin.SerenityReporter - Running feature from file:///C:/Users/Sandeepkumar.Phalke/eclipse-workspace/UNICEF_SerenityBDD_Automation_Framework/src/test/resources/features/Generic/LanguageChange.feature
13:58:24.483 [main] INFO   - 
  _____   ___   ___   _____     ___   _____     _     ___   _____   ___   ___  
 |_   _| | __| / __| |_   _|   / __| |_   _|   /_\   | _ \ |_   _| | __| |   \ 
   | |   | _|  \__ \   | |     \__ \   | |    / _ \  |   /   | |   | _|  | |) |
   |_|   |___| |___/   |_|     |___/   |_|   /_/ \_\ |_|_\   |_|   |___| |___/ 

Change language from French to French(language-change-in-smt-application;change-language-from-french-to-french)
--------------------------------------------------------------------------------
  &amp#27;[33mGiven &amp#27;[0m&amp#27;[33mUser is on home page of SMT application&amp#27;[0m
  &amp#27;[36mAnd &amp#27;[0m&amp#27;[36mUser is able to see login button on home page&amp#27;[0m
  &amp#27;[36mWhen &amp#27;[0m&amp#27;[36mUser select "French" from language dropdown&amp#27;[0m
  &amp#27;[36mThen &amp#27;[0m&amp#27;[36m"Accueil" is displayed on the home page&amp#27;[0m
  &amp#27;[36mWhen &amp#27;[0m&amp#27;[36mUser select "French" from language dropdown&amp#27;[0m
  &amp#27;[36mThen &amp#27;[0m&amp#27;[36m"Accueil" is displayed on the home page&amp#27;[0m
13:58:24.506 [main] INFO   - 
  _____   ___   ___   _____     ___   ___   _  _   ___    ___   _  _    ___ 
 |_   _| | __| / __| |_   _|   | _ \ | __| | \| | |   \  |_ _| | \| |  / __|
   | |   | _|  \__ \   | |     |  _/ | _|  | .` | | |) |  | |  | .` | | (_ |
   |_|   |___| |___/   |_|     |_|   |___| |_|\_| |___/  |___| |_|\_|  \___|

Change language from French to French
-----------------------------------------------------------------------------
]]></system-out>
  </testcase>
  <testcase name="Change language from French to English" classname="Language change in SMT application" time="0.041">
    <error type="io.cucumber.junit.UndefinedStepException"><![CDATA[io.cucumber.junit.UndefinedStepException: 
The step 'User is on home page of SMT application' and 5 other step(s) are undefined.
You can implement these steps using the snippet(s) below:

@Given("User is on home page of SMT application")
public void user_is_on_home_page_of_smt_application() {
    // Write code here that turns the phrase above into concrete actions
    throw new io.cucumber.java.PendingException();
}
@Given("User is able to see login button on home page")
public void user_is_able_to_see_login_button_on_home_page() {
    // Write code here that turns the phrase above into concrete actions
    throw new io.cucumber.java.PendingException();
}
@When("User select {string} from language dropdown")
public void user_select_from_language_dropdown(String string) {
    // Write code here that turns the phrase above into concrete actions
    throw new io.cucumber.java.PendingException();
}
@Then("{string} is displayed on the home page")
public void is_displayed_on_the_home_page(String string) {
    // Write code here that turns the phrase above into concrete actions
    throw new io.cucumber.java.PendingException();
}

]]></error>
    <system-out><![CDATA[
Scenario: Change language from French to English    &amp#27;[90m# src/test/resources/features/Generic/LanguageChange.feature:18&amp#27;[0m
13:58:24.524 [main] INFO  i.c.core.plugin.SerenityReporter - Running feature from file:///C:/Users/Sandeepkumar.Phalke/eclipse-workspace/UNICEF_SerenityBDD_Automation_Framework/src/test/resources/features/Generic/LanguageChange.feature
13:58:24.526 [main] INFO   - 
  _____   ___   ___   _____     ___   _____     _     ___   _____   ___   ___  
 |_   _| | __| / __| |_   _|   / __| |_   _|   /_\   | _ \ |_   _| | __| |   \ 
   | |   | _|  \__ \   | |     \__ \   | |    / _ \  |   /   | |   | _|  | |) |
   |_|   |___| |___/   |_|     |___/   |_|   /_/ \_\ |_|_\   |_|   |___| |___/ 

Change language from French to English(language-change-in-smt-application;change-language-from-french-to-english)
--------------------------------------------------------------------------------
  &amp#27;[33mGiven &amp#27;[0m&amp#27;[33mUser is on home page of SMT application&amp#27;[0m
  &amp#27;[36mAnd &amp#27;[0m&amp#27;[36mUser is able to see login button on home page&amp#27;[0m
  &amp#27;[36mWhen &amp#27;[0m&amp#27;[36mUser select "French" from language dropdown&amp#27;[0m
  &amp#27;[36mThen &amp#27;[0m&amp#27;[36m"Accueil" is displayed on the home page&amp#27;[0m
  &amp#27;[36mWhen &amp#27;[0m&amp#27;[36mUser select "English" from language dropdown&amp#27;[0m
  &amp#27;[36mThen &amp#27;[0m&amp#27;[36m"Home" is displayed on the home page&amp#27;[0m
13:58:24.550 [main] INFO   - 
  _____   ___   ___   _____     ___   ___   _  _   ___    ___   _  _    ___ 
 |_   _| | __| / __| |_   _|   | _ \ | __| | \| | |   \  |_ _| | \| |  / __|
   | |   | _|  \__ \   | |     |  _/ | _|  | .` | | |) |  | |  | .` | | (_ |
   |_|   |___| |___/   |_|     |_|   |___| |_|\_| |___/  |___| |_|\_|  \___|

Change language from French to English
-----------------------------------------------------------------------------
]]></system-out>
  </testcase>
  <testcase name="Change language from English to French and verify sign in Page in french" classname="Language change in SMT application" time="0.045">
    <error type="io.cucumber.junit.UndefinedStepException"><![CDATA[io.cucumber.junit.UndefinedStepException: 
The step 'User is on home page of SMT application' and 6 other step(s) are undefined.
You can implement these steps using the snippet(s) below:

@Given("User is on home page of SMT application")
public void user_is_on_home_page_of_smt_application() {
    // Write code here that turns the phrase above into concrete actions
    throw new io.cucumber.java.PendingException();
}
@Given("User is able to see login button on home page")
public void user_is_able_to_see_login_button_on_home_page() {
    // Write code here that turns the phrase above into concrete actions
    throw new io.cucumber.java.PendingException();
}
@When("User select {string} from language dropdown")
public void user_select_from_language_dropdown(String string) {
    // Write code here that turns the phrase above into concrete actions
    throw new io.cucumber.java.PendingException();
}
@Then("{string} is displayed on the home page")
public void is_displayed_on_the_home_page(String string) {
    // Write code here that turns the phrase above into concrete actions
    throw new io.cucumber.java.PendingException();
}
@Then("User click on login button")
public void user_click_on_login_button() {
    // Write code here that turns the phrase above into concrete actions
    throw new io.cucumber.java.PendingException();
}
@When("User click on Proceed To Login button in {string}")
public void user_click_on_proceed_to_login_button_in(String string) {
    // Write code here that turns the phrase above into concrete actions
    throw new io.cucumber.java.PendingException();
}
@Then("User is on sign in page")
public void user_is_on_sign_in_page() {
    // Write code here that turns the phrase above into concrete actions
    throw new io.cucumber.java.PendingException();
}

]]></error>
    <system-out><![CDATA[
Scenario: Change language from English to French and verify sign in Page in french &amp#27;[90m# src/test/resources/features/Generic/LanguageChange.feature:24&amp#27;[0m
13:58:24.559 [main] INFO  i.c.core.plugin.SerenityReporter - Running feature from file:///C:/Users/Sandeepkumar.Phalke/eclipse-workspace/UNICEF_SerenityBDD_Automation_Framework/src/test/resources/features/Generic/LanguageChange.feature
13:58:24.560 [main] INFO   - 
  _____   ___   ___   _____     ___   _____     _     ___   _____   ___   ___  
 |_   _| | __| / __| |_   _|   / __| |_   _|   /_\   | _ \ |_   _| | __| |   \ 
   | |   | _|  \__ \   | |     \__ \   | |    / _ \  |   /   | |   | _|  | |) |
   |_|   |___| |___/   |_|     |___/   |_|   /_/ \_\ |_|_\   |_|   |___| |___/ 

Change language from English to French and verify sign in Page in french(language-change-in-smt-application;change-language-from-english-to-french-and-verify-sign-in-page-in-french)
--------------------------------------------------------------------------------
  &amp#27;[33mGiven &amp#27;[0m&amp#27;[33mUser is on home page of SMT application&amp#27;[0m
  &amp#27;[36mAnd &amp#27;[0m&amp#27;[36mUser is able to see login button on home page&amp#27;[0m
  &amp#27;[36mWhen &amp#27;[0m&amp#27;[36mUser select "French" from language dropdown&amp#27;[0m
  &amp#27;[36mThen &amp#27;[0m&amp#27;[36m"Accueil" is displayed on the home page&amp#27;[0m
  &amp#27;[36mAnd &amp#27;[0m&amp#27;[36mUser click on login button&amp#27;[0m
  &amp#27;[36mWhen &amp#27;[0m&amp#27;[36mUser click on Proceed To Login button in "French"&amp#27;[0m
  &amp#27;[36mThen &amp#27;[0m&amp#27;[36mUser is on sign in page&amp#27;[0m
13:58:24.593 [main] INFO   - 
  _____   ___   ___   _____     ___   ___   _  _   ___    ___   _  _    ___ 
 |_   _| | __| / __| |_   _|   | _ \ | __| | \| | |   \  |_ _| | \| |  / __|
   | |   | _|  \__ \   | |     |  _/ | _|  | .` | | |) |  | |  | .` | | (_ |
   |_|   |___| |___/   |_|     |_|   |___| |_|\_| |___/  |___| |_|\_|  \___|

Change language from English to French and verify sign in Page in french
-----------------------------------------------------------------------------
]]></system-out>
  </testcase>
  <testcase name="Login to the application with valid credentials" classname="Login to SMT application" time="0.065">
    <error type="io.cucumber.junit.UndefinedStepException"><![CDATA[io.cucumber.junit.UndefinedStepException: 
The step 'User is on home page of SMT application' and 8 other step(s) are undefined.
You can implement these steps using the snippet(s) below:

@Given("User is on home page of SMT application")
public void user_is_on_home_page_of_smt_application() {
    // Write code here that turns the phrase above into concrete actions
    throw new io.cucumber.java.PendingException();
}
@Given("User is able to see login button on home page")
public void user_is_able_to_see_login_button_on_home_page() {
    // Write code here that turns the phrase above into concrete actions
    throw new io.cucumber.java.PendingException();
}
@When("User click on login button")
public void user_click_on_login_button() {
    // Write code here that turns the phrase above into concrete actions
    throw new io.cucumber.java.PendingException();
}
@When("User click on Proceed To Login button in {string}")
public void user_click_on_proceed_to_login_button_in(String string) {
    // Write code here that turns the phrase above into concrete actions
    throw new io.cucumber.java.PendingException();
}
@Given("User is on sign in page")
public void user_is_on_sign_in_page() {
    // Write code here that turns the phrase above into concrete actions
    throw new io.cucumber.java.PendingException();
}
@Given("User enter email {string}")
public void user_enter_email(String string) {
    // Write code here that turns the phrase above into concrete actions
    throw new io.cucumber.java.PendingException();
}
@Given("User enter password")
public void user_enter_password() {
    // Write code here that turns the phrase above into concrete actions
    throw new io.cucumber.java.PendingException();
}
@When("User click on sign in button")
public void user_click_on_sign_in_button() {
    // Write code here that turns the phrase above into concrete actions
    throw new io.cucumber.java.PendingException();
}
@Then("User is signed in and navigated to user home page")
public void user_is_signed_in_and_navigated_to_user_home_page() {
    // Write code here that turns the phrase above into concrete actions
    throw new io.cucumber.java.PendingException();
}

]]></error>
    <system-out><![CDATA[13:58:24.599 [main] INFO  i.c.core.plugin.SerenityReporter - Running feature from file:///C:/Users/Sandeepkumar.Phalke/eclipse-workspace/UNICEF_SerenityBDD_Automation_Framework/src/test/resources/features/Generic/SignIn.feature
13:58:24.603 [main] INFO   - Test Suite Started: Login to SMT application

Scenario Outline: Login to the application with valid credentials &amp#27;[90m# src/test/resources/features/Generic/SignIn.feature:18&amp#27;[0m
13:58:24.615 [main] INFO  i.c.core.plugin.SerenityReporter - Running feature from file:///C:/Users/Sandeepkumar.Phalke/eclipse-workspace/UNICEF_SerenityBDD_Automation_Framework/src/test/resources/features/Generic/SignIn.feature
13:58:24.620 [main] INFO   - 
  _____   ___   ___   _____     ___   _____     _     ___   _____   ___   ___  
 |_   _| | __| / __| |_   _|   / __| |_   _|   /_\   | _ \ |_   _| | __| |   \ 
   | |   | _|  \__ \   | |     \__ \   | |    / _ \  |   /   | |   | _|  | |) |
   |_|   |___| |___/   |_|     |___/   |_|   /_/ \_\ |_|_\   |_|   |___| |___/ 

Login to the application with valid credentials(login-to-smt-application;login-to-the-application-with-valid-credentials)
--------------------------------------------------------------------------------
  &amp#27;[33mGiven &amp#27;[0m&amp#27;[33mUser is on home page of SMT application&amp#27;[0m
  &amp#27;[36mAnd &amp#27;[0m&amp#27;[36mUser is able to see login button on home page&amp#27;[0m
  &amp#27;[36mWhen &amp#27;[0m&amp#27;[36mUser click on login button&amp#27;[0m
  &amp#27;[36mAnd &amp#27;[0m&amp#27;[36mUser click on Proceed To Login button in "English"&amp#27;[0m
  &amp#27;[36mGiven &amp#27;[0m&amp#27;[36mUser is on sign in page&amp#27;[0m
  &amp#27;[36mAnd &amp#27;[0m&amp#27;[36mUser enter email "coamilind@mailinator.com"&amp#27;[0m
  &amp#27;[36mAnd &amp#27;[0m&amp#27;[36mUser enter password&amp#27;[0m
  &amp#27;[36mWhen &amp#27;[0m&amp#27;[36mUser click on sign in button&amp#27;[0m
  &amp#27;[36mThen &amp#27;[0m&amp#27;[36mUser is signed in and navigated to user home page&amp#27;[0m
13:58:24.669 [main] INFO   - 
  _____   ___   ___   _____     ___   ___   _  _   ___    ___   _  _    ___ 
 |_   _| | __| / __| |_   _|   | _ \ | __| | \| | |   \  |_ _| | \| |  / __|
   | |   | _|  \__ \   | |     |  _/ | _|  | .` | | |) |  | |  | .` | | (_ |
   |_|   |___| |___/   |_|     |_|   |___| |_|\_| |___/  |___| |_|\_|  \___|

Login to the application with valid credentials
-----------------------------------------------------------------------------
]]></system-out>
  </testcase>
  <testcase name="Login to the application with invalid credentials" classname="Login to SMT application" time="0.046">
    <error type="io.cucumber.junit.UndefinedStepException"><![CDATA[io.cucumber.junit.UndefinedStepException: 
The step 'User is on home page of SMT application' and 8 other step(s) are undefined.
You can implement these steps using the snippet(s) below:

@Given("User is on home page of SMT application")
public void user_is_on_home_page_of_smt_application() {
    // Write code here that turns the phrase above into concrete actions
    throw new io.cucumber.java.PendingException();
}
@Given("User is able to see login button on home page")
public void user_is_able_to_see_login_button_on_home_page() {
    // Write code here that turns the phrase above into concrete actions
    throw new io.cucumber.java.PendingException();
}
@When("User click on login button")
public void user_click_on_login_button() {
    // Write code here that turns the phrase above into concrete actions
    throw new io.cucumber.java.PendingException();
}
@When("User click on Proceed To Login button in {string}")
public void user_click_on_proceed_to_login_button_in(String string) {
    // Write code here that turns the phrase above into concrete actions
    throw new io.cucumber.java.PendingException();
}
@Given("User is on sign in page")
public void user_is_on_sign_in_page() {
    // Write code here that turns the phrase above into concrete actions
    throw new io.cucumber.java.PendingException();
}
@Given("User enter email {string}")
public void user_enter_email(String string) {
    // Write code here that turns the phrase above into concrete actions
    throw new io.cucumber.java.PendingException();
}
@Given("User enter password")
public void user_enter_password() {
    // Write code here that turns the phrase above into concrete actions
    throw new io.cucumber.java.PendingException();
}
@When("User click on sign in button")
public void user_click_on_sign_in_button() {
    // Write code here that turns the phrase above into concrete actions
    throw new io.cucumber.java.PendingException();
}
@Then("Login error message is displayed to user")
public void login_error_message_is_displayed_to_user() {
    // Write code here that turns the phrase above into concrete actions
    throw new io.cucumber.java.PendingException();
}

]]></error>
    <system-out><![CDATA[
Scenario Outline: Login to the application with invalid credentials &amp#27;[90m# src/test/resources/features/Generic/SignIn.feature:28&amp#27;[0m
13:58:24.685 [main] INFO  i.c.core.plugin.SerenityReporter - Running feature from file:///C:/Users/Sandeepkumar.Phalke/eclipse-workspace/UNICEF_SerenityBDD_Automation_Framework/src/test/resources/features/Generic/SignIn.feature
13:58:24.687 [main] INFO   - 
  _____   ___   ___   _____     ___   _____     _     ___   _____   ___   ___  
 |_   _| | __| / __| |_   _|   / __| |_   _|   /_\   | _ \ |_   _| | __| |   \ 
   | |   | _|  \__ \   | |     \__ \   | |    / _ \  |   /   | |   | _|  | |) |
   |_|   |___| |___/   |_|     |___/   |_|   /_/ \_\ |_|_\   |_|   |___| |___/ 

Login to the application with invalid credentials(login-to-smt-application;login-to-the-application-with-invalid-credentials)
--------------------------------------------------------------------------------
  &amp#27;[33mGiven &amp#27;[0m&amp#27;[33mUser is on home page of SMT application&amp#27;[0m
  &amp#27;[36mAnd &amp#27;[0m&amp#27;[36mUser is able to see login button on home page&amp#27;[0m
  &amp#27;[36mWhen &amp#27;[0m&amp#27;[36mUser click on login button&amp#27;[0m
  &amp#27;[36mAnd &amp#27;[0m&amp#27;[36mUser click on Proceed To Login button in "English"&amp#27;[0m
  &amp#27;[36mGiven &amp#27;[0m&amp#27;[36mUser is on sign in page&amp#27;[0m
  &amp#27;[36mAnd &amp#27;[0m&amp#27;[36mUser enter email "sandeep@e-zest.in"&amp#27;[0m
  &amp#27;[36mAnd &amp#27;[0m&amp#27;[36mUser enter password&amp#27;[0m
  &amp#27;[36mWhen &amp#27;[0m&amp#27;[36mUser click on sign in button&amp#27;[0m
  &amp#27;[36mThen &amp#27;[0m&amp#27;[36mLogin error message is displayed to user&amp#27;[0m
13:58:24.718 [main] INFO   - 
  _____   ___   ___   _____     ___   ___   _  _   ___    ___   _  _    ___ 
 |_   _| | __| / __| |_   _|   | _ \ | __| | \| | |   \  |_ _| | \| |  / __|
   | |   | _|  \__ \   | |     |  _/ | _|  | .` | | |) |  | |  | .` | | (_ |
   |_|   |___| |___/   |_|     |_|   |___| |_|\_| |___/  |___| |_|\_|  \___|

Login to the application with invalid credentials
-----------------------------------------------------------------------------
]]></system-out>
  </testcase>
  <testcase name="Verify user is able to create new SD Admin role user" classname="Creation of user in SMT application" time="0.076">
    <error type="io.cucumber.junit.UndefinedStepException"><![CDATA[io.cucumber.junit.UndefinedStepException: 
The step 'User is on home page of SMT application' and 15 other step(s) are undefined.
You can implement these steps using the snippet(s) below:

@Given("User is on home page of SMT application")
public void user_is_on_home_page_of_smt_application() {
    // Write code here that turns the phrase above into concrete actions
    throw new io.cucumber.java.PendingException();
}
@Given("User is able to see login button on home page")
public void user_is_able_to_see_login_button_on_home_page() {
    // Write code here that turns the phrase above into concrete actions
    throw new io.cucumber.java.PendingException();
}
@When("User click on login button")
public void user_click_on_login_button() {
    // Write code here that turns the phrase above into concrete actions
    throw new io.cucumber.java.PendingException();
}
@When("User click on Proceed To Login button in {string}")
public void user_click_on_proceed_to_login_button_in(String string) {
    // Write code here that turns the phrase above into concrete actions
    throw new io.cucumber.java.PendingException();
}
@Then("User login as {string}")
public void user_login_as(String string) {
    // Write code here that turns the phrase above into concrete actions
    throw new io.cucumber.java.PendingException();
}
@Then("User click on {string} tab")
public void user_click_on_tab(String string) {
    // Write code here that turns the phrase above into concrete actions
    throw new io.cucumber.java.PendingException();
}
@Then("User wait for {string} seconds")
public void user_wait_for_seconds(String string) {
    // Write code here that turns the phrase above into concrete actions
    throw new io.cucumber.java.PendingException();
}
@Given("User click on {string} button")
public void user_click_on_button(String string) {
    // Write code here that turns the phrase above into concrete actions
    throw new io.cucumber.java.PendingException();
}
@Then("User navigates to create user page")
public void user_navigates_to_create_user_page() {
    // Write code here that turns the phrase above into concrete actions
    throw new io.cucumber.java.PendingException();
}
@Then("User enter {string} in {string}")
public void user_enter_in(String string, String string2) {
    // Write code here that turns the phrase above into concrete actions
    throw new io.cucumber.java.PendingException();
}
@Then("User enter random email in {string}")
public void user_enter_random_email_in(String string) {
    // Write code here that turns the phrase above into concrete actions
    throw new io.cucumber.java.PendingException();
}
@Then("User select {string} from {string} in {string} tab")
public void user_select_from_in_tab(String string, String string2, String string3) {
    // Write code here that turns the phrase above into concrete actions
    throw new io.cucumber.java.PendingException();
}
@When("User click on {string} button")
public void user_click_on_button(String string) {
    // Write code here that turns the phrase above into concrete actions
    throw new io.cucumber.java.PendingException();
}
@When("User wait for {string} seconds")
public void user_wait_for_seconds(String string) {
    // Write code here that turns the phrase above into concrete actions
    throw new io.cucumber.java.PendingException();
}
@Then("User is created successfully")
public void user_is_created_successfully() {
    // Write code here that turns the phrase above into concrete actions
    throw new io.cucumber.java.PendingException();
}

]]></error>
    <system-out><![CDATA[13:58:24.720 [main] INFO  i.c.core.plugin.SerenityReporter - Running feature from file:///C:/Users/Sandeepkumar.Phalke/eclipse-workspace/UNICEF_SerenityBDD_Automation_Framework/src/test/resources/features/SDAdmin/CreateUser.feature
13:58:24.723 [main] INFO   - Test Suite Started: Creation of user in SMT application

Scenario Outline: Verify user is able to create new SD Admin role user &amp#27;[90m# src/test/resources/features/SDAdmin/CreateUser.feature:25&amp#27;[0m
13:58:24.738 [main] INFO  i.c.core.plugin.SerenityReporter - Running feature from file:///C:/Users/Sandeepkumar.Phalke/eclipse-workspace/UNICEF_SerenityBDD_Automation_Framework/src/test/resources/features/SDAdmin/CreateUser.feature
13:58:24.739 [main] INFO   - 
  _____   ___   ___   _____     ___   _____     _     ___   _____   ___   ___  
 |_   _| | __| / __| |_   _|   / __| |_   _|   /_\   | _ \ |_   _| | __| |   \ 
   | |   | _|  \__ \   | |     \__ \   | |    / _ \  |   /   | |   | _|  | |) |
   |_|   |___| |___/   |_|     |___/   |_|   /_/ \_\ |_|_\   |_|   |___| |___/ 

Verify user is able to create new SD Admin role user(creation-of-user-in-smt-application;verify-user-is-able-to-create-new-sd-admin-role-user)
--------------------------------------------------------------------------------
  &amp#27;[33mGiven &amp#27;[0m&amp#27;[33mUser is on home page of SMT application&amp#27;[0m
  &amp#27;[36mAnd &amp#27;[0m&amp#27;[36mUser is able to see login button on home page&amp#27;[0m
  &amp#27;[36mWhen &amp#27;[0m&amp#27;[36mUser click on login button&amp#27;[0m
  &amp#27;[36mAnd &amp#27;[0m&amp#27;[36mUser click on Proceed To Login button in "English"&amp#27;[0m
  &amp#27;[36mThen &amp#27;[0m&amp#27;[36mUser login as "SD Admin"&amp#27;[0m
  &amp#27;[36mAnd &amp#27;[0m&amp#27;[36mUser click on "Users" tab&amp#27;[0m
  &amp#27;[36mAnd &amp#27;[0m&amp#27;[36mUser wait for "2" seconds&amp#27;[0m
  &amp#27;[36mGiven &amp#27;[0m&amp#27;[36mUser click on "Create New User" button&amp#27;[0m
  &amp#27;[36mThen &amp#27;[0m&amp#27;[36mUser navigates to create user page&amp#27;[0m
  &amp#27;[36mAnd &amp#27;[0m&amp#27;[36mUser enter "Automation" in "firstName"&amp#27;[0m
  &amp#27;[36mAnd &amp#27;[0m&amp#27;[36mUser enter "Testing" in "lastName"&amp#27;[0m
  &amp#27;[36mAnd &amp#27;[0m&amp#27;[36mUser enter random email in "userEmail"&amp#27;[0m
  &amp#27;[36mAnd &amp#27;[0m&amp#27;[36mUser select "SD Admin" from "Role" in "Users" tab&amp#27;[0m
  &amp#27;[36mWhen &amp#27;[0m&amp#27;[36mUser click on "Submit" button&amp#27;[0m
  &amp#27;[36mAnd &amp#27;[0m&amp#27;[36mUser wait for "5" seconds&amp#27;[0m
  &amp#27;[36mThen &amp#27;[0m&amp#27;[36mUser is created successfully&amp#27;[0m
13:58:24.800 [main] INFO   - 
  _____   ___   ___   _____     ___   ___   _  _   ___    ___   _  _    ___ 
 |_   _| | __| / __| |_   _|   | _ \ | __| | \| | |   \  |_ _| | \| |  / __|
   | |   | _|  \__ \   | |     |  _/ | _|  | .` | | |) |  | |  | .` | | (_ |
   |_|   |___| |___/   |_|     |_|   |___| |_|\_| |___/  |___| |_|\_|  \___|

Verify user is able to create new SD Admin role user
-----------------------------------------------------------------------------
]]></system-out>
  </testcase>
  <testcase name="Verify user is able to add arrival line and arrival receipt type data and finalize it" classname="Arrivals tab in SMT application for Store Operator user" time="0.182">
    <error type="io.cucumber.junit.UndefinedStepException"><![CDATA[io.cucumber.junit.UndefinedStepException: 
The step 'User is on home page of SMT application' and 43 other step(s) are undefined.
You can implement these steps using the snippet(s) below:

@Given("User is on home page of SMT application")
public void user_is_on_home_page_of_smt_application() {
    // Write code here that turns the phrase above into concrete actions
    throw new io.cucumber.java.PendingException();
}
@Given("User is able to see login button on home page")
public void user_is_able_to_see_login_button_on_home_page() {
    // Write code here that turns the phrase above into concrete actions
    throw new io.cucumber.java.PendingException();
}
@When("User click on login button")
public void user_click_on_login_button() {
    // Write code here that turns the phrase above into concrete actions
    throw new io.cucumber.java.PendingException();
}
@When("User click on Proceed To Login button in {string}")
public void user_click_on_proceed_to_login_button_in(String string) {
    // Write code here that turns the phrase above into concrete actions
    throw new io.cucumber.java.PendingException();
}
@Then("User login as {string}")
public void user_login_as(String string) {
    // Write code here that turns the phrase above into concrete actions
    throw new io.cucumber.java.PendingException();
}
@Then("User click on {string} button")
public void user_click_on_button(String string) {
    // Write code here that turns the phrase above into concrete actions
    throw new io.cucumber.java.PendingException();
}
@Then("User click on {string} tab")
public void user_click_on_tab(String string) {
    // Write code here that turns the phrase above into concrete actions
    throw new io.cucumber.java.PendingException();
}
@Then("User wait for {string} seconds")
public void user_wait_for_seconds(String string) {
    // Write code here that turns the phrase above into concrete actions
    throw new io.cucumber.java.PendingException();
}
@Given("User click on {string} button")
public void user_click_on_button(String string) {
    // Write code here that turns the phrase above into concrete actions
    throw new io.cucumber.java.PendingException();
}
@Then("{string} text is visible")
public void text_is_visible(String string) {
    // Write code here that turns the phrase above into concrete actions
    throw new io.cucumber.java.PendingException();
}
@Then("User select {string} from {string} in {string} tab")
public void user_select_from_in_tab(String string, String string2, String string3) {
    // Write code here that turns the phrase above into concrete actions
    throw new io.cucumber.java.PendingException();
}
@Then("User enter random text in {string}")
public void user_enter_random_text_in(String string) {
    // Write code here that turns the phrase above into concrete actions
    throw new io.cucumber.java.PendingException();
}
@Then("User enter random number in {string}")
public void user_enter_random_number_in(String string) {
    // Write code here that turns the phrase above into concrete actions
    throw new io.cucumber.java.PendingException();
}
@When("User click on {string} button")
public void user_click_on_button(String string) {
    // Write code here that turns the phrase above into concrete actions
    throw new io.cucumber.java.PendingException();
}
@Then("{string} heading is visible")
public void heading_is_visible(String string) {
    // Write code here that turns the phrase above into concrete actions
    throw new io.cucumber.java.PendingException();
}
@Then("User enter {string} in {string}")
public void user_enter_in(String string, String string2) {
    // Write code here that turns the phrase above into concrete actions
    throw new io.cucumber.java.PendingException();
}
@Then("Arrivals line is created successfully")
public void arrivals_line_is_created_successfully() {
    // Write code here that turns the phrase above into concrete actions
    throw new io.cucumber.java.PendingException();
}
@Then("Arrivals line Data is visible in arrival line table to user")
public void arrivals_line_data_is_visible_in_arrival_line_table_to_user() {
    // Write code here that turns the phrase above into concrete actions
    throw new io.cucumber.java.PendingException();
}
@When("User wait for {string} seconds")
public void user_wait_for_seconds(String string) {
    // Write code here that turns the phrase above into concrete actions
    throw new io.cucumber.java.PendingException();
}
@Then("Arrivals Data is visible in arrivals table to user")
public void arrivals_data_is_visible_in_arrivals_table_to_user() {
    // Write code here that turns the phrase above into concrete actions
    throw new io.cucumber.java.PendingException();
}
@Then("Validate arrival state is {string}")
public void validate_arrival_state_is(String string) {
    // Write code here that turns the phrase above into concrete actions
    throw new io.cucumber.java.PendingException();
}

]]></error>
    <system-out><![CDATA[13:58:24.800 [main] INFO  i.c.core.plugin.SerenityReporter - Running feature from file:///C:/Users/Sandeepkumar.Phalke/eclipse-workspace/UNICEF_SerenityBDD_Automation_Framework/src/test/resources/features/StoreOperator/Arrivals.feature
13:58:24.810 [main] INFO   - Test Suite Started: Arrivals tab in SMT application for Store Operator user

Scenario Outline: Verify user is able to add arrival line and arrival receipt type data and finalize it &amp#27;[90m# src/test/resources/features/StoreOperator/Arrivals.feature:53&amp#27;[0m
13:58:24.863 [main] INFO  i.c.core.plugin.SerenityReporter - Running feature from file:///C:/Users/Sandeepkumar.Phalke/eclipse-workspace/UNICEF_SerenityBDD_Automation_Framework/src/test/resources/features/StoreOperator/Arrivals.feature
13:58:24.865 [main] INFO   - 
  _____   ___   ___   _____     ___   _____     _     ___   _____   ___   ___  
 |_   _| | __| / __| |_   _|   / __| |_   _|   /_\   | _ \ |_   _| | __| |   \ 
   | |   | _|  \__ \   | |     \__ \   | |    / _ \  |   /   | |   | _|  | |) |
   |_|   |___| |___/   |_|     |___/   |_|   /_/ \_\ |_|_\   |_|   |___| |___/ 

Verify user is able to add arrival line and arrival receipt type data and finalize it(arrivals-tab-in-smt-application-for-store-operator-user;verify-user-is-able-to-add-arrival-line-and-arrival-receipt-type-data-and-finalize-it)
--------------------------------------------------------------------------------
  &amp#27;[33mGiven &amp#27;[0m&amp#27;[33mUser is on home page of SMT application&amp#27;[0m
  &amp#27;[36mAnd &amp#27;[0m&amp#27;[36mUser is able to see login button on home page&amp#27;[0m
  &amp#27;[36mWhen &amp#27;[0m&amp#27;[36mUser click on login button&amp#27;[0m
  &amp#27;[36mAnd &amp#27;[0m&amp#27;[36mUser click on Proceed To Login button in "English"&amp#27;[0m
  &amp#27;[36mThen &amp#27;[0m&amp#27;[36mUser login as "Store Operator"&amp#27;[0m
  &amp#27;[36mAnd &amp#27;[0m&amp#27;[36mUser click on "Apply" button&amp#27;[0m
  &amp#27;[36mAnd &amp#27;[0m&amp#27;[36mUser click on "Arrivals" tab&amp#27;[0m
  &amp#27;[36mAnd &amp#27;[0m&amp#27;[36mUser wait for "2" seconds&amp#27;[0m
  &amp#27;[36mGiven &amp#27;[0m&amp#27;[36mUser click on "Log New Arrival" button&amp#27;[0m
  &amp#27;[36mThen &amp#27;[0m&amp#27;[36m"Stock Arrival" text is visible&amp#27;[0m
  &amp#27;[36mAnd &amp#27;[0m&amp#27;[36mUser select "Arrival" from "Receipt Type" in "Arrivals" tab&amp#27;[0m
  &amp#27;[36mAnd &amp#27;[0m&amp#27;[36mUser enter random text in "smtNumber"&amp#27;[0m
  &amp#27;[36mAnd &amp#27;[0m&amp#27;[36mUser enter random number in "shippingReferance"&amp#27;[0m
  &amp#27;[36mAnd &amp#27;[0m&amp#27;[36mUser enter random text in "fundingSource"&amp#27;[0m
  &amp#27;[36mAnd &amp#27;[0m&amp#27;[36mUser select "AUD" from "Currency" in "Arrivals" tab&amp#27;[0m
  &amp#27;[36mAnd &amp#27;[0m&amp#27;[36mUser enter random number in "freightCost"&amp#27;[0m
  &amp#27;[36mWhen &amp#27;[0m&amp#27;[36mUser click on "Add Line to Arrival" button&amp#27;[0m
  &amp#27;[36mThen &amp#27;[0m&amp#27;[36m"Add Product to Arrival" heading is visible&amp#27;[0m
  &amp#27;[36mAnd &amp#27;[0m&amp#27;[36mUser select "Vaccine" from "Product Type" in "Arrivals" tab&amp#27;[0m
  &amp#27;[36mAnd &amp#27;[0m&amp#27;[36mUser select "bOPV" from "Product" in "Arrivals" tab&amp#27;[0m
  &amp#27;[36mAnd &amp#27;[0m&amp#27;[36mUser enter random text in "batchNo"&amp#27;[0m
  &amp#27;[36mAnd &amp#27;[0m&amp#27;[36mUser select "PT ONEJECT INDONESIA" from "Producer" in "Arrivals" tab&amp#27;[0m
  &amp#27;[36mAnd &amp#27;[0m&amp#27;[36mUser select "BIOPOLIO B1/3" from "Commercial Name" in "Arrivals" tab&amp#27;[0m
  &amp#27;[36mAnd &amp#27;[0m&amp#27;[36mUser select "Liquid: ready to use" from "Formulation" in "Arrivals" tab&amp#27;[0m
  &amp#27;[36mAnd &amp#27;[0m&amp#27;[36mUser select "10" from "Presentation" in "Arrivals" tab&amp#27;[0m
  &amp#27;[36mAnd &amp#27;[0m&amp#27;[36mUser select "1.Initial stage" from "VVM Stage" in "Arrivals" tab&amp#27;[0m
  &amp#27;[36mAnd &amp#27;[0m&amp#27;[36mUser enter "20" in "units"&amp#27;[0m
  &amp#27;[36mAnd &amp#27;[0m&amp#27;[36mUser select "Routine" from "Routine or SIA" in "Arrivals" tab&amp#27;[0m
  &amp#27;[36mAnd &amp#27;[0m&amp#27;[36mUser select "Indonesia" from "Origin" in "Arrivals" tab&amp#27;[0m
  &amp#27;[36mAnd &amp#27;[0m&amp#27;[36mUser select "Alarm" from "Shipping/Freeze Indicator" in "Arrivals" tab&amp#27;[0m
  &amp#27;[36mAnd &amp#27;[0m&amp#27;[36mUser enter "20" in "noOfVials"&amp#27;[0m
  &amp#27;[36mAnd &amp#27;[0m&amp#27;[36mUser enter "20" in "totalVolume"&amp#27;[0m
  &amp#27;[36mAnd &amp#27;[0m&amp#27;[36mUser select "Ambient_2022" from "Storage Location" in "Arrivals" tab&amp#27;[0m
  &amp#27;[36mAnd &amp#27;[0m&amp#27;[36mUser enter "1000" in "totalCost"&amp#27;[0m
  &amp#27;[36mAnd &amp#27;[0m&amp#27;[36mUser enter random text in "comments"&amp#27;[0m
  &amp#27;[36mAnd &amp#27;[0m&amp#27;[36mUser click on "Create" button&amp#27;[0m
  &amp#27;[36mWhen &amp#27;[0m&amp#27;[36mUser click on "Continue" button&amp#27;[0m
  &amp#27;[36mThen &amp#27;[0m&amp#27;[36mArrivals line is created successfully&amp#27;[0m
  &amp#27;[36mAnd &amp#27;[0m&amp#27;[36mArrivals line Data is visible in arrival line table to user&amp#27;[0m
  &amp#27;[36mWhen &amp#27;[0m&amp#27;[36mUser click on "Finalize" button&amp#27;[0m
  &amp#27;[36mAnd &amp#27;[0m&amp#27;[36mUser click on "Continue" button&amp#27;[0m
  &amp#27;[36mAnd &amp#27;[0m&amp#27;[36mUser wait for "3" seconds&amp#27;[0m
  &amp#27;[36mThen &amp#27;[0m&amp#27;[36mArrivals Data is visible in arrivals table to user&amp#27;[0m
  &amp#27;[36mAnd &amp#27;[0m&amp#27;[36mValidate arrival state is "Complete"&amp#27;[0m
13:58:24.992 [main] INFO   - 
  _____   ___   ___   _____     ___   ___   _  _   ___    ___   _  _    ___ 
 |_   _| | __| / __| |_   _|   | _ \ | __| | \| | |   \  |_ _| | \| |  / __|
   | |   | _|  \__ \   | |     |  _/ | _|  | .` | | |) |  | |  | .` | | (_ |
   |_|   |___| |___/   |_|     |_|   |___| |_|\_| |___/  |___| |_|\_|  \___|

Verify user is able to add arrival line and arrival receipt type data and finalize it
-----------------------------------------------------------------------------
]]></system-out>
  </testcase>
  <testcase name="Verify user is able to update arrival line and arrival receipt type data before finalizing" classname="Arrivals tab in SMT application for Store Operator user" time="0.175">
    <error type="io.cucumber.junit.UndefinedStepException"><![CDATA[io.cucumber.junit.UndefinedStepException: 
The step 'User is on home page of SMT application' and 77 other step(s) are undefined.
You can implement these steps using the snippet(s) below:

@Given("User is on home page of SMT application")
public void user_is_on_home_page_of_smt_application() {
    // Write code here that turns the phrase above into concrete actions
    throw new io.cucumber.java.PendingException();
}
@Given("User is able to see login button on home page")
public void user_is_able_to_see_login_button_on_home_page() {
    // Write code here that turns the phrase above into concrete actions
    throw new io.cucumber.java.PendingException();
}
@When("User click on login button")
public void user_click_on_login_button() {
    // Write code here that turns the phrase above into concrete actions
    throw new io.cucumber.java.PendingException();
}
@When("User click on Proceed To Login button in {string}")
public void user_click_on_proceed_to_login_button_in(String string) {
    // Write code here that turns the phrase above into concrete actions
    throw new io.cucumber.java.PendingException();
}
@Then("User login as {string}")
public void user_login_as(String string) {
    // Write code here that turns the phrase above into concrete actions
    throw new io.cucumber.java.PendingException();
}
@Then("User click on {string} button")
public void user_click_on_button(String string) {
    // Write code here that turns the phrase above into concrete actions
    throw new io.cucumber.java.PendingException();
}
@Then("User click on {string} tab")
public void user_click_on_tab(String string) {
    // Write code here that turns the phrase above into concrete actions
    throw new io.cucumber.java.PendingException();
}
@Then("User wait for {string} seconds")
public void user_wait_for_seconds(String string) {
    // Write code here that turns the phrase above into concrete actions
    throw new io.cucumber.java.PendingException();
}
@Given("User click on {string} button")
public void user_click_on_button(String string) {
    // Write code here that turns the phrase above into concrete actions
    throw new io.cucumber.java.PendingException();
}
@Then("{string} text is visible")
public void text_is_visible(String string) {
    // Write code here that turns the phrase above into concrete actions
    throw new io.cucumber.java.PendingException();
}
@Then("User select {string} from {string} in {string} tab")
public void user_select_from_in_tab(String string, String string2, String string3) {
    // Write code here that turns the phrase above into concrete actions
    throw new io.cucumber.java.PendingException();
}
@Then("User enter random text in {string}")
public void user_enter_random_text_in(String string) {
    // Write code here that turns the phrase above into concrete actions
    throw new io.cucumber.java.PendingException();
}
@Then("User enter random number in {string}")
public void user_enter_random_number_in(String string) {
    // Write code here that turns the phrase above into concrete actions
    throw new io.cucumber.java.PendingException();
}
@When("User click on {string} button")
public void user_click_on_button(String string) {
    // Write code here that turns the phrase above into concrete actions
    throw new io.cucumber.java.PendingException();
}
@Then("{string} heading is visible")
public void heading_is_visible(String string) {
    // Write code here that turns the phrase above into concrete actions
    throw new io.cucumber.java.PendingException();
}
@Then("User enter {string} in {string}")
public void user_enter_in(String string, String string2) {
    // Write code here that turns the phrase above into concrete actions
    throw new io.cucumber.java.PendingException();
}
@Then("Arrivals line is created successfully")
public void arrivals_line_is_created_successfully() {
    // Write code here that turns the phrase above into concrete actions
    throw new io.cucumber.java.PendingException();
}
@Then("Arrivals line Data is visible in arrival line table to user")
public void arrivals_line_data_is_visible_in_arrival_line_table_to_user() {
    // Write code here that turns the phrase above into concrete actions
    throw new io.cucumber.java.PendingException();
}
@When("Validate arrival state is {string}")
public void validate_arrival_state_is(String string) {
    // Write code here that turns the phrase above into concrete actions
    throw new io.cucumber.java.PendingException();
}
@Then("Arrivals Data is visible in arrivals table to user")
public void arrivals_data_is_visible_in_arrivals_table_to_user() {
    // Write code here that turns the phrase above into concrete actions
    throw new io.cucumber.java.PendingException();
}
@When("User edit the Arrivals data")
public void user_edit_the_arrivals_data() {
    // Write code here that turns the phrase above into concrete actions
    throw new io.cucumber.java.PendingException();
}
@When("User edit the line in arrival")
public void user_edit_the_line_in_arrival() {
    // Write code here that turns the phrase above into concrete actions
    throw new io.cucumber.java.PendingException();
}
@When("User select {string} from {string} in {string} tab")
public void user_select_from_in_tab(String string, String string2, String string3) {
    // Write code here that turns the phrase above into concrete actions
    throw new io.cucumber.java.PendingException();
}
@When("User enter random text in {string}")
public void user_enter_random_text_in(String string) {
    // Write code here that turns the phrase above into concrete actions
    throw new io.cucumber.java.PendingException();
}
@When("User enter {string} in {string}")
public void user_enter_in(String string, String string2) {
    // Write code here that turns the phrase above into concrete actions
    throw new io.cucumber.java.PendingException();
}
@Then("Arrivals line is updated successfully")
public void arrivals_line_is_updated_successfully() {
    // Write code here that turns the phrase above into concrete actions
    throw new io.cucumber.java.PendingException();
}
@Then("Arrivals data is update successfully")
public void arrivals_data_is_update_successfully() {
    // Write code here that turns the phrase above into concrete actions
    throw new io.cucumber.java.PendingException();
}
@Then("Validate arrival state is {string}")
public void validate_arrival_state_is(String string) {
    // Write code here that turns the phrase above into concrete actions
    throw new io.cucumber.java.PendingException();
}

]]></error>
    <system-out><![CDATA[
Scenario Outline: Verify user is able to update arrival line and arrival receipt type data before finalizing &amp#27;[90m# src/test/resources/features/StoreOperator/Arrivals.feature:128&amp#27;[0m
13:58:25.044 [main] INFO  i.c.core.plugin.SerenityReporter - Running feature from file:///C:/Users/Sandeepkumar.Phalke/eclipse-workspace/UNICEF_SerenityBDD_Automation_Framework/src/test/resources/features/StoreOperator/Arrivals.feature
13:58:25.044 [main] INFO   - 
  _____   ___   ___   _____     ___   _____     _     ___   _____   ___   ___  
 |_   _| | __| / __| |_   _|   / __| |_   _|   /_\   | _ \ |_   _| | __| |   \ 
   | |   | _|  \__ \   | |     \__ \   | |    / _ \  |   /   | |   | _|  | |) |
   |_|   |___| |___/   |_|     |___/   |_|   /_/ \_\ |_|_\   |_|   |___| |___/ 

Verify user is able to update arrival line and arrival receipt type data before finalizing(arrivals-tab-in-smt-application-for-store-operator-user;verify-user-is-able-to-update-arrival-line-and-arrival-receipt-type-data-before-finalizing)
--------------------------------------------------------------------------------
  &amp#27;[33mGiven &amp#27;[0m&amp#27;[33mUser is on home page of SMT application&amp#27;[0m
  &amp#27;[36mAnd &amp#27;[0m&amp#27;[36mUser is able to see login button on home page&amp#27;[0m
  &amp#27;[36mWhen &amp#27;[0m&amp#27;[36mUser click on login button&amp#27;[0m
  &amp#27;[36mAnd &amp#27;[0m&amp#27;[36mUser click on Proceed To Login button in "English"&amp#27;[0m
  &amp#27;[36mThen &amp#27;[0m&amp#27;[36mUser login as "Store Operator"&amp#27;[0m
  &amp#27;[36mAnd &amp#27;[0m&amp#27;[36mUser click on "Apply" button&amp#27;[0m
  &amp#27;[36mAnd &amp#27;[0m&amp#27;[36mUser click on "Arrivals" tab&amp#27;[0m
  &amp#27;[36mAnd &amp#27;[0m&amp#27;[36mUser wait for "2" seconds&amp#27;[0m
  &amp#27;[36mGiven &amp#27;[0m&amp#27;[36mUser click on "Log New Arrival" button&amp#27;[0m
  &amp#27;[36mThen &amp#27;[0m&amp#27;[36m"Stock Arrival" text is visible&amp#27;[0m
  &amp#27;[36mAnd &amp#27;[0m&amp#27;[36mUser select "Arrival" from "Receipt Type" in "Arrivals" tab&amp#27;[0m
  &amp#27;[36mAnd &amp#27;[0m&amp#27;[36mUser enter random text in "smtNumber"&amp#27;[0m
  &amp#27;[36mAnd &amp#27;[0m&amp#27;[36mUser enter random number in "shippingReferance"&amp#27;[0m
  &amp#27;[36mAnd &amp#27;[0m&amp#27;[36mUser enter random text in "fundingSource"&amp#27;[0m
  &amp#27;[36mAnd &amp#27;[0m&amp#27;[36mUser select "AUD" from "Currency" in "Arrivals" tab&amp#27;[0m
  &amp#27;[36mAnd &amp#27;[0m&amp#27;[36mUser enter random number in "freightCost"&amp#27;[0m
  &amp#27;[36mWhen &amp#27;[0m&amp#27;[36mUser click on "Add Line to Arrival" button&amp#27;[0m
  &amp#27;[36mThen &amp#27;[0m&amp#27;[36m"Add Product to Arrival" heading is visible&amp#27;[0m
  &amp#27;[36mAnd &amp#27;[0m&amp#27;[36mUser select "Vaccine" from "Product Type" in "Arrivals" tab&amp#27;[0m
  &amp#27;[36mAnd &amp#27;[0m&amp#27;[36mUser select "bOPV" from "Product" in "Arrivals" tab&amp#27;[0m
  &amp#27;[36mAnd &amp#27;[0m&amp#27;[36mUser enter random text in "batchNo"&amp#27;[0m
  &amp#27;[36mAnd &amp#27;[0m&amp#27;[36mUser select "PT ONEJECT INDONESIA" from "Producer" in "Arrivals" tab&amp#27;[0m
  &amp#27;[36mAnd &amp#27;[0m&amp#27;[36mUser select "BIOPOLIO B1/3" from "Commercial Name" in "Arrivals" tab&amp#27;[0m
  &amp#27;[36mAnd &amp#27;[0m&amp#27;[36mUser select "Liquid: ready to use" from "Formulation" in "Arrivals" tab&amp#27;[0m
  &amp#27;[36mAnd &amp#27;[0m&amp#27;[36mUser select "10" from "Presentation" in "Arrivals" tab&amp#27;[0m
  &amp#27;[36mAnd &amp#27;[0m&amp#27;[36mUser select "1.Initial stage" from "VVM Stage" in "Arrivals" tab&amp#27;[0m
  &amp#27;[36mAnd &amp#27;[0m&amp#27;[36mUser enter "20" in "units"&amp#27;[0m
  &amp#27;[36mAnd &amp#27;[0m&amp#27;[36mUser select "Routine" from "Routine or SIA" in "Arrivals" tab&amp#27;[0m
  &amp#27;[36mAnd &amp#27;[0m&amp#27;[36mUser select "Indonesia" from "Origin" in "Arrivals" tab&amp#27;[0m
  &amp#27;[36mAnd &amp#27;[0m&amp#27;[36mUser select "Alarm" from "Shipping/Freeze Indicator" in "Arrivals" tab&amp#27;[0m
  &amp#27;[36mAnd &amp#27;[0m&amp#27;[36mUser enter "20" in "noOfVials"&amp#27;[0m
  &amp#27;[36mAnd &amp#27;[0m&amp#27;[36mUser enter "20" in "totalVolume"&amp#27;[0m
  &amp#27;[36mAnd &amp#27;[0m&amp#27;[36mUser select "Ambient_2022" from "Storage Location" in "Arrivals" tab&amp#27;[0m
  &amp#27;[36mAnd &amp#27;[0m&amp#27;[36mUser enter "1000" in "totalCost"&amp#27;[0m
  &amp#27;[36mAnd &amp#27;[0m&amp#27;[36mUser enter random text in "comments"&amp#27;[0m
  &amp#27;[36mAnd &amp#27;[0m&amp#27;[36mUser click on "Create" button&amp#27;[0m
  &amp#27;[36mWhen &amp#27;[0m&amp#27;[36mUser click on "Continue" button&amp#27;[0m
  &amp#27;[36mThen &amp#27;[0m&amp#27;[36mArrivals line is created successfully&amp#27;[0m
  &amp#27;[36mAnd &amp#27;[0m&amp#27;[36mArrivals line Data is visible in arrival line table to user&amp#27;[0m
  &amp#27;[36mWhen &amp#27;[0m&amp#27;[36mUser click on "Save as draft and go back" button&amp#27;[0m
  &amp#27;[36mAnd &amp#27;[0m&amp#27;[36mUser click on "Yes" button&amp#27;[0m
  &amp#27;[36mAnd &amp#27;[0m&amp#27;[36mValidate arrival state is "Draft"&amp#27;[0m
  &amp#27;[36mThen &amp#27;[0m&amp#27;[36mArrivals Data is visible in arrivals table to user&amp#27;[0m
  &amp#27;[36mWhen &amp#27;[0m&amp#27;[36mUser edit the Arrivals data&amp#27;[0m
  &amp#27;[36mThen &amp#27;[0m&amp#27;[36m"Stock Arrival" text is visible&amp#27;[0m
  &amp#27;[36mAnd &amp#27;[0m&amp#27;[36mUser select "Arrival" from "Receipt Type" in "Arrivals" tab&amp#27;[0m
  &amp#27;[36mAnd &amp#27;[0m&amp#27;[36mUser enter random text in "smtNumber"&amp#27;[0m
  &amp#27;[36mAnd &amp#27;[0m&amp#27;[36mUser enter random number in "shippingReferance"&amp#27;[0m
  &amp#27;[36mAnd &amp#27;[0m&amp#27;[36mUser enter random text in "fundingSource"&amp#27;[0m
  &amp#27;[36mAnd &amp#27;[0m&amp#27;[36mUser select "AUD" from "Currency" in "Arrivals" tab&amp#27;[0m
  &amp#27;[36mAnd &amp#27;[0m&amp#27;[36mUser enter random number in "freightCost"&amp#27;[0m
  &amp#27;[36mWhen &amp#27;[0m&amp#27;[36mUser edit the line in arrival&amp#27;[0m
  &amp#27;[36mAnd &amp#27;[0m&amp#27;[36mUser select "Vaccine" from "Product Type" in "Arrivals" tab&amp#27;[0m
  &amp#27;[36mAnd &amp#27;[0m&amp#27;[36mUser select "bOPV" from "Product" in "Arrivals" tab&amp#27;[0m
  &amp#27;[36mAnd &amp#27;[0m&amp#27;[36mUser enter random text in "batchNo"&amp#27;[0m
  &amp#27;[36mAnd &amp#27;[0m&amp#27;[36mUser select "PT ONEJECT INDONESIA" from "Producer" in "Arrivals" tab&amp#27;[0m
  &amp#27;[36mAnd &amp#27;[0m&amp#27;[36mUser select "BIOPOLIO B1/3" from "Commercial Name" in "Arrivals" tab&amp#27;[0m
  &amp#27;[36mAnd &amp#27;[0m&amp#27;[36mUser select "Liquid: ready to use" from "Formulation" in "Arrivals" tab&amp#27;[0m
  &amp#27;[36mAnd &amp#27;[0m&amp#27;[36mUser select "10" from "Presentation" in "Arrivals" tab&amp#27;[0m
  &amp#27;[36mAnd &amp#27;[0m&amp#27;[36mUser select "1.Initial stage" from "VVM Stage" in "Arrivals" tab&amp#27;[0m
  &amp#27;[36mAnd &amp#27;[0m&amp#27;[36mUser enter "20" in "units"&amp#27;[0m
  &amp#27;[36mAnd &amp#27;[0m&amp#27;[36mUser select "Routine" from "Routine or SIA" in "Arrivals" tab&amp#27;[0m
  &amp#27;[36mAnd &amp#27;[0m&amp#27;[36mUser select "Indonesia" from "Origin" in "Arrivals" tab&amp#27;[0m
  &amp#27;[36mAnd &amp#27;[0m&amp#27;[36mUser select "Alarm" from "Shipping/Freeze Indicator" in "Arrivals" tab&amp#27;[0m
  &amp#27;[36mAnd &amp#27;[0m&amp#27;[36mUser enter "20" in "noOfVials"&amp#27;[0m
  &amp#27;[36mAnd &amp#27;[0m&amp#27;[36mUser enter "20" in "totalVolume"&amp#27;[0m
  &amp#27;[36mAnd &amp#27;[0m&amp#27;[36mUser select "Ambient_2022" from "Storage Location" in "Arrivals" tab&amp#27;[0m
  &amp#27;[36mAnd &amp#27;[0m&amp#27;[36mUser enter "1000" in "totalCost"&amp#27;[0m
  &amp#27;[36mAnd &amp#27;[0m&amp#27;[36mUser enter random text in "comments"&amp#27;[0m
  &amp#27;[36mAnd &amp#27;[0m&amp#27;[36mUser click on "Update" button&amp#27;[0m
  &amp#27;[36mAnd &amp#27;[0m&amp#27;[36mUser click on "Continue" button&amp#27;[0m
  &amp#27;[36mThen &amp#27;[0m&amp#27;[36mArrivals line is updated successfully&amp#27;[0m
  &amp#27;[36mAnd &amp#27;[0m&amp#27;[36mArrivals line Data is visible in arrival line table to user&amp#27;[0m
  &amp#27;[36mWhen &amp#27;[0m&amp#27;[36mUser click on "Finalize" button&amp#27;[0m
  &amp#27;[36mAnd &amp#27;[0m&amp#27;[36mUser click on "Continue" button&amp#27;[0m
  &amp#27;[36mThen &amp#27;[0m&amp#27;[36mArrivals data is update successfully&amp#27;[0m
  &amp#27;[36mAnd &amp#27;[0m&amp#27;[36mArrivals Data is visible in arrivals table to user&amp#27;[0m
  &amp#27;[36mAnd &amp#27;[0m&amp#27;[36mValidate arrival state is "Complete"&amp#27;[0m
13:58:25.170 [main] INFO   - 
  _____   ___   ___   _____     ___   ___   _  _   ___    ___   _  _    ___ 
 |_   _| | __| / __| |_   _|   | _ \ | __| | \| | |   \  |_ _| | \| |  / __|
   | |   | _|  \__ \   | |     |  _/ | _|  | .` | | |) |  | |  | .` | | (_ |
   |_|   |___| |___/   |_|     |_|   |___| |_|\_| |___/  |___| |_|\_|  \___|

Verify user is able to update arrival line and arrival receipt type data before finalizing
-----------------------------------------------------------------------------
]]></system-out>
  </testcase>
  <testcase name="Verify user is able to delete arrival line  And arrival receipt type data before finalizing" classname="Arrivals tab in SMT application for Store Operator user" time="0.106">
    <error type="io.cucumber.junit.UndefinedStepException"><![CDATA[io.cucumber.junit.UndefinedStepException: 
The step 'User is on home page of SMT application' and 53 other step(s) are undefined.
You can implement these steps using the snippet(s) below:

@Given("User is on home page of SMT application")
public void user_is_on_home_page_of_smt_application() {
    // Write code here that turns the phrase above into concrete actions
    throw new io.cucumber.java.PendingException();
}
@Given("User is able to see login button on home page")
public void user_is_able_to_see_login_button_on_home_page() {
    // Write code here that turns the phrase above into concrete actions
    throw new io.cucumber.java.PendingException();
}
@When("User click on login button")
public void user_click_on_login_button() {
    // Write code here that turns the phrase above into concrete actions
    throw new io.cucumber.java.PendingException();
}
@When("User click on Proceed To Login button in {string}")
public void user_click_on_proceed_to_login_button_in(String string) {
    // Write code here that turns the phrase above into concrete actions
    throw new io.cucumber.java.PendingException();
}
@Then("User login as {string}")
public void user_login_as(String string) {
    // Write code here that turns the phrase above into concrete actions
    throw new io.cucumber.java.PendingException();
}
@Then("User click on {string} button")
public void user_click_on_button(String string) {
    // Write code here that turns the phrase above into concrete actions
    throw new io.cucumber.java.PendingException();
}
@Then("User click on {string} tab")
public void user_click_on_tab(String string) {
    // Write code here that turns the phrase above into concrete actions
    throw new io.cucumber.java.PendingException();
}
@Then("User wait for {string} seconds")
public void user_wait_for_seconds(String string) {
    // Write code here that turns the phrase above into concrete actions
    throw new io.cucumber.java.PendingException();
}
@Given("User click on {string} button")
public void user_click_on_button(String string) {
    // Write code here that turns the phrase above into concrete actions
    throw new io.cucumber.java.PendingException();
}
@Then("{string} text is visible")
public void text_is_visible(String string) {
    // Write code here that turns the phrase above into concrete actions
    throw new io.cucumber.java.PendingException();
}
@Then("User select {string} from {string} in {string} tab")
public void user_select_from_in_tab(String string, String string2, String string3) {
    // Write code here that turns the phrase above into concrete actions
    throw new io.cucumber.java.PendingException();
}
@Then("User enter random text in {string}")
public void user_enter_random_text_in(String string) {
    // Write code here that turns the phrase above into concrete actions
    throw new io.cucumber.java.PendingException();
}
@Then("User enter random number in {string}")
public void user_enter_random_number_in(String string) {
    // Write code here that turns the phrase above into concrete actions
    throw new io.cucumber.java.PendingException();
}
@When("User click on {string} button")
public void user_click_on_button(String string) {
    // Write code here that turns the phrase above into concrete actions
    throw new io.cucumber.java.PendingException();
}
@Then("{string} heading is visible")
public void heading_is_visible(String string) {
    // Write code here that turns the phrase above into concrete actions
    throw new io.cucumber.java.PendingException();
}
@Then("User enter {string} in {string}")
public void user_enter_in(String string, String string2) {
    // Write code here that turns the phrase above into concrete actions
    throw new io.cucumber.java.PendingException();
}
@Then("Arrivals line is created successfully")
public void arrivals_line_is_created_successfully() {
    // Write code here that turns the phrase above into concrete actions
    throw new io.cucumber.java.PendingException();
}
@Then("Arrivals line Data is visible in arrival line table to user")
public void arrivals_line_data_is_visible_in_arrival_line_table_to_user() {
    // Write code here that turns the phrase above into concrete actions
    throw new io.cucumber.java.PendingException();
}
@When("Validate arrival state is {string}")
public void validate_arrival_state_is(String string) {
    // Write code here that turns the phrase above into concrete actions
    throw new io.cucumber.java.PendingException();
}
@Then("Arrivals Data is visible in arrivals table to user")
public void arrivals_data_is_visible_in_arrivals_table_to_user() {
    // Write code here that turns the phrase above into concrete actions
    throw new io.cucumber.java.PendingException();
}
@Then("User edit the Arrivals data")
public void user_edit_the_arrivals_data() {
    // Write code here that turns the phrase above into concrete actions
    throw new io.cucumber.java.PendingException();
}
@When("User delete the line in arrival")
public void user_delete_the_line_in_arrival() {
    // Write code here that turns the phrase above into concrete actions
    throw new io.cucumber.java.PendingException();
}
@Then("Arrivals line is deleted successfully")
public void arrivals_line_is_deleted_successfully() {
    // Write code here that turns the phrase above into concrete actions
    throw new io.cucumber.java.PendingException();
}
@Then("Arrivals line Data is not visible in arrival line table to user")
public void arrivals_line_data_is_not_visible_in_arrival_line_table_to_user() {
    // Write code here that turns the phrase above into concrete actions
    throw new io.cucumber.java.PendingException();
}
@When("User delete the Arrivals data")
public void user_delete_the_arrivals_data() {
    // Write code here that turns the phrase above into concrete actions
    throw new io.cucumber.java.PendingException();
}
@Then("Arrivals data is deleted successfully")
public void arrivals_data_is_deleted_successfully() {
    // Write code here that turns the phrase above into concrete actions
    throw new io.cucumber.java.PendingException();
}
@Then("Arrivals Data is not visible in arrivals table to user")
public void arrivals_data_is_not_visible_in_arrivals_table_to_user() {
    // Write code here that turns the phrase above into concrete actions
    throw new io.cucumber.java.PendingException();
}

]]></error>
    <system-out><![CDATA[
Scenario Outline: Verify user is able to delete arrival line  And arrival receipt type data before finalizing &amp#27;[90m# src/test/resources/features/StoreOperator/Arrivals.feature:179&amp#27;[0m
13:58:25.191 [main] INFO  i.c.core.plugin.SerenityReporter - Running feature from file:///C:/Users/Sandeepkumar.Phalke/eclipse-workspace/UNICEF_SerenityBDD_Automation_Framework/src/test/resources/features/StoreOperator/Arrivals.feature
13:58:25.192 [main] INFO   - 
  _____   ___   ___   _____     ___   _____     _     ___   _____   ___   ___  
 |_   _| | __| / __| |_   _|   / __| |_   _|   /_\   | _ \ |_   _| | __| |   \ 
   | |   | _|  \__ \   | |     \__ \   | |    / _ \  |   /   | |   | _|  | |) |
   |_|   |___| |___/   |_|     |___/   |_|   /_/ \_\ |_|_\   |_|   |___| |___/ 

Verify user is able to delete arrival line  And arrival receipt type data before finalizing(arrivals-tab-in-smt-application-for-store-operator-user;verify-user-is-able-to-delete-arrival-line--and-arrival-receipt-type-data-before-finalizing)
--------------------------------------------------------------------------------
  &amp#27;[33mGiven &amp#27;[0m&amp#27;[33mUser is on home page of SMT application&amp#27;[0m
  &amp#27;[36mAnd &amp#27;[0m&amp#27;[36mUser is able to see login button on home page&amp#27;[0m
  &amp#27;[36mWhen &amp#27;[0m&amp#27;[36mUser click on login button&amp#27;[0m
  &amp#27;[36mAnd &amp#27;[0m&amp#27;[36mUser click on Proceed To Login button in "English"&amp#27;[0m
  &amp#27;[36mThen &amp#27;[0m&amp#27;[36mUser login as "Store Operator"&amp#27;[0m
  &amp#27;[36mAnd &amp#27;[0m&amp#27;[36mUser click on "Apply" button&amp#27;[0m
  &amp#27;[36mAnd &amp#27;[0m&amp#27;[36mUser click on "Arrivals" tab&amp#27;[0m
  &amp#27;[36mAnd &amp#27;[0m&amp#27;[36mUser wait for "2" seconds&amp#27;[0m
  &amp#27;[36mGiven &amp#27;[0m&amp#27;[36mUser click on "Log New Arrival" button&amp#27;[0m
  &amp#27;[36mThen &amp#27;[0m&amp#27;[36m"Stock Arrival" text is visible&amp#27;[0m
  &amp#27;[36mAnd &amp#27;[0m&amp#27;[36mUser select "Arrival" from "Receipt Type" in "Arrivals" tab&amp#27;[0m
  &amp#27;[36mAnd &amp#27;[0m&amp#27;[36mUser enter random text in "smtNumber"&amp#27;[0m
  &amp#27;[36mAnd &amp#27;[0m&amp#27;[36mUser enter random number in "shippingReferance"&amp#27;[0m
  &amp#27;[36mAnd &amp#27;[0m&amp#27;[36mUser enter random text in "fundingSource"&amp#27;[0m
  &amp#27;[36mAnd &amp#27;[0m&amp#27;[36mUser select "AUD" from "Currency" in "Arrivals" tab&amp#27;[0m
  &amp#27;[36mAnd &amp#27;[0m&amp#27;[36mUser enter random number in "freightCost"&amp#27;[0m
  &amp#27;[36mWhen &amp#27;[0m&amp#27;[36mUser click on "Add Line to Arrival" button&amp#27;[0m
  &amp#27;[36mThen &amp#27;[0m&amp#27;[36m"Add Product to Arrival" heading is visible&amp#27;[0m
  &amp#27;[36mAnd &amp#27;[0m&amp#27;[36mUser select "Vaccine" from "Product Type" in "Arrivals" tab&amp#27;[0m
  &amp#27;[36mAnd &amp#27;[0m&amp#27;[36mUser select "bOPV" from "Product" in "Arrivals" tab&amp#27;[0m
  &amp#27;[36mAnd &amp#27;[0m&amp#27;[36mUser enter random text in "batchNo"&amp#27;[0m
  &amp#27;[36mAnd &amp#27;[0m&amp#27;[36mUser select "PT ONEJECT INDONESIA" from "Producer" in "Arrivals" tab&amp#27;[0m
  &amp#27;[36mAnd &amp#27;[0m&amp#27;[36mUser select "BIOPOLIO B1/3" from "Commercial Name" in "Arrivals" tab&amp#27;[0m
  &amp#27;[36mAnd &amp#27;[0m&amp#27;[36mUser select "Liquid: ready to use" from "Formulation" in "Arrivals" tab&amp#27;[0m
  &amp#27;[36mAnd &amp#27;[0m&amp#27;[36mUser select "10" from "Presentation" in "Arrivals" tab&amp#27;[0m
  &amp#27;[36mAnd &amp#27;[0m&amp#27;[36mUser select "1.Initial stage" from "VVM Stage" in "Arrivals" tab&amp#27;[0m
  &amp#27;[36mAnd &amp#27;[0m&amp#27;[36mUser enter "20" in "units"&amp#27;[0m
  &amp#27;[36mAnd &amp#27;[0m&amp#27;[36mUser select "Routine" from "Routine or SIA" in "Arrivals" tab&amp#27;[0m
  &amp#27;[36mAnd &amp#27;[0m&amp#27;[36mUser select "Indonesia" from "Origin" in "Arrivals" tab&amp#27;[0m
  &amp#27;[36mAnd &amp#27;[0m&amp#27;[36mUser select "Alarm" from "Shipping/Freeze Indicator" in "Arrivals" tab&amp#27;[0m
  &amp#27;[36mAnd &amp#27;[0m&amp#27;[36mUser enter "20" in "noOfVials"&amp#27;[0m
  &amp#27;[36mAnd &amp#27;[0m&amp#27;[36mUser enter "20" in "totalVolume"&amp#27;[0m
  &amp#27;[36mAnd &amp#27;[0m&amp#27;[36mUser select "Ambient_2022" from "Storage Location" in "Arrivals" tab&amp#27;[0m
  &amp#27;[36mAnd &amp#27;[0m&amp#27;[36mUser enter "1000" in "totalCost"&amp#27;[0m
  &amp#27;[36mAnd &amp#27;[0m&amp#27;[36mUser enter random text in "comments"&amp#27;[0m
  &amp#27;[36mWhen &amp#27;[0m&amp#27;[36mUser click on "Create" button&amp#27;[0m
  &amp#27;[36mAnd &amp#27;[0m&amp#27;[36mUser click on "Continue" button&amp#27;[0m
  &amp#27;[36mThen &amp#27;[0m&amp#27;[36mArrivals line is created successfully&amp#27;[0m
  &amp#27;[36mAnd &amp#27;[0m&amp#27;[36mArrivals line Data is visible in arrival line table to user&amp#27;[0m
  &amp#27;[36mWhen &amp#27;[0m&amp#27;[36mUser click on "Save as draft and go back" button&amp#27;[0m
  &amp#27;[36mAnd &amp#27;[0m&amp#27;[36mUser click on "Yes" button&amp#27;[0m
  &amp#27;[36mAnd &amp#27;[0m&amp#27;[36mValidate arrival state is "Draft"&amp#27;[0m
  &amp#27;[36mThen &amp#27;[0m&amp#27;[36mArrivals Data is visible in arrivals table to user&amp#27;[0m
  &amp#27;[36mAnd &amp#27;[0m&amp#27;[36mUser edit the Arrivals data&amp#27;[0m
  &amp#27;[36mWhen &amp#27;[0m&amp#27;[36mUser delete the line in arrival&amp#27;[0m
  &amp#27;[36mAnd &amp#27;[0m&amp#27;[36mUser click on "Yes" button&amp#27;[0m
  &amp#27;[36mThen &amp#27;[0m&amp#27;[36mArrivals line is deleted successfully&amp#27;[0m
  &amp#27;[36mAnd &amp#27;[0m&amp#27;[36mArrivals line Data is not visible in arrival line table to user&amp#27;[0m
  &amp#27;[36mWhen &amp#27;[0m&amp#27;[36mUser click on "Save as draft and go back" button&amp#27;[0m
  &amp#27;[36mAnd &amp#27;[0m&amp#27;[36mUser click on "Yes" button&amp#27;[0m
  &amp#27;[36mAnd &amp#27;[0m&amp#27;[36mUser delete the Arrivals data&amp#27;[0m
  &amp#27;[36mAnd &amp#27;[0m&amp#27;[36mUser click on "Yes" button&amp#27;[0m
  &amp#27;[36mThen &amp#27;[0m&amp#27;[36mArrivals data is deleted successfully&amp#27;[0m
  &amp#27;[36mAnd &amp#27;[0m&amp#27;[36mArrivals Data is not visible in arrivals table to user&amp#27;[0m
13:58:25.279 [main] INFO   - 
  _____   ___   ___   _____     ___   ___   _  _   ___    ___   _  _    ___ 
 |_   _| | __| / __| |_   _|   | _ \ | __| | \| | |   \  |_ _| | \| |  / __|
   | |   | _|  \__ \   | |     |  _/ | _|  | .` | | |) |  | |  | .` | | (_ |
   |_|   |___| |___/   |_|     |_|   |___| |_|\_| |___/  |___| |_|\_|  \___|

Verify user is able to delete arrival line  And arrival receipt type data before finalizing
-----------------------------------------------------------------------------
]]></system-out>
  </testcase>
  <testcase name="Verify user is able to add issuing line and issuing requisition type data and finalize" classname="Issuing tab in SMT application for Store Operator user" time="0.075">
    <error type="io.cucumber.junit.UndefinedStepException"><![CDATA[io.cucumber.junit.UndefinedStepException: 
The step 'User is on home page of SMT application' and 33 other step(s) are undefined.
You can implement these steps using the snippet(s) below:

@Given("User is on home page of SMT application")
public void user_is_on_home_page_of_smt_application() {
    // Write code here that turns the phrase above into concrete actions
    throw new io.cucumber.java.PendingException();
}
@Given("User is able to see login button on home page")
public void user_is_able_to_see_login_button_on_home_page() {
    // Write code here that turns the phrase above into concrete actions
    throw new io.cucumber.java.PendingException();
}
@When("User click on login button")
public void user_click_on_login_button() {
    // Write code here that turns the phrase above into concrete actions
    throw new io.cucumber.java.PendingException();
}
@When("User click on Proceed To Login button in {string}")
public void user_click_on_proceed_to_login_button_in(String string) {
    // Write code here that turns the phrase above into concrete actions
    throw new io.cucumber.java.PendingException();
}
@Then("User login as {string}")
public void user_login_as(String string) {
    // Write code here that turns the phrase above into concrete actions
    throw new io.cucumber.java.PendingException();
}
@Then("User click on {string} button")
public void user_click_on_button(String string) {
    // Write code here that turns the phrase above into concrete actions
    throw new io.cucumber.java.PendingException();
}
@Then("User click on {string} tab")
public void user_click_on_tab(String string) {
    // Write code here that turns the phrase above into concrete actions
    throw new io.cucumber.java.PendingException();
}
@Then("User wait for {string} seconds")
public void user_wait_for_seconds(String string) {
    // Write code here that turns the phrase above into concrete actions
    throw new io.cucumber.java.PendingException();
}
@Given("User click on {string} button")
public void user_click_on_button(String string) {
    // Write code here that turns the phrase above into concrete actions
    throw new io.cucumber.java.PendingException();
}
@Given("{string} text is visible")
public void text_is_visible(String string) {
    // Write code here that turns the phrase above into concrete actions
    throw new io.cucumber.java.PendingException();
}
@Given("User select {string} from {string} in {string} tab")
public void user_select_from_in_tab(String string, String string2, String string3) {
    // Write code here that turns the phrase above into concrete actions
    throw new io.cucumber.java.PendingException();
}
@Given("User type and select {string} from {string} in {string} tab")
public void user_type_and_select_from_in_tab(String string, String string2, String string3) {
    // Write code here that turns the phrase above into concrete actions
    throw new io.cucumber.java.PendingException();
}
@Given("User enter random text in {string}")
public void user_enter_random_text_in(String string) {
    // Write code here that turns the phrase above into concrete actions
    throw new io.cucumber.java.PendingException();
}
@When("User click on {string} button")
public void user_click_on_button(String string) {
    // Write code here that turns the phrase above into concrete actions
    throw new io.cucumber.java.PendingException();
}
@Then("{string} heading is visible")
public void heading_is_visible(String string) {
[...]
    // Write code here that turns the phrase above into concrete actions
    throw new io.cucumber.java.PendingException();
}
@Then("Storage Data is created successfully")
public void storage_data_is_created_successfully() {
    // Write code here that turns the phrase above into concrete actions
    throw new io.cucumber.java.PendingException();
}
@Then("Storage Data is visible in storage data table to user")
public void storage_data_is_visible_in_storage_data_table_to_user() {
    // Write code here that turns the phrase above into concrete actions
    throw new io.cucumber.java.PendingException();
}
@Then("User click on {string} tab")
public void user_click_on_tab(String string) {
    // Write code here that turns the phrase above into concrete actions
    throw new io.cucumber.java.PendingException();
}
@When("User click on {string} button in templogging tab")
public void user_click_on_button_in_templogging_tab(String string) {
    // Write code here that turns the phrase above into concrete actions
    throw new io.cucumber.java.PendingException();
}
@When("User wait for {string} seconds")
public void user_wait_for_seconds(String string) {
    // Write code here that turns the phrase above into concrete actions
    throw new io.cucumber.java.PendingException();
}
@When("User enter {string} temperature details in table")
public void user_enter_temperature_details_in_table(String string) {
    // Write code here that turns the phrase above into concrete actions
    throw new io.cucumber.java.PendingException();
}
@Then("Temperature logging data is created successfully")
public void temperature_logging_data_is_created_successfully() {
    // Write code here that turns the phrase above into concrete actions
    throw new io.cucumber.java.PendingException();
}
@Then("Temperature and alarm data is visible in table")
public void temperature_and_alarm_data_is_visible_in_table() {
    // Write code here that turns the phrase above into concrete actions
    throw new io.cucumber.java.PendingException();
}

]]></error>
    <system-out><![CDATA[13:58:26.026 [main] INFO  i.c.core.plugin.SerenityReporter - Running feature from file:///C:/Users/Sandeepkumar.Phalke/eclipse-workspace/UNICEF_SerenityBDD_Automation_Framework/src/test/resources/features/StoreOperator/TempLogging.feature
13:58:26.037 [main] INFO   - Test Suite Started: Temperature Logging tab in SMT application for Store Operator user

Scenario Outline: Verify user is able to add details of temperature, alarms and save &amp#27;[90m# src/test/resources/features/StoreOperator/TempLogging.feature:36&amp#27;[0m
13:58:26.055 [main] INFO  i.c.core.plugin.SerenityReporter - Running feature from file:///C:/Users/Sandeepkumar.Phalke/eclipse-workspace/UNICEF_SerenityBDD_Automation_Framework/src/test/resources/features/StoreOperator/TempLogging.feature
13:58:26.056 [main] INFO   - 
  _____   ___   ___   _____     ___   _____     _     ___   _____   ___   ___  
 |_   _| | __| / __| |_   _|   / __| |_   _|   /_\   | _ \ |_   _| | __| |   \ 
   | |   | _|  \__ \   | |     \__ \   | |    / _ \  |   /   | |   | _|  | |) |
   |_|   |___| |___/   |_|     |___/   |_|   /_/ \_\ |_|_\   |_|   |___| |___/ 

Verify user is able to add details of temperature, alarms and save(temperature-logging-tab-in-smt-application-for-store-operator-user;verify-user-is-able-to-add-details-of-temperature--alarms-and-save)
--------------------------------------------------------------------------------
  &amp#27;[33mGiven &amp#27;[0m&amp#27;[33mUser is on home page of SMT application&amp#27;[0m
  &amp#27;[36mAnd &amp#27;[0m&amp#27;[36mUser is able to see login button on home page&amp#27;[0m
  &amp#27;[36mWhen &amp#27;[0m&amp#27;[36mUser click on login button&amp#27;[0m
  &amp#27;[36mAnd &amp#27;[0m&amp#27;[36mUser click on Proceed To Login button in "English"&amp#27;[0m
  &amp#27;[36mThen &amp#27;[0m&amp#27;[36mUser login as "Store Operator"&amp#27;[0m
  &amp#27;[36mAnd &amp#27;[0m&amp#27;[36mUser click on "Apply" button&amp#27;[0m
  &amp#27;[36mAnd &amp#27;[0m&amp#27;[36mUser wait for "5" seconds&amp#27;[0m
  &amp#27;[36mGiven &amp#27;[0m&amp#27;[36mUser click on "Store Data" tab&amp#27;[0m
  &amp#27;[36mAnd &amp#27;[0m&amp#27;[36mUser wait for "2" seconds&amp#27;[0m
  &amp#27;[36mWhen &amp#27;[0m&amp#27;[36mUser click on "Add" button&amp#27;[0m
  &amp#27;[36mThen &amp#27;[0m&amp#27;[36m"Add new storage data" heading is visible&amp#27;[0m
  &amp#27;[36mAnd &amp#27;[0m&amp#27;[36mUser select "Walk In Freezer" from "Equipment category" in "Store Data" tab&amp#27;[0m
  &amp#27;[36mAnd &amp#27;[0m&amp#27;[36mUser select "Haier" from "Supplier" in "Store Data" tab&amp#27;[0m
  &amp#27;[36mAnd &amp#27;[0m&amp#27;[36mUser select "VLS 354A AC" from "Equipment Type/Model" in "Store Data" tab&amp#27;[0m
  &amp#27;[36mAnd &amp#27;[0m&amp#27;[36mUser enter random text in "equipmentName"&amp#27;[0m
  &amp#27;[36mAnd &amp#27;[0m&amp#27;[36mUser select "Functional" from "Status" in "Store Data" tab&amp#27;[0m
  &amp#27;[36mWhen &amp#27;[0m&amp#27;[36mUser click on "Create" button&amp#27;[0m
  &amp#27;[36mThen &amp#27;[0m&amp#27;[36mStorage Data is created successfully&amp#27;[0m
  &amp#27;[36mAnd &amp#27;[0m&amp#27;[36mStorage Data is visible in storage data table to user&amp#27;[0m
  &amp#27;[36mAnd &amp#27;[0m&amp#27;[36mUser click on "Temp Logging" tab&amp#27;[0m
  &amp#27;[36mWhen &amp#27;[0m&amp#27;[36mUser click on "Edit" button in templogging tab&amp#27;[0m
  &amp#27;[36mAnd &amp#27;[0m&amp#27;[36mUser wait for "1" seconds&amp#27;[0m
  &amp#27;[36mAnd &amp#27;[0m&amp#27;[36mUser enter "valid" temperature details in table&amp#27;[0m
  &amp#27;[36mAnd &amp#27;[0m&amp#27;[36mUser click on "Save" button in templogging tab&amp#27;[0m
  &amp#27;[36mThen &amp#27;[0m&amp#27;[36mTemperature logging data is created successfully&amp#27;[0m
  &amp#27;[36mAnd &amp#27;[0m&amp#27;[36mUser wait for "10" seconds&amp#27;[0m
  &amp#27;[36mAnd &amp#27;[0m&amp#27;[36mTemperature and alarm data is visible in table&amp#27;[0m
13:58:26.101 [main] INFO   - 
  _____   ___   ___   _____     ___   ___   _  _   ___    ___   _  _    ___ 
 |_   _| | __| / __| |_   _|   | _ \ | __| | \| | |   \  |_ _| | \| |  / __|
   | |   | _|  \__ \   | |     |  _/ | _|  | .` | | |) |  | |  | .` | | (_ |
   |_|   |___| |___/   |_|     |_|   |___| |_|\_| |___/  |___| |_|\_|  \___|

Verify user is able to add details of temperature, alarms and save
-----------------------------------------------------------------------------
]]></system-out>
  </testcase>
  <testcase name="Verify user is able to update details of temperature, alarms and save" classname="Temperature Logging tab in SMT application for Store Operator user" time="0.023">
    <error type="io.cucumber.junit.UndefinedStepException"><![CDATA[io.cucumber.junit.UndefinedStepException: 
The step 'User is on home page of SMT application' and 15 other step(s) are undefined.
You can implement these steps using the snippet(s) below:

@Given("User is on home page of SMT application")
public void user_is_on_home_page_of_smt_application() {
    // Write code here that turns the phrase above into concrete actions
    throw new io.cucumber.java.PendingException();
}
@Given("User is able to see login button on home page")
public void user_is_able_to_see_login_button_on_home_page() {
    // Write code here that turns the phrase above into concrete actions
    throw new io.cucumber.java.PendingException();
}
@When("User click on login button")
public void user_click_on_login_button() {
    // Write code here that turns the phrase above into concrete actions
    throw new io.cucumber.java.PendingException();
}
@When("User click on Proceed To Login button in {string}")
public void user_click_on_proceed_to_login_button_in(String string) {
    // Write code here that turns the phrase above into concrete actions
    throw new io.cucumber.java.PendingException();
}
@Then("User login as {string}")
public void user_login_as(String string) {
    // Write code here that turns the phrase above into concrete actions
    throw new io.cucumber.java.PendingException();
}
@Then("User click on {string} button")
public void user_click_on_button(String string) {
    // Write code here that turns the phrase above into concrete actions
    throw new io.cucumber.java.PendingException();
}
@Then("User wait for {string} seconds")
public void user_wait_for_seconds(String string) {
    // Write code here that turns the phrase above into concrete actions
    throw new io.cucumber.java.PendingException();
}
@Given("User click on {string} tab")
public void user_click_on_tab(String string) {
    // Write code here that turns the phrase above into concrete actions
    throw new io.cucumber.java.PendingException();
}
@Given("User wait for {string} seconds")
public void user_wait_for_seconds(String string) {
    // Write code here that turns the phrase above into concrete actions
    throw new io.cucumber.java.PendingException();
}
@Given("User click on {string} button in templogging tab")
public void user_click_on_button_in_templogging_tab(String string) {
    // Write code here that turns the phrase above into concrete actions
    throw new io.cucumber.java.PendingException();
}
@Given("User enter {string} temperature details in table")
public void user_enter_temperature_details_in_table(String string) {
    // Write code here that turns the phrase above into concrete actions
    throw new io.cucumber.java.PendingException();
}
@When("User click on {string} button in templogging tab")
public void user_click_on_button_in_templogging_tab(String string) {
    // Write code here that turns the phrase above into concrete actions
    throw new io.cucumber.java.PendingException();
}
@When("User wait for {string} seconds")
public void user_wait_for_seconds(String string) {
    // Write code here that turns the phrase above into concrete actions
    throw new io.cucumber.java.PendingException();
}
@Then("Temperature logging data is created successfully")
public void temperature_logging_data_is_created_successfully() {
    // Write code here that turns the phrase above into concrete actions
    throw new io.cucumber.java.PendingException();
}
@Then("Temperature and alarm data is visible in table")
public void temperature_and_alarm_data_is_visible_in_table() {
    // Write code here that turns the phrase above into concrete actions
    throw new io.cucumber.java.PendingException();
}

]]></error>
    <system-out><![CDATA[
Scenario: Verify user is able to update details of temperature, alarms and save &amp#27;[90m# src/test/resources/features/StoreOperator/TempLogging.feature:38&amp#27;[0m
13:58:26.108 [main] INFO  i.c.core.plugin.SerenityReporter - Running feature from file:///C:/Users/Sandeepkumar.Phalke/eclipse-workspace/UNICEF_SerenityBDD_Automation_Framework/src/test/resources/features/StoreOperator/TempLogging.feature
13:58:26.109 [main] INFO   - 
  _____   ___   ___   _____     ___   _____     _     ___   _____   ___   ___  
 |_   _| | __| / __| |_   _|   / __| |_   _|   /_\   | _ \ |_   _| | __| |   \ 
   | |   | _|  \__ \   | |     \__ \   | |    / _ \  |   /   | |   | _|  | |) |
   |_|   |___| |___/   |_|     |___/   |_|   /_/ \_\ |_|_\   |_|   |___| |___/ 

Verify user is able to update details of temperature, alarms and save(temperature-logging-tab-in-smt-application-for-store-operator-user;verify-user-is-able-to-update-details-of-temperature--alarms-and-save)
--------------------------------------------------------------------------------
  &amp#27;[33mGiven &amp#27;[0m&amp#27;[33mUser is on home page of SMT application&amp#27;[0m
  &amp#27;[36mAnd &amp#27;[0m&amp#27;[36mUser is able to see login button on home page&amp#27;[0m
  &amp#27;[36mWhen &amp#27;[0m&amp#27;[36mUser click on login button&amp#27;[0m
  &amp#27;[36mAnd &amp#27;[0m&amp#27;[36mUser click on Proceed To Login button in "English"&amp#27;[0m
  &amp#27;[36mThen &amp#27;[0m&amp#27;[36mUser login as "Store Operator"&amp#27;[0m
  &amp#27;[36mAnd &amp#27;[0m&amp#27;[36mUser click on "Apply" button&amp#27;[0m
  &amp#27;[36mAnd &amp#27;[0m&amp#27;[36mUser wait for "5" seconds&amp#27;[0m
  &amp#27;[36mGiven &amp#27;[0m&amp#27;[36mUser click on "Temp Logging" tab&amp#27;[0m
  &amp#27;[36mAnd &amp#27;[0m&amp#27;[36mUser wait for "3" seconds&amp#27;[0m
  &amp#27;[36mAnd &amp#27;[0m&amp#27;[36mUser click on "Edit" button in templogging tab&amp#27;[0m
  &amp#27;[36mAnd &amp#27;[0m&amp#27;[36mUser enter "valid" temperature details in table&amp#27;[0m
  &amp#27;[36mWhen &amp#27;[0m&amp#27;[36mUser click on "Save" button in templogging tab&amp#27;[0m
  &amp#27;[36mAnd &amp#27;[0m&amp#27;[36mUser wait for "1" seconds&amp#27;[0m
  &amp#27;[36mThen &amp#27;[0m&amp#27;[36mTemperature logging data is created successfully&amp#27;[0m
  &amp#27;[36mAnd &amp#27;[0m&amp#27;[36mUser wait for "10" seconds&amp#27;[0m
  &amp#27;[36mAnd &amp#27;[0m&amp#27;[36mTemperature and alarm data is visible in table&amp#27;[0m
13:58:26.125 [main] INFO   - 
  _____   ___   ___   _____     ___   ___   _  _   ___    ___   _  _    ___ 
 |_   _| | __| / __| |_   _|   | _ \ | __| | \| | |   \  |_ _| | \| |  / __|
   | |   | _|  \__ \   | |     |  _/ | _|  | .` | | |) |  | |  | .` | | (_ |
   |_|   |___| |___/   |_|     |_|   |___| |_|\_| |___/  |___| |_|\_|  \___|

Verify user is able to update details of temperature, alarms and save
-----------------------------------------------------------------------------
]]></system-out>
  </testcase>
  <testcase name="Verify user is able to cancel details of temperature, alarms" classname="Temperature Logging tab in SMT application for Store Operator user" time="0.026">
    <error type="io.cucumber.junit.UndefinedStepException"><![CDATA[io.cucumber.junit.UndefinedStepException: 
The step 'User is on home page of SMT application' and 13 other step(s) are undefined.
You can implement these steps using the snippet(s) below:

@Given("User is on home page of SMT application")
public void user_is_on_home_page_of_smt_application() {
    // Write code here that turns the phrase above into concrete actions
    throw new io.cucumber.java.PendingException();
}
@Given("User is able to see login button on home page")
public void user_is_able_to_see_login_button_on_home_page() {
    // Write code here that turns the phrase above into concrete actions
    throw new io.cucumber.java.PendingException();
}
@When("User click on login button")
public void user_click_on_login_button() {
    // Write code here that turns the phrase above into concrete actions
    throw new io.cucumber.java.PendingException();
}
@When("User click on Proceed To Login button in {string}")
public void user_click_on_proceed_to_login_button_in(String string) {
    // Write code here that turns the phrase above into concrete actions
    throw new io.cucumber.java.PendingException();
}
@Then("User login as {string}")
public void user_login_as(String string) {
    // Write code here that turns the phrase above into concrete actions
    throw new io.cucumber.java.PendingException();
}
@Then("User click on {string} button")
public void user_click_on_button(String string) {
    // Write code here that turns the phrase above into concrete actions
    throw new io.cucumber.java.PendingException();
}
@Then("User wait for {string} seconds")
public void user_wait_for_seconds(String string) {
    // Write code here that turns the phrase above into concrete actions
    throw new io.cucumber.java.PendingException();
}
@Given("User click on {string} tab")
public void user_click_on_tab(String string) {
    // Write code here that turns the phrase above into concrete actions
    throw new io.cucumber.java.PendingException();
}
@Given("User wait for {string} seconds")
public void user_wait_for_seconds(String string) {
    // Write code here that turns the phrase above into concrete actions
    throw new io.cucumber.java.PendingException();
}
@Given("User click on {string} button in templogging tab")
public void user_click_on_button_in_templogging_tab(String string) {
    // Write code here that turns the phrase above into concrete actions
    throw new io.cucumber.java.PendingException();
}
@Given("User enter {string} temperature details in table")
public void user_enter_temperature_details_in_table(String string) {
    // Write code here that turns the phrase above into concrete actions
    throw new io.cucumber.java.PendingException();
}
@When("User click on {string} button in templogging tab")
public void user_click_on_button_in_templogging_tab(String string) {
    // Write code here that turns the phrase above into concrete actions
    throw new io.cucumber.java.PendingException();
}
@When("User click on {string} button")
public void user_click_on_button(String string) {
    // Write code here that turns the phrase above into concrete actions
    throw new io.cucumber.java.PendingException();
}
@Then("Temperature and alarm data is visible in table")
public void temperature_and_alarm_data_is_visible_in_table() {
    // Write code here that turns the phrase above into concrete actions
    throw new io.cucumber.java.PendingException();
}

]]></error>
    <system-out><![CDATA[
Scenario: Verify user is able to cancel details of temperature, alarms &amp#27;[90m# src/test/resources/features/StoreOperator/TempLogging.feature:49&amp#27;[0m
13:58:26.135 [main] INFO  i.c.core.plugin.SerenityReporter - Running feature from file:///C:/Users/Sandeepkumar.Phalke/eclipse-workspace/UNICEF_SerenityBDD_Automation_Framework/src/test/resources/features/StoreOperator/TempLogging.feature
13:58:26.137 [main] INFO   - 
  _____   ___   ___   _____     ___   _____     _     ___   _____   ___   ___  
 |_   _| | __| / __| |_   _|   / __| |_   _|   /_\   | _ \ |_   _| | __| |   \ 
   | |   | _|  \__ \   | |     \__ \   | |    / _ \  |   /   | |   | _|  | |) |
   |_|   |___| |___/   |_|     |___/   |_|   /_/ \_\ |_|_\   |_|   |___| |___/ 

Verify user is able to cancel details of temperature, alarms(temperature-logging-tab-in-smt-application-for-store-operator-user;verify-user-is-able-to-cancel-details-of-temperature--alarms)
--------------------------------------------------------------------------------
  &amp#27;[33mGiven &amp#27;[0m&amp#27;[33mUser is on home page of SMT application&amp#27;[0m
  &amp#27;[36mAnd &amp#27;[0m&amp#27;[36mUser is able to see login button on home page&amp#27;[0m
  &amp#27;[36mWhen &amp#27;[0m&amp#27;[36mUser click on login button&amp#27;[0m
  &amp#27;[36mAnd &amp#27;[0m&amp#27;[36mUser click on Proceed To Login button in "English"&amp#27;[0m
  &amp#27;[36mThen &amp#27;[0m&amp#27;[36mUser login as "Store Operator"&amp#27;[0m
  &amp#27;[36mAnd &amp#27;[0m&amp#27;[36mUser click on "Apply" button&amp#27;[0m
  &amp#27;[36mAnd &amp#27;[0m&amp#27;[36mUser wait for "5" seconds&amp#27;[0m
  &amp#27;[36mGiven &amp#27;[0m&amp#27;[36mUser click on "Temp Logging" tab&amp#27;[0m
  &amp#27;[36mAnd &amp#27;[0m&amp#27;[36mUser wait for "3" seconds&amp#27;[0m
  &amp#27;[36mAnd &amp#27;[0m&amp#27;[36mUser click on "Edit" button in templogging tab&amp#27;[0m
  &amp#27;[36mAnd &amp#27;[0m&amp#27;[36mUser enter "valid" temperature details in table&amp#27;[0m
  &amp#27;[36mWhen &amp#27;[0m&amp#27;[36mUser click on "Cancel" button in templogging tab&amp#27;[0m
  &amp#27;[36mAnd &amp#27;[0m&amp#27;[36mUser click on "Yes" button&amp#27;[0m
  &amp#27;[36mThen &amp#27;[0m&amp#27;[36mTemperature and alarm data is visible in table&amp#27;[0m
13:58:26.154 [main] INFO   - 
  _____   ___   ___   _____     ___   ___   _  _   ___    ___   _  _    ___ 
 |_   _| | __| / __| |_   _|   | _ \ | __| | \| | |   \  |_ _| | \| |  / __|
   | |   | _|  \__ \   | |     |  _/ | _|  | .` | | |) |  | |  | .` | | (_ |
   |_|   |___| |___/   |_|     |_|   |___| |_|\_| |___/  |___| |_|\_|  \___|

Verify user is able to cancel details of temperature, alarms
-----------------------------------------------------------------------------
]]></system-out>
  </testcase>
</testsuite>