<?xml version="1.0" encoding="UTF-8" standalone="no"?><testsuite errors="0" failures="0" name="Language change in SMT application" skipped="4" tests="4" time="0.3" timestamp="2023-01-06 01:58:24"><testcase name="Change language from English to French"><skipped/></testcase><testcase name="Change language from French to French"><skipped/></testcase><testcase name="Change language from French to English"><skipped/></testcase><testcase name="Change language from English to French and verify sign in Page in french"><skipped/></testcase></testsuite>