<?xml version="1.0" encoding="UTF-8" standalone="no"?><testsuite errors="0" failures="0" name="Physical Count &amp; Adjustments tab in SMT application for Store Operator user" skipped="2" tests="2" time="0.24" timestamp="2023-01-06 01:58:25"><testcase name="Verify user is able to add arrival receipt type data and perform physical count type surplus adjustment"><skipped/></testcase><testcase name="Verify user is able to add arrival receipt type data and perform adjustment type missing adjustment"><skipped/></testcase></testsuite>