<?xml version="1.0" encoding="UTF-8" standalone="no"?><testsuite errors="1" failures="0" name="Reports tab in SMT application for Store Operator user" skipped="0" tests="1" time="63.48" timestamp="2023-01-20 05:35:36"><testcase name="Verify user is able to download all excel report"><error message="element click intercepted: Element &lt;input autocapitalize=&quot;none&quot; autocomplete=&quot;off&quot; autocorrect=&quot;off&quot; id=&quot;react-select-3-input&quot; spellcheck=&quot;false&quot; tabindex=&quot;0&quot; type=&quot;text&quot; aria-autocomplete=&quot;list&quot; value=&quot;&quot; style=&quot;box-sizing: content-box; width: 2px; background: 0px center; border: 0px; font-size: inherit; opacity: 1; outline: 0px; padding: 0px; color: inherit;&quot;&gt; is not clickable at point (693, 190). Other element would receive the click: &lt;div class=&quot; css-1sebr9p-placeholder&quot;&gt;...&lt;/div&gt;&#10;  (Session info: chrome=109.0.5414.75)&#10;Build info: version: '4.6.0', revision: '79f1c02ae20'&#10;System info: os.name: 'Windows 11', os.arch: 'amd64', os.version: '10.0', java.version: '17.0.5'&#10;Driver info: org.openqa.selenium.chrome.ChromeDriver&#10;Command: [10d88d9e4ff20f77599b18cd887159eb, clickElement {id=031aec4e-3ccf-4e48-adde-278a46035fe0}]&#10;Capabilities {acceptInsecureCerts: false, browserName: chrome, browserVersion: 109.0.5414.75, chrome: {chromedriverVersion: 109.0.5414.74 (e7c5703604da..., userDataDir: C:\Users\SANDEE~1.PHA\AppDa...}, goog:chromeOptions: {debuggerAddress: localhost:49157}, networkConnectionEnabled: false, pageLoadStrategy: normal, platformName: WINDOWS, proxy: Proxy(), se:cdp: ws://localhost:49157/devtoo..., se:cdpVersion: 109.0.5414.75, setWindowRect: true, strictFileInteractability: false, timeouts: {implicit: 0, pageLoad: 300000, script: 30000}, unhandledPromptBehavior: dismiss and notify, webauthn:extension:credBlob: true, webauthn:extension:largeBlob: true, webauthn:virtualAuthenticators: true}&#10;Element: [[ChromeDriver: chrome on WINDOWS (10d88d9e4ff20f77599b18cd887159eb)] -&gt; xpath: //input[@spellcheck='false']]&#10;Session ID: 10d88d9e4ff20f77599b18cd887159eb&#10;Build info: version: '4.6.0', revision: '79f1c02ae20'&#10;System info: os.name: 'Windows 11', os.arch: 'amd64', os.version: '10.0', java.version: '17.0.5'&#10;Driver info: driver.version: unknown" type="org.openqa.selenium.ElementClickInterceptedException">element click intercepted: Element &lt;input autocapitalize="none" autocomplete="off" autocorrect="off" id="react-select-3-input" spellcheck="false" tabindex="0" type="text" aria-autocomplete="list" value="" style="box-sizing: content-box; width: 2px; background: 0px center; border: 0px; font-size: inherit; opacity: 1; outline: 0px; padding: 0px; color: inherit;"&gt; is not clickable at point (693, 190). Other element would receive the click: &lt;div class=" css-1sebr9p-placeholder"&gt;...&lt;/div&gt;
  (Session info: chrome=109.0.5414.75)
Build info: version: '4.6.0', revision: '79f1c02ae20'
System info: os.name: 'Windows 11', os.arch: 'amd64', os.version: '10.0', java.version: '17.0.5'
Driver info: org.openqa.selenium.chrome.ChromeDriver
Command: [10d88d9e4ff20f77599b18cd887159eb, clickElement {id=031aec4e-3ccf-4e48-adde-278a46035fe0}]
Capabilities {acceptInsecureCerts: false, browserName: chrome, browserVersion: 109.0.5414.75, chrome: {chromedriverVersion: 109.0.5414.74 (e7c5703604da..., userDataDir: C:\Users\SANDEE~1.PHA\AppDa...}, goog:chromeOptions: {debuggerAddress: localhost:49157}, networkConnectionEnabled: false, pageLoadStrategy: normal, platformName: WINDOWS, proxy: Proxy(), se:cdp: ws://localhost:49157/devtoo..., se:cdpVersion: 109.0.5414.75, setWindowRect: true, strictFileInteractability: false, timeouts: {implicit: 0, pageLoad: 300000, script: 30000}, unhandledPromptBehavior: dismiss and notify, webauthn:extension:credBlob: true, webauthn:extension:largeBlob: true, webauthn:virtualAuthenticators: true}
Element: [[ChromeDriver: chrome on WINDOWS (10d88d9e4ff20f77599b18cd887159eb)] -&gt; xpath: //input[@spellcheck='false']]
Session ID: 10d88d9e4ff20f77599b18cd887159eb
Build info: version: '4.6.0', revision: '79f1c02ae20'
System info: os.name: 'Windows 11', os.arch: 'amd64', os.version: '10.0', java.version: '17.0.5'
Driver info: driver.version: unknown</error><system-err>element click intercepted: Element &lt;input autocapitalize="none" autocomplete="off" autocorrect="off" id="react-select-3-input" spellcheck="false" tabindex="0" type="text" aria-autocomplete="list" value="" style="box-sizing: content-box; width: 2px; background: 0px center; border: 0px; font-size: inherit; opacity: 1; outline: 0px; padding: 0px; color: inherit;"&gt; is not clickable at point (693, 190). Other element would receive the click: &lt;div class=" css-1sebr9p-placeholder"&gt;...&lt;/div&gt;
  (Session info: chrome=109.0.5414.75)
Build info: version: '4.6.0', revision: '79f1c02ae20'
System info: os.name: 'Windows 11', os.arch: 'amd64', os.version: '10.0', java.version: '17.0.5'
Driver info: org.openqa.selenium.chrome.ChromeDriver
Command: [10d88d9e4ff20f77599b18cd887159eb, clickElement {id=031aec4e-3ccf-4e48-adde-278a46035fe0}]
Capabilities {acceptInsecureCerts: false, browserName: chrome, browserVersion: 109.0.5414.75, chrome: {chromedriverVersion: 109.0.5414.74 (e7c5703604da..., userDataDir: C:\Users\SANDEE~1.PHA\AppDa...}, goog:chromeOptions: {debuggerAddress: localhost:49157}, networkConnectionEnabled: false, pageLoadStrategy: normal, platformName: WINDOWS, proxy: Proxy(), se:cdp: ws://localhost:49157/devtoo..., se:cdpVersion: 109.0.5414.75, setWindowRect: true, strictFileInteractability: false, timeouts: {implicit: 0, pageLoad: 300000, script: 30000}, unhandledPromptBehavior: dismiss and notify, webauthn:extension:credBlob: true, webauthn:extension:largeBlob: true, webauthn:virtualAuthenticators: true}
Element: [[ChromeDriver: chrome on WINDOWS (10d88d9e4ff20f77599b18cd887159eb)] -&gt; xpath: //input[@spellcheck='false']]
Session ID: 10d88d9e4ff20f77599b18cd887159eb
Build info: version: '4.6.0', revision: '79f1c02ae20'
System info: os.name: 'Windows 11', os.arch: 'amd64', os.version: '10.0', java.version: '17.0.5'
Driver info: driver.version: unknown&#13;
pages.CommonPage.typeAndSelectValueFromDropdownWithInput(CommonPage.java:237)&#13;
stepdefinitions.CommonDefinitions.user_type_and_select_from(CommonDefinitions.java:144)&#13;
✽.User type and select "Vaccine Routine" from "Product Category" in "Reports" tab(file:///C:/Users/Sandeepkumar.Phalke/eclipse-workspace/UNICEF_SerenityBDD_Automation_Framework/src/test/resources/features/StoreOperator/Reports.feature:67)&#13;
</system-err></testcase></testsuite>