<?xml version="1.0" encoding="UTF-8" standalone="no"?><testsuite errors="0" failures="0" name="Issuing tab in SMT application for Store Operator user" skipped="3" tests="3" time="0.2" timestamp="2023-01-06 01:58:25"><testcase name="Verify user is able to add issuing line and issuing requisition type data and finalize"><skipped/></testcase><testcase name="Verify user is able to edit issuing line and issuing requisition type data before finalizing"><skipped/></testcase><testcase name="Verify user is able to delete issuing line and delete issuing requisition type data before finalizing"><skipped/></testcase></testsuite>