<?xml version="1.0" encoding="UTF-8" standalone="no"?><testsuite errors="0" failures="1" name="Issuing tab in SMT application for Store Operator user" skipped="0" tests="1" time="81.76" timestamp="2023-02-01 11:28:37"><testcase name="Verify user is able to delete issuing line and delete issuing requisition type data before finalizing"><failure message="expected:&lt;[Draft]&gt; but was:&lt;[Complete]&gt;" type="java.lang.AssertionError">expected:&lt;[Draft]&gt; but was:&lt;[Complete]&gt;</failure><system-err>expected:&lt;[Draft]&gt; but was:&lt;[Complete]&gt;&#13;
pages.StoreOperator.IssuingPage.validateStateOfIssuingEntry(IssuingPage.java:79)&#13;
stepdefinitions.StoreOperator.IssuingDefinition.validate_issuing_state_is(IssuingDefinition.java:80)&#13;
✽.Validate issuing state is "Draft"(file:///C:/Users/Sandeepkumar.Phalke/eclipse-workspace/UNICEF_SerenityBDD_Automation_Framework/src/test/resources/features/StoreOperator/Issuing.feature:127)&#13;
</system-err></testcase></testsuite>