<?xml version="1.0" encoding="UTF-8" standalone="no"?><testsuite errors="0" failures="0" name="Issuing tab in SMT application for Store Operator user" skipped="0" tests="3" time="83.57" timestamp="2023-01-03 03:43:44"><testcase name="Verify user is able to add issuing line and issuing requisition type data and finalize"/><testcase name="Verify user is able to edit issuing line and issuing requisition type data before finalizing"/><testcase name="Verify user is able to delete issuing line and delete issuing requisition type data before finalizing"/></testsuite>