<?xml version="1.0" encoding="UTF-8" standalone="no"?><testsuite errors="0" failures="0" name="Temperature Logging tab in SMT application for Store Operator user" skipped="3" tests="3" time="0.08" timestamp="2023-01-06 01:58:26"><testcase name="Verify user is able to add details of temperature, alarms and save"><skipped/></testcase><testcase name="Verify user is able to update details of temperature, alarms and save"><skipped/></testcase><testcase name="Verify user is able to cancel details of temperature, alarms"><skipped/></testcase></testsuite>