<?xml version="1.0" encoding="UTF-8" standalone="no"?><testsuite errors="0" failures="0" name="Programme Data tab in SMT application for Country Admin user" skipped="0" tests="9" time="315.63" timestamp="2023-01-31 09:21:54"><testcase name="Verify user is able to add Routine Vaccine"/><testcase name="Verify user is able to edit Routine Vaccine"/><testcase name="Verify user is able to delete Routine Vaccine"/><testcase name="Verify user is able to add Supplementary Vaccine"/><testcase name="Verify user is able to edit Supplementary Vaccine"/><testcase name="Verify user is able to delete Supplementary Vaccine"/><testcase name="Verify user is able to add child survival intervention"/><testcase name="Verify user is able to edit child survival intervention"/><testcase name="Verify user is able to delete child survival intervention"/></testsuite>