<?xml version="1.0" encoding="UTF-8" standalone="no"?><testsuite errors="0" failures="0" name="Arrivals tab in SMT application for Store Operator user" skipped="0" tests="3" time="188.32" timestamp="2023-01-02 04:52:15"><testcase name="Verify user is able to add arrival line and arrival receipt type data and finalize it"/><testcase name="Verify user is able to update arrival line and arrival receipt type data before finalizing"/><testcase name="Verify user is able to delete arrival line  And arrival receipt type data before finalizing"/></testsuite>