<?xml version="1.0" encoding="UTF-8" standalone="no"?><testsuite errors="1" failures="0" name="Arrivals tab in SMT application for Store Operator user" skipped="0" tests="3" time="216.44" timestamp="2023-01-31 10:25:44"><testcase name="Verify user is able to add arrival line and arrival receipt type data and finalize it"/><testcase name="Verify user is able to update arrival line and arrival receipt type data before finalizing"><error message="element click intercepted: Element &lt;input aria-invalid=&quot;false&quot; name=&quot;totalCost&quot; type=&quot;text&quot; maxlength=&quot;8&quot; class=&quot;MuiInputBase-input MuiInput-input&quot; value=&quot;&quot;&gt; is not clickable at point (1136, 473). Other element would receive the click: &lt;div aria-hidden=&quot;true&quot; style=&quot;z-index: -1; position: fixed; inset: 0px; background-color: transparent; -webkit-tap-highlight-color: transparent;&quot;&gt;&lt;/div&gt;&#10;  (Session info: chrome=109.0.5414.75)&#10;Build info: version: '4.6.0', revision: '79f1c02ae20'&#10;System info: os.name: 'Windows 11', os.arch: 'amd64', os.version: '10.0', java.version: '1.8.0_341'&#10;Driver info: org.openqa.selenium.chrome.ChromeDriver&#10;Command: [4a3589023108c60aa4d8e1549b91ed21, clickElement {id=97b3983b-4a05-48b0-823f-c59bb325ffed}]&#10;Capabilities {acceptInsecureCerts: false, browserName: chrome, browserVersion: 109.0.5414.75, chrome: {chromedriverVersion: 109.0.5414.74 (e7c5703604da..., userDataDir: C:\Users\SANDEE~1.PHA\AppDa...}, goog:chromeOptions: {debuggerAddress: localhost:53969}, networkConnectionEnabled: false, pageLoadStrategy: normal, platformName: WINDOWS, proxy: Proxy(), se:cdp: ws://localhost:53969/devtoo..., se:cdpVersion: 109.0.5414.75, setWindowRect: true, strictFileInteractability: false, timeouts: {implicit: 0, pageLoad: 300000, script: 30000}, unhandledPromptBehavior: dismiss and notify, webauthn:extension:credBlob: true, webauthn:extension:largeBlob: true, webauthn:virtualAuthenticators: true}&#10;Element: [[ChromeDriver: chrome on WINDOWS (4a3589023108c60aa4d8e1549b91ed21)] -&gt; xpath: //input[@name='totalCost']]&#10;Session ID: 4a3589023108c60aa4d8e1549b91ed21&#10;Build info: version: '4.6.0', revision: '79f1c02ae20'&#10;System info: os.name: 'Windows 11', os.arch: 'amd64', os.version: '10.0', java.version: '1.8.0_341'&#10;Driver info: driver.version: unknown" type="org.openqa.selenium.ElementClickInterceptedException">element click intercepted: Element &lt;input aria-invalid="false" name="totalCost" type="text" maxlength="8" class="MuiInputBase-input MuiInput-input" value=""&gt; is not clickable at point (1136, 473). Other element would receive the click: &lt;div aria-hidden="true" style="z-index: -1; position: fixed; inset: 0px; background-color: transparent; -webkit-tap-highlight-color: transparent;"&gt;&lt;/div&gt;
  (Session info: chrome=109.0.5414.75)
Build info: version: '4.6.0', revision: '79f1c02ae20'
System info: os.name: 'Windows 11', os.arch: 'amd64', os.version: '10.0', java.version: '1.8.0_341'
Driver info: org.openqa.selenium.chrome.ChromeDriver
Command: [4a3589023108c60aa4d8e1549b91ed21, clickElement {id=97b3983b-4a05-48b0-823f-c59bb325ffed}]
Capabilities {acceptInsecureCerts: false, browserName: chrome, browserVersion: 109.0.5414.75, chrome: {chromedriverVersion: 109.0.5414.74 (e7c5703604da..., userDataDir: C:\Users\SANDEE~1.PHA\AppDa...}, goog:chromeOptions: {debuggerAddress: localhost:53969}, networkConnectionEnabled: false, pageLoadStrategy: normal, platformName: WINDOWS, proxy: Proxy(), se:cdp: ws://localhost:53969/devtoo..., se:cdpVersion: 109.0.5414.75, setWindowRect: true, strictFileInteractability: false, timeouts: {implicit: 0, pageLoad: 300000, script: 30000}, unhandledPromptBehavior: dismiss and notify, webauthn:extension:credBlob: true, webauthn:extension:largeBlob: true, webauthn:virtualAuthenticators: true}
Element: [[ChromeDriver: chrome on WINDOWS (4a3589023108c60aa4d8e1549b91ed21)] -&gt; xpath: //input[@name='totalCost']]
Session ID: 4a3589023108c60aa4d8e1549b91ed21
Build info: version: '4.6.0', revision: '79f1c02ae20'
System info: os.name: 'Windows 11', os.arch: 'amd64', os.version: '10.0', java.version: '1.8.0_341'
Driver info: driver.version: unknown</error><system-err>element click intercepted: Element &lt;input aria-invalid="false" name="totalCost" type="text" maxlength="8" class="MuiInputBase-input MuiInput-input" value=""&gt; is not clickable at point (1136, 473). Other element would receive the click: &lt;div aria-hidden="true" style="z-index: -1; position: fixed; inset: 0px; background-color: transparent; -webkit-tap-highlight-color: transparent;"&gt;&lt;/div&gt;
  (Session info: chrome=109.0.5414.75)
Build info: version: '4.6.0', revision: '79f1c02ae20'
System info: os.name: 'Windows 11', os.arch: 'amd64', os.version: '10.0', java.version: '1.8.0_341'
Driver info: org.openqa.selenium.chrome.ChromeDriver
Command: [4a3589023108c60aa4d8e1549b91ed21, clickElement {id=97b3983b-4a05-48b0-823f-c59bb325ffed}]
Capabilities {acceptInsecureCerts: false, browserName: chrome, browserVersion: 109.0.5414.75, chrome: {chromedriverVersion: 109.0.5414.74 (e7c5703604da..., userDataDir: C:\Users\SANDEE~1.PHA\AppDa...}, goog:chromeOptions: {debuggerAddress: localhost:53969}, networkConnectionEnabled: false, pageLoadStrategy: normal, platformName: WINDOWS, proxy: Proxy(), se:cdp: ws://localhost:53969/devtoo..., se:cdpVersion: 109.0.5414.75, setWindowRect: true, strictFileInteractability: false, timeouts: {implicit: 0, pageLoad: 300000, script: 30000}, unhandledPromptBehavior: dismiss and notify, webauthn:extension:credBlob: true, webauthn:extension:largeBlob: true, webauthn:virtualAuthenticators: true}
Element: [[ChromeDriver: chrome on WINDOWS (4a3589023108c60aa4d8e1549b91ed21)] -&gt; xpath: //input[@name='totalCost']]
Session ID: 4a3589023108c60aa4d8e1549b91ed21
Build info: version: '4.6.0', revision: '79f1c02ae20'
System info: os.name: 'Windows 11', os.arch: 'amd64', os.version: '10.0', java.version: '1.8.0_341'
Driver info: driver.version: unknown&#13;
pages.CommonPage.enterTextInTextbox(CommonPage.java:192)&#13;
stepdefinitions.CommonDefinitions.user_enter_in(CommonDefinitions.java:113)&#13;
✽.User enter "1000" in "totalCost"(file:///C:/Users/Sandeepkumar.Phalke/eclipse-workspace/UNICEF_SerenityBDD_Automation_Framework/src/test/resources/features/StoreOperator/Arrivals.feature:81)&#13;
</system-err></testcase><testcase name="Verify user is able to delete arrival line  And arrival receipt type data before finalizing"/></testsuite>